[08-May-2018 01:52:41 UTC] PHP Notice:  Array to string conversion in C:\Desenvolvimento\gerenciador-financas\vendor\robmorgan\phinx\src\Phinx\Db\Adapter\PdoAdapter.php on line 392
[08-May-2018 16:12:19 UTC] PHP Fatal error:  Uncaught Error: Class 'GERENFin\Plugins\ServerRquestFactory' not found in C:\Desenvolvimento\gerenciador-financas\src\Plugins\RoutePlugin.php:37
Stack trace:
#0 C:\Desenvolvimento\gerenciador-financas\src\Plugins\RoutePlugin.php(23): GERENFin\Plugins\RoutePlugin->getRequest()
#1 C:\Desenvolvimento\gerenciador-financas\src\Application.php(39): GERENFin\Plugins\RoutePlugin->register(Object(GERENFin\ServiceContainer))
#2 C:\Desenvolvimento\gerenciador-financas\public\index.php(12): GERENFin\Application->plugin(Object(GERENFin\Plugins\RoutePlugin))
#3 {main}
  thrown in C:\Desenvolvimento\gerenciador-financas\src\Plugins\RoutePlugin.php on line 37
[08-May-2018 16:13:30 UTC] PHP Fatal error:  Uncaught Error: Call to a member function get() on null in C:\Desenvolvimento\gerenciador-financas\src\Application.php:45
Stack trace:
#0 C:\Desenvolvimento\gerenciador-financas\public\index.php(16): GERENFin\Application->get('/', Object(Closure))
#1 {main}
  thrown in C:\Desenvolvimento\gerenciador-financas\src\Application.php on line 45
[08-May-2018 16:14:34 UTC] PHP Fatal error:  Uncaught Error: Call to a member function get() on null in C:\Desenvolvimento\gerenciador-financas\src\Application.php:45
Stack trace:
#0 C:\Desenvolvimento\gerenciador-financas\public\index.php(16): GERENFin\Application->get('/', Object(Closure))
#1 {main}
  thrown in C:\Desenvolvimento\gerenciador-financas\src\Application.php on line 45
[08-May-2018 16:15:52 UTC] PHP Fatal error:  Uncaught Error: Call to a member function get() on null in C:\Desenvolvimento\gerenciador-financas\src\Application.php:45
Stack trace:
#0 C:\Desenvolvimento\gerenciador-financas\public\index.php(16): GERENFin\Application->get('/', Object(Closure))
#1 {main}
  thrown in C:\Desenvolvimento\gerenciador-financas\src\Application.php on line 45
[08-May-2018 16:15:54 UTC] PHP Fatal error:  Uncaught Error: Call to a member function get() on null in C:\Desenvolvimento\gerenciador-financas\src\Application.php:45
Stack trace:
#0 C:\Desenvolvimento\gerenciador-financas\public\index.php(16): GERENFin\Application->get('/', Object(Closure))
#1 {main}
  thrown in C:\Desenvolvimento\gerenciador-financas\src\Application.php on line 45
[08-May-2018 16:16:18 UTC] PHP Fatal error:  Uncaught Error: Call to a member function get() on null in C:\Desenvolvimento\gerenciador-financas\src\Application.php:45
Stack trace:
#0 C:\Desenvolvimento\gerenciador-financas\public\index.php(16): GERENFin\Application->get('/', Object(Closure))
#1 {main}
  thrown in C:\Desenvolvimento\gerenciador-financas\src\Application.php on line 45
[08-May-2018 16:16:19 UTC] PHP Fatal error:  Uncaught Error: Call to a member function get() on null in C:\Desenvolvimento\gerenciador-financas\src\Application.php:45
Stack trace:
#0 C:\Desenvolvimento\gerenciador-financas\public\index.php(16): GERENFin\Application->get('/', Object(Closure))
#1 {main}
  thrown in C:\Desenvolvimento\gerenciador-financas\src\Application.php on line 45
[08-May-2018 16:18:06 UTC] PHP Fatal error:  Uncaught Error: Call to a member function get() on null in C:\Desenvolvimento\gerenciador-financas\src\Application.php:45
Stack trace:
#0 C:\Desenvolvimento\gerenciador-financas\public\index.php(16): GERENFin\Application->get('/home', Object(Closure))
#1 {main}
  thrown in C:\Desenvolvimento\gerenciador-financas\src\Application.php on line 45
[08-May-2018 16:18:13 UTC] PHP Fatal error:  Uncaught Error: Call to a member function get() on null in C:\Desenvolvimento\gerenciador-financas\src\Application.php:45
Stack trace:
#0 C:\Desenvolvimento\gerenciador-financas\public\index.php(16): GERENFin\Application->get('/home', Object(Closure))
#1 {main}
  thrown in C:\Desenvolvimento\gerenciador-financas\src\Application.php on line 45
[08-May-2018 16:18:37 UTC] PHP Fatal error:  Uncaught Error: Class 'Application' not found in C:\Desenvolvimento\gerenciador-financas\public\index.php:10
Stack trace:
#0 {main}
  thrown in C:\Desenvolvimento\gerenciador-financas\public\index.php on line 10
[08-May-2018 16:18:45 UTC] PHP Fatal error:  Uncaught Error: Call to a member function get() on null in C:\Desenvolvimento\gerenciador-financas\src\Application.php:45
Stack trace:
#0 C:\Desenvolvimento\gerenciador-financas\public\index.php(16): GERENFin\Application->get('/home', Object(Closure))
#1 {main}
  thrown in C:\Desenvolvimento\gerenciador-financas\src\Application.php on line 45
[08-May-2018 19:14:34 UTC] PHP Fatal error:  Uncaught Error: Call to a member function get() on null in C:\Desenvolvimento\gerenciador-financas\src\Application.php:45
Stack trace:
#0 C:\Desenvolvimento\gerenciador-financas\public\index.php(16): GERENFin\Application->get('/home', Object(Closure))
#1 {main}
  thrown in C:\Desenvolvimento\gerenciador-financas\src\Application.php on line 45
[08-May-2018 19:14:52 UTC] PHP Fatal error:  Uncaught Error: Call to a member function get() on null in C:\Desenvolvimento\gerenciador-financas\src\Application.php:45
Stack trace:
#0 C:\Desenvolvimento\gerenciador-financas\public\index.php(16): GERENFin\Application->get('/', Object(Closure))
#1 {main}
  thrown in C:\Desenvolvimento\gerenciador-financas\src\Application.php on line 45
[08-May-2018 19:19:14 UTC] PHP Fatal error:  Uncaught Error: Call to a member function get() on null in C:\Desenvolvimento\gerenciador-financas\src\Application.php:45
Stack trace:
#0 C:\Desenvolvimento\gerenciador-financas\public\index.php(16): GERENFin\Application->get('/', Object(Closure))
#1 {main}
  thrown in C:\Desenvolvimento\gerenciador-financas\src\Application.php on line 45
[08-May-2018 19:22:10 UTC] PHP Fatal error:  Uncaught Error: Call to a member function get() on null in C:\Desenvolvimento\gerenciador-financas\src\Application.php:45
Stack trace:
#0 C:\Desenvolvimento\gerenciador-financas\public\index.php(16): GERENFin\Application->get('/', Object(Closure))
#1 {main}
  thrown in C:\Desenvolvimento\gerenciador-financas\src\Application.php on line 45
[08-May-2018 19:25:02 UTC] PHP Fatal error:  Uncaught Error: Call to a member function get() on null in C:\Desenvolvimento\gerenciador-financas\src\Application.php:45
Stack trace:
#0 C:\Desenvolvimento\gerenciador-financas\public\index.php(16): GERENFin\Application->get('/', Object(Closure))
#1 {main}
  thrown in C:\Desenvolvimento\gerenciador-financas\src\Application.php on line 45
[08-May-2018 19:25:05 UTC] PHP Fatal error:  Uncaught Error: Call to a member function get() on null in C:\Desenvolvimento\gerenciador-financas\src\Application.php:45
Stack trace:
#0 C:\Desenvolvimento\gerenciador-financas\public\index.php(16): GERENFin\Application->get('/', Object(Closure))
#1 {main}
  thrown in C:\Desenvolvimento\gerenciador-financas\src\Application.php on line 45
[08-May-2018 19:25:14 UTC] PHP Fatal error:  Uncaught Error: Call to a member function get() on null in C:\Desenvolvimento\gerenciador-financas\src\Application.php:45
Stack trace:
#0 C:\Desenvolvimento\gerenciador-financas\public\index.php(16): GERENFin\Application->get('/', Object(Closure))
#1 {main}
  thrown in C:\Desenvolvimento\gerenciador-financas\src\Application.php on line 45
[08-May-2018 19:25:17 UTC] PHP Fatal error:  Uncaught Error: Call to a member function get() on null in C:\Desenvolvimento\gerenciador-financas\src\Application.php:45
Stack trace:
#0 C:\Desenvolvimento\gerenciador-financas\public\index.php(16): GERENFin\Application->get('/', Object(Closure))
#1 {main}
  thrown in C:\Desenvolvimento\gerenciador-financas\src\Application.php on line 45
[08-May-2018 19:26:15 UTC] PHP Fatal error:  Uncaught Error: Call to a member function get() on null in C:\Desenvolvimento\gerenciador-financas\src\Application.php:45
Stack trace:
#0 C:\Desenvolvimento\gerenciador-financas\public\index.php(16): GERENFin\Application->get('/', Object(Closure))
#1 {main}
  thrown in C:\Desenvolvimento\gerenciador-financas\src\Application.php on line 45
[08-May-2018 19:26:52 UTC] PHP Fatal error:  Uncaught Error: Call to a member function get() on null in C:\Desenvolvimento\gerenciador-financas\src\Application.php:45
Stack trace:
#0 C:\Desenvolvimento\gerenciador-financas\public\index.php(16): GERENFin\Application->get('/', Object(Closure))
#1 {main}
  thrown in C:\Desenvolvimento\gerenciador-financas\src\Application.php on line 45
[08-May-2018 19:26:56 UTC] PHP Fatal error:  Uncaught Error: Call to a member function get() on null in C:\Desenvolvimento\gerenciador-financas\src\Application.php:45
Stack trace:
#0 C:\Desenvolvimento\gerenciador-financas\public\index.php(16): GERENFin\Application->get('/', Object(Closure))
#1 {main}
  thrown in C:\Desenvolvimento\gerenciador-financas\src\Application.php on line 45
[08-May-2018 19:27:28 UTC] PHP Fatal error:  Uncaught Error: Call to a member function get() on null in C:\Desenvolvimento\gerenciador-financas\src\Application.php:45
Stack trace:
#0 C:\Desenvolvimento\gerenciador-financas\public\index.php(16): GERENFin\Application->get('/', Object(Closure))
#1 {main}
  thrown in C:\Desenvolvimento\gerenciador-financas\src\Application.php on line 45
[09-May-2018 15:05:02 UTC] PHP Notice:  Undefined variable: resulta in C:\Desenvolvimento\PDF-PHP\generate.php on line 17
[09-May-2018 15:14:37 UTC] PHP Fatal error:  Uncaught Error: Class 'Dompdf' not found in C:\Desenvolvimento\PDF-PHP\generate.php:7
Stack trace:
#0 {main}
  thrown in C:\Desenvolvimento\PDF-PHP\generate.php on line 7
[09-May-2018 15:14:52 UTC] PHP Fatal error:  Uncaught Error: Class 'Dompdf' not found in C:\Desenvolvimento\PDF-PHP\generate.php:7
Stack trace:
#0 {main}
  thrown in C:\Desenvolvimento\PDF-PHP\generate.php on line 7
[09-May-2018 15:15:14 UTC] PHP Fatal error:  Uncaught Error: Class 'Dompdf' not found in C:\Desenvolvimento\PDF-PHP\generate.php:9
Stack trace:
#0 {main}
  thrown in C:\Desenvolvimento\PDF-PHP\generate.php on line 9
[09-May-2018 15:15:14 UTC] PHP Fatal error:  Uncaught Error: Class 'Dompdf' not found in C:\Desenvolvimento\PDF-PHP\generate.php:9
Stack trace:
#0 {main}
  thrown in C:\Desenvolvimento\PDF-PHP\generate.php on line 9
[09-May-2018 15:15:15 UTC] PHP Fatal error:  Uncaught Error: Class 'Dompdf' not found in C:\Desenvolvimento\PDF-PHP\generate.php:9
Stack trace:
#0 {main}
  thrown in C:\Desenvolvimento\PDF-PHP\generate.php on line 9
[10-May-2018 12:05:30 UTC] PHP Notice:  Trying to get property 'handler' of non-object in C:\Desenvolvimento\gerenciador-financas\src\Application.php on line 53
[10-May-2018 12:05:31 UTC] PHP Fatal error:  Uncaught Error: Function name must be a string in C:\Desenvolvimento\gerenciador-financas\src\Application.php:54
Stack trace:
#0 C:\Desenvolvimento\gerenciador-financas\public\index.php(22): GERENFin\Application->start()
#1 {main}
  thrown in C:\Desenvolvimento\gerenciador-financas\src\Application.php on line 54
[10-May-2018 12:06:02 UTC] PHP Notice:  Trying to get property 'handler' of non-object in C:\Desenvolvimento\gerenciador-financas\src\Application.php on line 53
[10-May-2018 12:06:02 UTC] PHP Fatal error:  Uncaught Error: Function name must be a string in C:\Desenvolvimento\gerenciador-financas\src\Application.php:54
Stack trace:
#0 C:\Desenvolvimento\gerenciador-financas\public\index.php(22): GERENFin\Application->start()
#1 {main}
  thrown in C:\Desenvolvimento\gerenciador-financas\src\Application.php on line 54
[10-May-2018 12:06:21 UTC] PHP Fatal error:  Uncaught Error: Call to a member function handler() on null in C:\Desenvolvimento\gerenciador-financas\src\Application.php:53
Stack trace:
#0 C:\Desenvolvimento\gerenciador-financas\public\index.php(18): GERENFin\Application->start()
#1 {main}
  thrown in C:\Desenvolvimento\gerenciador-financas\src\Application.php on line 53
[10-May-2018 12:10:03 UTC] PHP Notice:  Undefined property: GERENFin\Application::$_serviceContainer in C:\Desenvolvimento\gerenciador-financas\src\Application.php on line 25
[10-May-2018 12:10:03 UTC] PHP Fatal error:  Uncaught Error: Call to a member function get() on null in C:\Desenvolvimento\gerenciador-financas\src\Application.php:25
Stack trace:
#0 C:\Desenvolvimento\gerenciador-financas\src\Application.php(44): GERENFin\Application->service('routing')
#1 C:\Desenvolvimento\gerenciador-financas\public\index.php(16): GERENFin\Application->get('/', Object(Closure))
#2 {main}
  thrown in C:\Desenvolvimento\gerenciador-financas\src\Application.php on line 25
[10-May-2018 12:10:28 UTC] PHP Notice:  Trying to get property 'handler' of non-object in C:\Desenvolvimento\gerenciador-financas\src\Application.php on line 53
[10-May-2018 12:10:28 UTC] PHP Fatal error:  Uncaught Error: Function name must be a string in C:\Desenvolvimento\gerenciador-financas\src\Application.php:54
Stack trace:
#0 C:\Desenvolvimento\gerenciador-financas\public\index.php(18): GERENFin\Application->start()
#1 {main}
  thrown in C:\Desenvolvimento\gerenciador-financas\src\Application.php on line 54
[10-May-2018 12:34:32 UTC] PHP Notice:  Trying to get property 'handler' of non-object in C:\Desenvolvimento\gerenciador-financas\src\Application.php on line 53
[10-May-2018 12:34:33 UTC] PHP Fatal error:  Uncaught Error: Function name must be a string in C:\Desenvolvimento\gerenciador-financas\src\Application.php:54
Stack trace:
#0 C:\Desenvolvimento\gerenciador-financas\public\index.php(18): GERENFin\Application->start()
#1 {main}
  thrown in C:\Desenvolvimento\gerenciador-financas\src\Application.php on line 54
[10-May-2018 12:35:44 UTC] PHP Notice:  Trying to get property 'handler' of non-object in C:\Desenvolvimento\gerenciador-financas\src\Application.php on line 53
[10-May-2018 12:35:44 UTC] PHP Fatal error:  Uncaught Error: Function name must be a string in C:\Desenvolvimento\gerenciador-financas\src\Application.php:54
Stack trace:
#0 C:\Desenvolvimento\gerenciador-financas\public\index.php(18): GERENFin\Application->start()
#1 {main}
  thrown in C:\Desenvolvimento\gerenciador-financas\src\Application.php on line 54
[10-May-2018 12:35:45 UTC] PHP Notice:  Trying to get property 'handler' of non-object in C:\Desenvolvimento\gerenciador-financas\src\Application.php on line 53
[10-May-2018 12:35:45 UTC] PHP Fatal error:  Uncaught Error: Function name must be a string in C:\Desenvolvimento\gerenciador-financas\src\Application.php:54
Stack trace:
#0 C:\Desenvolvimento\gerenciador-financas\public\index.php(18): GERENFin\Application->start()
#1 {main}
  thrown in C:\Desenvolvimento\gerenciador-financas\src\Application.php on line 54
[10-May-2018 14:25:04 UTC] PHP Notice:  Trying to get property 'handler' of non-object in C:\Desenvolvimento\gerenciador-financas\src\Application.php on line 53
[10-May-2018 14:25:04 UTC] PHP Fatal error:  Uncaught Error: Function name must be a string in C:\Desenvolvimento\gerenciador-financas\src\Application.php:54
Stack trace:
#0 C:\Desenvolvimento\gerenciador-financas\public\index.php(18): GERENFin\Application->start()
#1 {main}
  thrown in C:\Desenvolvimento\gerenciador-financas\src\Application.php on line 54
[10-May-2018 14:25:15 UTC] PHP Fatal error:  A void function must not return a value in C:\Desenvolvimento\gerenciador-financas\src\Application.php on line 54
[10-May-2018 14:25:27 UTC] PHP Notice:  Trying to get property 'handler' of non-object in C:\Desenvolvimento\gerenciador-financas\src\Application.php on line 53
[10-May-2018 14:25:27 UTC] PHP Fatal error:  Uncaught Error: Function name must be a string in C:\Desenvolvimento\gerenciador-financas\src\Application.php:54
Stack trace:
#0 C:\Desenvolvimento\gerenciador-financas\public\index.php(18): GERENFin\Application->start()
#1 {main}
  thrown in C:\Desenvolvimento\gerenciador-financas\src\Application.php on line 54
[10-May-2018 14:25:34 UTC] PHP Notice:  Trying to get property 'handler' of non-object in C:\Desenvolvimento\gerenciador-financas\src\Application.php on line 53
[10-May-2018 14:25:34 UTC] PHP Fatal error:  Uncaught Error: Function name must be a string in C:\Desenvolvimento\gerenciador-financas\src\Application.php:54
Stack trace:
#0 C:\Desenvolvimento\gerenciador-financas\public\index.php(18): GERENFin\Application->start()
#1 {main}
  thrown in C:\Desenvolvimento\gerenciador-financas\src\Application.php on line 54
[10-May-2018 14:25:35 UTC] PHP Notice:  Trying to get property 'handler' of non-object in C:\Desenvolvimento\gerenciador-financas\src\Application.php on line 53
[10-May-2018 14:25:35 UTC] PHP Fatal error:  Uncaught Error: Function name must be a string in C:\Desenvolvimento\gerenciador-financas\src\Application.php:54
Stack trace:
#0 C:\Desenvolvimento\gerenciador-financas\public\index.php(18): GERENFin\Application->start()
#1 {main}
  thrown in C:\Desenvolvimento\gerenciador-financas\src\Application.php on line 54
[10-May-2018 14:27:11 UTC] PHP Notice:  Trying to get property 'handler' of non-object in C:\Desenvolvimento\gerenciador-financas\src\Application.php on line 53
[10-May-2018 14:27:11 UTC] PHP Fatal error:  Uncaught Error: Function name must be a string in C:\Desenvolvimento\gerenciador-financas\src\Application.php:54
Stack trace:
#0 C:\Desenvolvimento\gerenciador-financas\public\index.php(18): GERENFin\Application->start()
#1 {main}
  thrown in C:\Desenvolvimento\gerenciador-financas\src\Application.php on line 54
[10-May-2018 14:33:06 UTC] PHP Notice:  Trying to get property 'handler' of non-object in C:\Desenvolvimento\gerenciador-financas\src\Application.php on line 53
[10-May-2018 14:33:06 UTC] PHP Fatal error:  Uncaught Error: Function name must be a string in C:\Desenvolvimento\gerenciador-financas\src\Application.php:54
Stack trace:
#0 C:\Desenvolvimento\gerenciador-financas\public\index.php(18): GERENFin\Application->start()
#1 {main}
  thrown in C:\Desenvolvimento\gerenciador-financas\src\Application.php on line 54
[10-May-2018 14:37:53 UTC] PHP Notice:  Trying to get property 'handler' of non-object in C:\Desenvolvimento\gerenciador-financas\src\Application.php on line 53
[10-May-2018 14:37:53 UTC] PHP Fatal error:  Uncaught Error: Function name must be a string in C:\Desenvolvimento\gerenciador-financas\src\Application.php:54
Stack trace:
#0 C:\Desenvolvimento\gerenciador-financas\public\index.php(18): GERENFin\Application->start()
#1 {main}
  thrown in C:\Desenvolvimento\gerenciador-financas\src\Application.php on line 54
[10-May-2018 14:38:13 UTC] PHP Notice:  Trying to get property 'handler' of non-object in C:\Desenvolvimento\gerenciador-financas\src\Application.php on line 53
[10-May-2018 14:38:13 UTC] PHP Fatal error:  Uncaught Error: Function name must be a string in C:\Desenvolvimento\gerenciador-financas\src\Application.php:55
Stack trace:
#0 C:\Desenvolvimento\gerenciador-financas\public\index.php(18): GERENFin\Application->start()
#1 {main}
  thrown in C:\Desenvolvimento\gerenciador-financas\src\Application.php on line 55
[10-May-2018 14:39:54 UTC] PHP Notice:  Trying to get property 'handler' of non-object in C:\Desenvolvimento\gerenciador-financas\src\Application.php on line 52
[10-May-2018 14:39:54 UTC] PHP Fatal error:  Uncaught Error: Function name must be a string in C:\Desenvolvimento\gerenciador-financas\src\Application.php:54
Stack trace:
#0 C:\Desenvolvimento\gerenciador-financas\public\index.php(18): GERENFin\Application->start()
#1 {main}
  thrown in C:\Desenvolvimento\gerenciador-financas\src\Application.php on line 54
[10-May-2018 14:40:47 UTC] PHP Notice:  Trying to get property 'handler' of non-object in C:\Desenvolvimento\gerenciador-financas\src\Application.php on line 52
[10-May-2018 14:40:47 UTC] PHP Fatal error:  Uncaught Error: Function name must be a string in C:\Desenvolvimento\gerenciador-financas\src\Application.php:54
Stack trace:
#0 C:\Desenvolvimento\gerenciador-financas\public\index.php(18): GERENFin\Application->start()
#1 {main}
  thrown in C:\Desenvolvimento\gerenciador-financas\src\Application.php on line 54
[10-May-2018 14:43:58 UTC] PHP Notice:  Trying to get property 'handler' of non-object in C:\Desenvolvimento\gerenciador-financas\src\Application.php on line 52
[10-May-2018 14:43:58 UTC] PHP Fatal error:  Uncaught Error: Function name must be a string in C:\Desenvolvimento\gerenciador-financas\src\Application.php:54
Stack trace:
#0 C:\Desenvolvimento\gerenciador-financas\public\index.php(18): GERENFin\Application->start()
#1 {main}
  thrown in C:\Desenvolvimento\gerenciador-financas\src\Application.php on line 54
[10-May-2018 14:44:05 UTC] PHP Notice:  Undefined variable: callable in C:\Desenvolvimento\gerenciador-financas\src\Application.php on line 52
[10-May-2018 14:44:05 UTC] PHP Notice:  Trying to get property 'handler' of non-object in C:\Desenvolvimento\gerenciador-financas\src\Application.php on line 53
[10-May-2018 14:44:05 UTC] PHP Fatal error:  Uncaught Error: Function name must be a string in C:\Desenvolvimento\gerenciador-financas\src\Application.php:55
Stack trace:
#0 C:\Desenvolvimento\gerenciador-financas\public\index.php(18): GERENFin\Application->start()
#1 {main}
  thrown in C:\Desenvolvimento\gerenciador-financas\src\Application.php on line 55
[10-May-2018 14:47:13 UTC] PHP Notice:  Trying to get property 'handler' of non-object in C:\Desenvolvimento\gerenciador-financas\src\Application.php on line 53
[10-May-2018 14:47:13 UTC] PHP Fatal error:  Uncaught Error: Function name must be a string in C:\Desenvolvimento\gerenciador-financas\src\Application.php:55
Stack trace:
#0 C:\Desenvolvimento\gerenciador-financas\public\index.php(18): GERENFin\Application->start()
#1 {main}
  thrown in C:\Desenvolvimento\gerenciador-financas\src\Application.php on line 55
[10-May-2018 14:48:17 UTC] PHP Notice:  Trying to get property 'handler' of non-object in C:\Desenvolvimento\gerenciador-financas\src\Application.php on line 53
[10-May-2018 14:48:17 UTC] PHP Fatal error:  Uncaught Error: Function name must be a string in C:\Desenvolvimento\gerenciador-financas\src\Application.php:55
Stack trace:
#0 C:\Desenvolvimento\gerenciador-financas\public\index.php(18): GERENFin\Application->start()
#1 {main}
  thrown in C:\Desenvolvimento\gerenciador-financas\src\Application.php on line 55
[10-May-2018 14:48:24 UTC] PHP Notice:  Trying to get property 'handler' of non-object in C:\Desenvolvimento\gerenciador-financas\src\Application.php on line 52
[10-May-2018 14:48:24 UTC] PHP Fatal error:  Uncaught Error: Function name must be a string in C:\Desenvolvimento\gerenciador-financas\src\Application.php:53
Stack trace:
#0 C:\Desenvolvimento\gerenciador-financas\public\index.php(18): GERENFin\Application->start()
#1 {main}
  thrown in C:\Desenvolvimento\gerenciador-financas\src\Application.php on line 53
[10-May-2018 19:02:32 UTC] PHP Notice:  Trying to get property 'handler' of non-object in C:\Desenvolvimento\gerenciador-financas\src\Application.php on line 52
[10-May-2018 19:02:32 UTC] PHP Fatal error:  Uncaught Error: Function name must be a string in C:\Desenvolvimento\gerenciador-financas\src\Application.php:53
Stack trace:
#0 C:\Desenvolvimento\gerenciador-financas\public\index.php(18): GERENFin\Application->start()
#1 {main}
  thrown in C:\Desenvolvimento\gerenciador-financas\src\Application.php on line 53
[10-May-2018 19:06:04 UTC] PHP Notice:  Trying to get property 'handler' of non-object in C:\Desenvolvimento\gerenciador-financas\src\Application.php on line 52
[10-May-2018 19:06:04 UTC] PHP Fatal error:  Uncaught Error: Function name must be a string in C:\Desenvolvimento\gerenciador-financas\src\Application.php:53
Stack trace:
#0 C:\Desenvolvimento\gerenciador-financas\public\index.php(18): GERENFin\Application->start()
#1 {main}
  thrown in C:\Desenvolvimento\gerenciador-financas\src\Application.php on line 53
[19-May-2018 10:55:17 America/Chicago] PHP Fatal error:  Uncaught CodeIgniter\Exceptions\FrameworkException: You have an empty or invalid base URL. The baseURL value must be set in Config\App.php, or through the .env file. in C:\Desenvolvimento\CodeTeste\system\Exceptions\FrameworkException.php:15
Stack trace:
#0 C:\Desenvolvimento\CodeTeste\system\HTTP\IncomingRequest.php(588): CodeIgniter\Exceptions\FrameworkException::forEmptyBaseURL()
#1 C:\Desenvolvimento\CodeTeste\system\HTTP\IncomingRequest.php(170): CodeIgniter\HTTP\IncomingRequest->detectURI('REQUEST_URI', '')
#2 C:\Desenvolvimento\CodeTeste\system\Config\Services.php(556): CodeIgniter\HTTP\IncomingRequest->__construct(Object(Config\App), Object(CodeIgniter\HTTP\URI), '', Object(CodeIgniter\HTTP\UserAgent))
#3 C:\Desenvolvimento\CodeTeste\system\Config\Services.php(892): CodeIgniter\Config\Services::request(Object(Config\App), false)
#4 C:\Desenvolvimento\CodeTeste\system\Config\Services.php(544): CodeIgniter\Config\Services::getSharedInstance('request', NULL)
#5 C:\Desenvolvimento\CodeTeste\system\Config\ in C:\Desenvolvimento\CodeTeste\system\Exceptions\FrameworkException.php on line 15
[23-May-2018 19:44:37 UTC] PHP Notice:  Trying to get property 'handler' of non-object in C:\Desenvolvimento\gerenciador-financas\src\Application.php on line 52
[23-May-2018 19:44:37 UTC] PHP Fatal error:  Uncaught Error: Function name must be a string in C:\Desenvolvimento\gerenciador-financas\src\Application.php:53
Stack trace:
#0 C:\Desenvolvimento\gerenciador-financas\public\index.php(18): GERENFin\Application->start()
#1 {main}
  thrown in C:\Desenvolvimento\gerenciador-financas\src\Application.php on line 53
[23-May-2018 19:47:35 UTC] PHP Notice:  Trying to get property 'handler' of non-object in C:\Desenvolvimento\gerenciador-financas\src\Application.php on line 52
[23-May-2018 19:47:35 UTC] PHP Fatal error:  Uncaught Error: Function name must be a string in C:\Desenvolvimento\gerenciador-financas\src\Application.php:53
Stack trace:
#0 C:\Desenvolvimento\gerenciador-financas\public\index.php(18): GERENFin\Application->start()
#1 {main}
  thrown in C:\Desenvolvimento\gerenciador-financas\src\Application.php on line 53
[24-May-2018 19:56:45 UTC] PHP Warning:  require_once(C:\Desenvolvimento\autoclick\includes/../includes/_scripts.php): failed to open stream: No such file or directory in C:\Desenvolvimento\autoclick\includes\footer.php on line 5
[24-May-2018 19:56:45 UTC] PHP Fatal error:  require_once(): Failed opening required 'C:\Desenvolvimento\autoclick\includes/../includes/_scripts.php' (include_path='.;C:\php\pear') in C:\Desenvolvimento\autoclick\includes\footer.php on line 5
[25-May-2018 19:39:09 UTC] PHP Fatal error:  Cannot declare class QueryBuilder\Mysql\SelectTest, because the name is already in use in C:\Desenvolvimento\TDD-com-PHP\tests\Mysql\SelectTest.php on line 29
[25-May-2018 19:41:43 UTC] PHP Fatal error:  Cannot declare class QueryBuilder\Mysql\SelectTest, because the name is already in use in C:\Desenvolvimento\TDD-com-PHP\tests\Mysql\SelectTest.php on line 29
[25-May-2018 19:44:13 UTC] PHP Fatal error:  Cannot declare class QueryBuilder\Mysql\SelectTest, because the name is already in use in C:\Desenvolvimento\TDD-com-PHP\tests\Mysql\SelectTest.php on line 29
[25-May-2018 21:38:12 UTC] PHP Recoverable fatal error:  Object of class Closure could not be converted to string in C:\Desenvolvimento\POO\index.php on line 10
[27-May-2018 19:58:42 UTC] PHP Fatal error:  Uncaught Twig_Error_Loader: Unable to find template "list.html.twig" (looked into: C:\Desenvolvimento\gerenciador-financas\src\Plugins/../../templates). in C:\Desenvolvimento\gerenciador-financas\vendor\twig\twig\lib\Twig\Loader\Filesystem.php:226
Stack trace:
#0 C:\Desenvolvimento\gerenciador-financas\vendor\twig\twig\lib\Twig\Loader\Filesystem.php(143): Twig_Loader_Filesystem->findTemplate('list.html.twig')
#1 C:\Desenvolvimento\gerenciador-financas\vendor\twig\twig\lib\Twig\Environment.php(270): Twig_Loader_Filesystem->getCacheKey('list.html.twig')
#2 C:\Desenvolvimento\gerenciador-financas\vendor\twig\twig\lib\Twig\Environment.php(350): Twig_Environment->getTemplateClass('list.html.twig')
#3 C:\Desenvolvimento\gerenciador-financas\vendor\twig\twig\lib\Twig\Environment.php(289): Twig_Environment->loadTemplate('list.html.twig')
#4 C:\Desenvolvimento\gerenciador-financas\src\View\ViewRender.php(26): Twig_Environment->render('list.html.twig', Array)
#5 C:\Desenvolvimento\gerenciador-financas\public\index.php( in C:\Desenvolvimento\gerenciador-financas\vendor\twig\twig\lib\Twig\Loader\Filesystem.php on line 226
[27-May-2018 20:41:13 UTC] PHP Fatal error:  Uncaught PDOException: SQLSTATE[HY000]: General error: 1364 Field 'name' doesn't have a default value in C:\Desenvolvimento\gerenciador-financas\vendor\illuminate\database\Connection.php:449
Stack trace:
#0 C:\Desenvolvimento\gerenciador-financas\vendor\illuminate\database\Connection.php(449): PDOStatement->execute()
#1 C:\Desenvolvimento\gerenciador-financas\vendor\illuminate\database\Connection.php(640): Illuminate\Database\Connection->Illuminate\Database\{closure}('insert into `ca...', Array)
#2 C:\Desenvolvimento\gerenciador-financas\vendor\illuminate\database\Connection.php(607): Illuminate\Database\Connection->runQueryCallback('insert into `ca...', Array, Object(Closure))
#3 C:\Desenvolvimento\gerenciador-financas\vendor\illuminate\database\Connection.php(450): Illuminate\Database\Connection->run('insert into `ca...', Array, Object(Closure))
#4 C:\Desenvolvimento\gerenciador-financas\vendor\illuminate\database\Connection.php(404): Illuminate\Database\Connection->statement('insert into `ca...', Array)
#5 in C:\Desenvolvimento\gerenciador-financas\vendor\illuminate\database\Connection.php on line 647
[27-May-2018 20:41:14 UTC] PHP Fatal error:  Uncaught PDOException: SQLSTATE[HY000]: General error: 1364 Field 'name' doesn't have a default value in C:\Desenvolvimento\gerenciador-financas\vendor\illuminate\database\Connection.php:449
Stack trace:
#0 C:\Desenvolvimento\gerenciador-financas\vendor\illuminate\database\Connection.php(449): PDOStatement->execute()
#1 C:\Desenvolvimento\gerenciador-financas\vendor\illuminate\database\Connection.php(640): Illuminate\Database\Connection->Illuminate\Database\{closure}('insert into `ca...', Array)
#2 C:\Desenvolvimento\gerenciador-financas\vendor\illuminate\database\Connection.php(607): Illuminate\Database\Connection->runQueryCallback('insert into `ca...', Array, Object(Closure))
#3 C:\Desenvolvimento\gerenciador-financas\vendor\illuminate\database\Connection.php(450): Illuminate\Database\Connection->run('insert into `ca...', Array, Object(Closure))
#4 C:\Desenvolvimento\gerenciador-financas\vendor\illuminate\database\Connection.php(404): Illuminate\Database\Connection->statement('insert into `ca...', Array)
#5 in C:\Desenvolvimento\gerenciador-financas\vendor\illuminate\database\Connection.php on line 647
[27-May-2018 20:45:24 UTC] PHP Fatal error:  Uncaught PDOException: SQLSTATE[HY000]: General error: 1364 Field 'name' doesn't have a default value in C:\Desenvolvimento\gerenciador-financas\vendor\illuminate\database\Connection.php:449
Stack trace:
#0 C:\Desenvolvimento\gerenciador-financas\vendor\illuminate\database\Connection.php(449): PDOStatement->execute()
#1 C:\Desenvolvimento\gerenciador-financas\vendor\illuminate\database\Connection.php(640): Illuminate\Database\Connection->Illuminate\Database\{closure}('insert into `ca...', Array)
#2 C:\Desenvolvimento\gerenciador-financas\vendor\illuminate\database\Connection.php(607): Illuminate\Database\Connection->runQueryCallback('insert into `ca...', Array, Object(Closure))
#3 C:\Desenvolvimento\gerenciador-financas\vendor\illuminate\database\Connection.php(450): Illuminate\Database\Connection->run('insert into `ca...', Array, Object(Closure))
#4 C:\Desenvolvimento\gerenciador-financas\vendor\illuminate\database\Connection.php(404): Illuminate\Database\Connection->statement('insert into `ca...', Array)
#5 in C:\Desenvolvimento\gerenciador-financas\vendor\illuminate\database\Connection.php on line 647
[27-May-2018 21:04:38 UTC] PHP Fatal error:  Uncaught Illuminate\Database\Eloquent\MassAssignmentException: name in C:\Desenvolvimento\gerenciador-financas\vendor\illuminate\database\Eloquent\Model.php:225
Stack trace:
#0 C:\Desenvolvimento\gerenciador-financas\vendor\illuminate\database\Eloquent\Model.php(145): Illuminate\Database\Eloquent\Model->fill(Array)
#1 C:\Desenvolvimento\gerenciador-financas\vendor\illuminate\database\Eloquent\Model.php(268): Illuminate\Database\Eloquent\Model->__construct(Array)
#2 C:\Desenvolvimento\gerenciador-financas\vendor\illuminate\database\Eloquent\Builder.php(821): Illuminate\Database\Eloquent\Model->newInstance(Array)
#3 C:\Desenvolvimento\gerenciador-financas\vendor\illuminate\database\Eloquent\Model.php(1316): Illuminate\Database\Eloquent\Builder->create(Array)
#4 C:\Desenvolvimento\gerenciador-financas\vendor\illuminate\database\Eloquent\Model.php(1328): Illuminate\Database\Eloquent\Model->__call('create', Array)
#5 C:\Desenvolvimento\gerenciador-financas\public\index.php(44): Illuminate\Database\Eloquent\Model:: in C:\Desenvolvimento\gerenciador-financas\vendor\illuminate\database\Eloquent\Model.php on line 225
[27-May-2018 21:32:57 UTC] PHP Fatal error:  Uncaught Twig_Error_Syntax: An array element must be followed by a comma. Unexpected token "operator" of value "=" ("punctuation" expected with value ","). in C:\Desenvolvimento\gerenciador-financas\templates\category-costs\list.html.twig:38
Stack trace:
#0 C:\Desenvolvimento\gerenciador-financas\vendor\twig\twig\lib\Twig\ExpressionParser.php(245): Twig_TokenStream->expect(9, ',', 'An array elemen...')
#1 C:\Desenvolvimento\gerenciador-financas\vendor\twig\twig\lib\Twig\ExpressionParser.php(195): Twig_ExpressionParser->parseArrayExpression()
#2 C:\Desenvolvimento\gerenciador-financas\vendor\twig\twig\lib\Twig\ExpressionParser.php(92): Twig_ExpressionParser->parsePrimaryExpression()
#3 C:\Desenvolvimento\gerenciador-financas\vendor\twig\twig\lib\Twig\ExpressionParser.php(45): Twig_ExpressionParser->getPrimary()
#4 C:\Desenvolvimento\gerenciador-financas\vendor\twig\twig\lib\Twig\ExpressionParser.php(509): Twig_ExpressionParser->parseExpression()
#5 C:\Desenvolvimento\gerenciador-financas\vendor\twig\twig\lib\T in C:\Desenvolvimento\gerenciador-financas\templates\category-costs\list.html.twig on line 38
[27-May-2018 22:25:16 UTC] PHP Fatal error:  Uncaught TypeError: Return value of GERENFin\Repository\DefaultRepository::all() must be of the type array, object returned in C:\Desenvolvimento\gerenciador-financas\src\Repository\DefaultRepository.php:30
Stack trace:
#0 C:\Desenvolvimento\gerenciador-financas\src\controllers\category-costs.php(10): GERENFin\Repository\DefaultRepository->all()
#1 C:\Desenvolvimento\gerenciador-financas\src\Application.php(89): {closure}(Object(Zend\Diactoros\ServerRequest))
#2 C:\Desenvolvimento\gerenciador-financas\public\index.php(29): GERENFin\Application->start()
#3 {main}
  thrown in C:\Desenvolvimento\gerenciador-financas\src\Repository\DefaultRepository.php on line 30
[27-May-2018 22:40:52 UTC] PHP Fatal error:  Uncaught Error: Class 'GERENFin\Plugins\CategoryCost' not found in C:\Desenvolvimento\gerenciador-financas\src\Repository\DefaultRepository.php:22
Stack trace:
#0 C:\Desenvolvimento\gerenciador-financas\src\Repository\RepositoryFactory.php(14): GERENFin\Repository\DefaultRepository->__construct('GERENFin\\Plugin...')
#1 C:\Desenvolvimento\gerenciador-financas\src\Plugins\Dbplugin.php(23): GERENFin\Repository\RepositoryFactory::factory('GERENFin\\Plugin...')
#2 C:\Desenvolvimento\gerenciador-financas\vendor\pimple\pimple\src\Pimple\Container.php(114): GERENFin\Plugins\Dbplugin->GERENFin\Plugins\{closure}(Object(Xtreamwayz\Pimple\Container))
#3 C:\Desenvolvimento\gerenciador-financas\vendor\xtreamwayz\pimple-container-interop\src\Container.php(32): Pimple\Container->offsetGet('category-cost.r...')
#4 C:\Desenvolvimento\gerenciador-financas\src\ServiceContainer.php(28): Xtreamwayz\Pimple\Container->get('category-cost.r...')
#5 C:\Desenvolvimento\gerenciador-financas\src\Application.php(29): GERENFin\ServiceConta in C:\Desenvolvimento\gerenciador-financas\src\Repository\DefaultRepository.php on line 22
[27-May-2018 23:14:48 UTC] PHP Fatal error:  Cannot declare class CategoryCostsSeeder, because the name is already in use in C:\Desenvolvimento\gerenciador-financas\db\seeds\UsersSeeder.php on line 40
[28-May-2018 01:22:15 UTC] PHP Fatal error:  Uncaught ArgumentCountError: Too few arguments to function GERENFin\Auth\Auth::login(), 0 passed in C:\Desenvolvimento\gerenciador-financas\src\controllers\auth.php on line 13 and exactly 1 expected in C:\Desenvolvimento\gerenciador-financas\src\Auth\Auth.php:26
Stack trace:
#0 C:\Desenvolvimento\gerenciador-financas\src\controllers\auth.php(13): GERENFin\Auth\Auth->login()
#1 C:\Desenvolvimento\gerenciador-financas\src\Application.php(89): {closure}(Object(Zend\Diactoros\ServerRequest))
#2 C:\Desenvolvimento\gerenciador-financas\public\index.php(35): GERENFin\Application->start()
#3 {main}
  thrown in C:\Desenvolvimento\gerenciador-financas\src\Auth\Auth.php on line 26
[28-May-2018 01:23:57 UTC] PHP Fatal error:  Uncaught ArgumentCountError: Too few arguments to function GERENFin\Auth\Auth::login(), 0 passed in C:\Desenvolvimento\gerenciador-financas\src\controllers\auth.php on line 13 and exactly 1 expected in C:\Desenvolvimento\gerenciador-financas\src\Auth\Auth.php:26
Stack trace:
#0 C:\Desenvolvimento\gerenciador-financas\src\controllers\auth.php(13): GERENFin\Auth\Auth->login()
#1 C:\Desenvolvimento\gerenciador-financas\src\Application.php(89): {closure}(Object(Zend\Diactoros\ServerRequest))
#2 C:\Desenvolvimento\gerenciador-financas\public\index.php(35): GERENFin\Application->start()
#3 {main}
  thrown in C:\Desenvolvimento\gerenciador-financas\src\Auth\Auth.php on line 26
[28-May-2018 01:24:54 UTC] PHP Fatal error:  Uncaught ArgumentCountError: Too few arguments to function GERENFin\Auth\Auth::login(), 0 passed in C:\Desenvolvimento\gerenciador-financas\src\controllers\auth.php on line 13 and exactly 1 expected in C:\Desenvolvimento\gerenciador-financas\src\Auth\Auth.php:26
Stack trace:
#0 C:\Desenvolvimento\gerenciador-financas\src\controllers\auth.php(13): GERENFin\Auth\Auth->login()
#1 C:\Desenvolvimento\gerenciador-financas\src\Application.php(89): {closure}(Object(Zend\Diactoros\ServerRequest))
#2 C:\Desenvolvimento\gerenciador-financas\public\index.php(35): GERENFin\Application->start()
#3 {main}
  thrown in C:\Desenvolvimento\gerenciador-financas\src\Auth\Auth.php on line 26
[28-May-2018 01:25:04 UTC] PHP Fatal error:  Uncaught ArgumentCountError: Too few arguments to function GERENFin\Auth\Auth::login(), 0 passed in C:\Desenvolvimento\gerenciador-financas\src\controllers\auth.php on line 13 and exactly 1 expected in C:\Desenvolvimento\gerenciador-financas\src\Auth\Auth.php:26
Stack trace:
#0 C:\Desenvolvimento\gerenciador-financas\src\controllers\auth.php(13): GERENFin\Auth\Auth->login()
#1 C:\Desenvolvimento\gerenciador-financas\src\Application.php(89): {closure}(Object(Zend\Diactoros\ServerRequest))
#2 C:\Desenvolvimento\gerenciador-financas\public\index.php(35): GERENFin\Application->start()
#3 {main}
  thrown in C:\Desenvolvimento\gerenciador-financas\src\Auth\Auth.php on line 26
[28-May-2018 01:26:06 UTC] PHP Fatal error:  Uncaught ArgumentCountError: Too few arguments to function GERENFin\Auth\Auth::login(), 0 passed in C:\Desenvolvimento\gerenciador-financas\src\controllers\auth.php on line 13 and exactly 1 expected in C:\Desenvolvimento\gerenciador-financas\src\Auth\Auth.php:26
Stack trace:
#0 C:\Desenvolvimento\gerenciador-financas\src\controllers\auth.php(13): GERENFin\Auth\Auth->login()
#1 C:\Desenvolvimento\gerenciador-financas\src\Application.php(89): {closure}(Object(Zend\Diactoros\ServerRequest))
#2 C:\Desenvolvimento\gerenciador-financas\public\index.php(35): GERENFin\Application->start()
#3 {main}
  thrown in C:\Desenvolvimento\gerenciador-financas\src\Auth\Auth.php on line 26
[28-May-2018 01:26:09 UTC] PHP Fatal error:  Uncaught ArgumentCountError: Too few arguments to function GERENFin\Auth\Auth::login(), 0 passed in C:\Desenvolvimento\gerenciador-financas\src\controllers\auth.php on line 13 and exactly 1 expected in C:\Desenvolvimento\gerenciador-financas\src\Auth\Auth.php:26
Stack trace:
#0 C:\Desenvolvimento\gerenciador-financas\src\controllers\auth.php(13): GERENFin\Auth\Auth->login()
#1 C:\Desenvolvimento\gerenciador-financas\src\Application.php(89): {closure}(Object(Zend\Diactoros\ServerRequest))
#2 C:\Desenvolvimento\gerenciador-financas\public\index.php(35): GERENFin\Application->start()
#3 {main}
  thrown in C:\Desenvolvimento\gerenciador-financas\src\Auth\Auth.php on line 26
[28-May-2018 01:26:33 UTC] PHP Fatal error:  Uncaught ArgumentCountError: Too few arguments to function GERENFin\Auth\Auth::login(), 0 passed in C:\Desenvolvimento\gerenciador-financas\src\controllers\auth.php on line 13 and exactly 1 expected in C:\Desenvolvimento\gerenciador-financas\src\Auth\Auth.php:26
Stack trace:
#0 C:\Desenvolvimento\gerenciador-financas\src\controllers\auth.php(13): GERENFin\Auth\Auth->login()
#1 C:\Desenvolvimento\gerenciador-financas\src\Application.php(89): {closure}(Object(Zend\Diactoros\ServerRequest))
#2 C:\Desenvolvimento\gerenciador-financas\public\index.php(35): GERENFin\Application->start()
#3 {main}
  thrown in C:\Desenvolvimento\gerenciador-financas\src\Auth\Auth.php on line 26
[28-May-2018 02:38:00 UTC] PHP Fatal error:  Uncaught Aura\Router\Exception\RouteAlreadyExists: auth.show_login_form in C:\Desenvolvimento\gerenciador-financas\vendor\aura\router\src\Map.php:134
Stack trace:
#0 C:\Desenvolvimento\gerenciador-financas\vendor\aura\router\src\Map.php(177): Aura\Router\Map->addRoute(Object(Aura\Router\Route))
#1 C:\Desenvolvimento\gerenciador-financas\vendor\aura\router\src\Map.php(196): Aura\Router\Map->route('auth.show_login...', '/login', Object(Closure))
#2 C:\Desenvolvimento\gerenciador-financas\src\Application.php(49): Aura\Router\Map->get('auth.show_login...', '/login', Object(Closure))
#3 C:\Desenvolvimento\gerenciador-financas\src\controllers\auth.php(10): GERENFin\Application->get('/login', Object(Closure), 'auth.show_login...')
#4 C:\Desenvolvimento\gerenciador-financas\public\index.php(32): require_once('C:\\Desenvolvime...')
#5 {main}
  thrown in C:\Desenvolvimento\gerenciador-financas\vendor\aura\router\src\Map.php on line 134
[28-May-2018 02:38:00 UTC] PHP Fatal error:  Uncaught Aura\Router\Exception\RouteAlreadyExists: auth.show_login_form in C:\Desenvolvimento\gerenciador-financas\vendor\aura\router\src\Map.php:134
Stack trace:
#0 C:\Desenvolvimento\gerenciador-financas\vendor\aura\router\src\Map.php(177): Aura\Router\Map->addRoute(Object(Aura\Router\Route))
#1 C:\Desenvolvimento\gerenciador-financas\vendor\aura\router\src\Map.php(196): Aura\Router\Map->route('auth.show_login...', '/login', Object(Closure))
#2 C:\Desenvolvimento\gerenciador-financas\src\Application.php(49): Aura\Router\Map->get('auth.show_login...', '/login', Object(Closure))
#3 C:\Desenvolvimento\gerenciador-financas\src\controllers\auth.php(10): GERENFin\Application->get('/login', Object(Closure), 'auth.show_login...')
#4 C:\Desenvolvimento\gerenciador-financas\public\index.php(32): require_once('C:\\Desenvolvime...')
#5 {main}
  thrown in C:\Desenvolvimento\gerenciador-financas\vendor\aura\router\src\Map.php on line 134
[28-May-2018 02:38:01 UTC] PHP Fatal error:  Uncaught Aura\Router\Exception\RouteAlreadyExists: auth.show_login_form in C:\Desenvolvimento\gerenciador-financas\vendor\aura\router\src\Map.php:134
Stack trace:
#0 C:\Desenvolvimento\gerenciador-financas\vendor\aura\router\src\Map.php(177): Aura\Router\Map->addRoute(Object(Aura\Router\Route))
#1 C:\Desenvolvimento\gerenciador-financas\vendor\aura\router\src\Map.php(196): Aura\Router\Map->route('auth.show_login...', '/login', Object(Closure))
#2 C:\Desenvolvimento\gerenciador-financas\src\Application.php(49): Aura\Router\Map->get('auth.show_login...', '/login', Object(Closure))
#3 C:\Desenvolvimento\gerenciador-financas\src\controllers\auth.php(10): GERENFin\Application->get('/login', Object(Closure), 'auth.show_login...')
#4 C:\Desenvolvimento\gerenciador-financas\public\index.php(32): require_once('C:\\Desenvolvime...')
#5 {main}
  thrown in C:\Desenvolvimento\gerenciador-financas\vendor\aura\router\src\Map.php on line 134
[28-May-2018 02:38:02 UTC] PHP Fatal error:  Uncaught Aura\Router\Exception\RouteAlreadyExists: auth.show_login_form in C:\Desenvolvimento\gerenciador-financas\vendor\aura\router\src\Map.php:134
Stack trace:
#0 C:\Desenvolvimento\gerenciador-financas\vendor\aura\router\src\Map.php(177): Aura\Router\Map->addRoute(Object(Aura\Router\Route))
#1 C:\Desenvolvimento\gerenciador-financas\vendor\aura\router\src\Map.php(196): Aura\Router\Map->route('auth.show_login...', '/login', Object(Closure))
#2 C:\Desenvolvimento\gerenciador-financas\src\Application.php(49): Aura\Router\Map->get('auth.show_login...', '/login', Object(Closure))
#3 C:\Desenvolvimento\gerenciador-financas\src\controllers\auth.php(10): GERENFin\Application->get('/login', Object(Closure), 'auth.show_login...')
#4 C:\Desenvolvimento\gerenciador-financas\public\index.php(32): require_once('C:\\Desenvolvime...')
#5 {main}
  thrown in C:\Desenvolvimento\gerenciador-financas\vendor\aura\router\src\Map.php on line 134
[28-May-2018 02:38:10 UTC] PHP Fatal error:  Uncaught Aura\Router\Exception\RouteAlreadyExists: auth.show_login_form in C:\Desenvolvimento\gerenciador-financas\vendor\aura\router\src\Map.php:134
Stack trace:
#0 C:\Desenvolvimento\gerenciador-financas\vendor\aura\router\src\Map.php(177): Aura\Router\Map->addRoute(Object(Aura\Router\Route))
#1 C:\Desenvolvimento\gerenciador-financas\vendor\aura\router\src\Map.php(196): Aura\Router\Map->route('auth.show_login...', '/login', Object(Closure))
#2 C:\Desenvolvimento\gerenciador-financas\src\Application.php(49): Aura\Router\Map->get('auth.show_login...', '/login', Object(Closure))
#3 C:\Desenvolvimento\gerenciador-financas\src\controllers\auth.php(10): GERENFin\Application->get('/login', Object(Closure), 'auth.show_login...')
#4 C:\Desenvolvimento\gerenciador-financas\public\index.php(32): require_once('C:\\Desenvolvime...')
#5 {main}
  thrown in C:\Desenvolvimento\gerenciador-financas\vendor\aura\router\src\Map.php on line 134
[28-May-2018 02:38:10 UTC] PHP Fatal error:  Uncaught Aura\Router\Exception\RouteAlreadyExists: auth.show_login_form in C:\Desenvolvimento\gerenciador-financas\vendor\aura\router\src\Map.php:134
Stack trace:
#0 C:\Desenvolvimento\gerenciador-financas\vendor\aura\router\src\Map.php(177): Aura\Router\Map->addRoute(Object(Aura\Router\Route))
#1 C:\Desenvolvimento\gerenciador-financas\vendor\aura\router\src\Map.php(196): Aura\Router\Map->route('auth.show_login...', '/login', Object(Closure))
#2 C:\Desenvolvimento\gerenciador-financas\src\Application.php(49): Aura\Router\Map->get('auth.show_login...', '/login', Object(Closure))
#3 C:\Desenvolvimento\gerenciador-financas\src\controllers\auth.php(10): GERENFin\Application->get('/login', Object(Closure), 'auth.show_login...')
#4 C:\Desenvolvimento\gerenciador-financas\public\index.php(32): require_once('C:\\Desenvolvime...')
#5 {main}
  thrown in C:\Desenvolvimento\gerenciador-financas\vendor\aura\router\src\Map.php on line 134
[28-May-2018 02:41:31 UTC] PHP Fatal error:  A void function must not return a value in C:\Desenvolvimento\gerenciador-financas\src\Auth\Auth.php on line 48
[28-May-2018 02:44:32 UTC] PHP Fatal error:  A void function must not return a value in C:\Desenvolvimento\gerenciador-financas\src\Auth\Auth.php on line 48
[29-May-2018 13:21:31 UTC] PHP Warning:  Unknown: php_network_getaddresses: getaddrinfo failed: Este host n�o � conhecido.  in Unknown on line 0
[30-May-2018 02:31:37 UTC] PHP Fatal error:  Uncaught BadMethodCallException: Method getHashedPassword does not exist. in C:\Desenvolvimento\gerenciador-financas\vendor\illuminate\support\Traits\Macroable.php:74
Stack trace:
#0 C:\Desenvolvimento\gerenciador-financas\vendor\jasny\auth\src\Auth.php(132): Illuminate\Support\Collection->__call('getHashedPasswo...', Array)
#1 C:\Desenvolvimento\gerenciador-financas\vendor\jasny\auth\src\Auth.php(146): Jasny\Auth->verifyCredentials(Object(Illuminate\Database\Eloquent\Collection), 'admin123')
#2 C:\Desenvolvimento\gerenciador-financas\src\Auth\Auth.php(34): Jasny\Auth->login('admin@email.com', 'admin123')
#3 C:\Desenvolvimento\gerenciador-financas\src\controllers\auth.php(16): GERENFin\Auth\Auth->login(Array)
#4 C:\Desenvolvimento\gerenciador-financas\src\Application.php(120): {closure}(Object(Zend\Diactoros\ServerRequest))
#5 C:\Desenvolvimento\gerenciador-financas\public\index.php(34): GERENFin\Application->start()
#6 {main}
  thrown in C:\Desenvolvimento\gerenciador-financas\vendor\illuminate\support\Traits\Macroable.php on line 74
[30-May-2018 02:32:10 UTC] PHP Fatal error:  Uncaught BadMethodCallException: Method getHashedPassword does not exist. in C:\Desenvolvimento\gerenciador-financas\vendor\illuminate\support\Traits\Macroable.php:74
Stack trace:
#0 C:\Desenvolvimento\gerenciador-financas\vendor\jasny\auth\src\Auth.php(132): Illuminate\Support\Collection->__call('getHashedPasswo...', Array)
#1 C:\Desenvolvimento\gerenciador-financas\vendor\jasny\auth\src\Auth.php(146): Jasny\Auth->verifyCredentials(Object(Illuminate\Database\Eloquent\Collection), 'admin123')
#2 C:\Desenvolvimento\gerenciador-financas\src\Auth\Auth.php(34): Jasny\Auth->login('admin@email.com', 'admin123')
#3 C:\Desenvolvimento\gerenciador-financas\src\controllers\auth.php(16): GERENFin\Auth\Auth->login(Array)
#4 C:\Desenvolvimento\gerenciador-financas\src\Application.php(120): {closure}(Object(Zend\Diactoros\ServerRequest))
#5 C:\Desenvolvimento\gerenciador-financas\public\index.php(34): GERENFin\Application->start()
#6 {main}
  thrown in C:\Desenvolvimento\gerenciador-financas\vendor\illuminate\support\Traits\Macroable.php on line 74
[30-May-2018 02:32:26 UTC] PHP Fatal error:  Uncaught BadMethodCallException: Method getHashedPassword does not exist. in C:\Desenvolvimento\gerenciador-financas\vendor\illuminate\support\Traits\Macroable.php:74
Stack trace:
#0 C:\Desenvolvimento\gerenciador-financas\vendor\jasny\auth\src\Auth.php(132): Illuminate\Support\Collection->__call('getHashedPasswo...', Array)
#1 C:\Desenvolvimento\gerenciador-financas\vendor\jasny\auth\src\Auth.php(146): Jasny\Auth->verifyCredentials(Object(Illuminate\Database\Eloquent\Collection), 'admin123')
#2 C:\Desenvolvimento\gerenciador-financas\src\Auth\Auth.php(34): Jasny\Auth->login('admin@email.com', 'admin123')
#3 C:\Desenvolvimento\gerenciador-financas\src\controllers\auth.php(16): GERENFin\Auth\Auth->login(Array)
#4 C:\Desenvolvimento\gerenciador-financas\src\Application.php(120): {closure}(Object(Zend\Diactoros\ServerRequest))
#5 C:\Desenvolvimento\gerenciador-financas\public\index.php(34): GERENFin\Application->start()
#6 {main}
  thrown in C:\Desenvolvimento\gerenciador-financas\vendor\illuminate\support\Traits\Macroable.php on line 74
[30-May-2018 02:32:45 UTC] PHP Fatal error:  Uncaught BadMethodCallException: Method getHashedPassword does not exist. in C:\Desenvolvimento\gerenciador-financas\vendor\illuminate\support\Traits\Macroable.php:74
Stack trace:
#0 C:\Desenvolvimento\gerenciador-financas\vendor\jasny\auth\src\Auth.php(132): Illuminate\Support\Collection->__call('getHashedPasswo...', Array)
#1 C:\Desenvolvimento\gerenciador-financas\vendor\jasny\auth\src\Auth.php(146): Jasny\Auth->verifyCredentials(Object(Illuminate\Database\Eloquent\Collection), 'admin123')
#2 C:\Desenvolvimento\gerenciador-financas\src\Auth\Auth.php(34): Jasny\Auth->login('admin@email.com', 'admin123')
#3 C:\Desenvolvimento\gerenciador-financas\src\controllers\auth.php(16): GERENFin\Auth\Auth->login(Array)
#4 C:\Desenvolvimento\gerenciador-financas\src\Application.php(120): {closure}(Object(Zend\Diactoros\ServerRequest))
#5 C:\Desenvolvimento\gerenciador-financas\public\index.php(34): GERENFin\Application->start()
#6 {main}
  thrown in C:\Desenvolvimento\gerenciador-financas\vendor\illuminate\support\Traits\Macroable.php on line 74
[30-May-2018 02:34:12 UTC] PHP Fatal error:  Uncaught BadMethodCallException: Method getHashedPassword does not exist. in C:\Desenvolvimento\gerenciador-financas\vendor\illuminate\support\Traits\Macroable.php:74
Stack trace:
#0 C:\Desenvolvimento\gerenciador-financas\vendor\jasny\auth\src\Auth.php(132): Illuminate\Support\Collection->__call('getHashedPasswo...', Array)
#1 C:\Desenvolvimento\gerenciador-financas\vendor\jasny\auth\src\Auth.php(146): Jasny\Auth->verifyCredentials(Object(Illuminate\Database\Eloquent\Collection), 'admin123')
#2 C:\Desenvolvimento\gerenciador-financas\src\Auth\Auth.php(34): Jasny\Auth->login('admin@email.com', 'admin123')
#3 C:\Desenvolvimento\gerenciador-financas\src\controllers\auth.php(16): GERENFin\Auth\Auth->login(Array)
#4 C:\Desenvolvimento\gerenciador-financas\src\Application.php(120): {closure}(Object(Zend\Diactoros\ServerRequest))
#5 C:\Desenvolvimento\gerenciador-financas\public\index.php(34): GERENFin\Application->start()
#6 {main}
  thrown in C:\Desenvolvimento\gerenciador-financas\vendor\illuminate\support\Traits\Macroable.php on line 74
[30-May-2018 02:34:51 UTC] PHP Fatal error:  Uncaught BadMethodCallException: Method getHashedPassword does not exist. in C:\Desenvolvimento\gerenciador-financas\vendor\illuminate\support\Traits\Macroable.php:74
Stack trace:
#0 C:\Desenvolvimento\gerenciador-financas\vendor\jasny\auth\src\Auth.php(132): Illuminate\Support\Collection->__call('getHashedPasswo...', Array)
#1 C:\Desenvolvimento\gerenciador-financas\vendor\jasny\auth\src\Auth.php(146): Jasny\Auth->verifyCredentials(Object(Illuminate\Database\Eloquent\Collection), 'admin123')
#2 C:\Desenvolvimento\gerenciador-financas\src\Auth\Auth.php(34): Jasny\Auth->login('admin@email.com', 'admin123')
#3 C:\Desenvolvimento\gerenciador-financas\src\controllers\auth.php(16): GERENFin\Auth\Auth->login(Array)
#4 C:\Desenvolvimento\gerenciador-financas\src\Application.php(120): {closure}(Object(Zend\Diactoros\ServerRequest))
#5 C:\Desenvolvimento\gerenciador-financas\public\index.php(34): GERENFin\Application->start()
#6 {main}
  thrown in C:\Desenvolvimento\gerenciador-financas\vendor\illuminate\support\Traits\Macroable.php on line 74
[30-May-2018 02:35:05 UTC] PHP Fatal error:  Uncaught BadMethodCallException: Method getHashedPassword does not exist. in C:\Desenvolvimento\gerenciador-financas\vendor\illuminate\support\Traits\Macroable.php:74
Stack trace:
#0 C:\Desenvolvimento\gerenciador-financas\vendor\jasny\auth\src\Auth.php(132): Illuminate\Support\Collection->__call('getHashedPasswo...', Array)
#1 C:\Desenvolvimento\gerenciador-financas\vendor\jasny\auth\src\Auth.php(146): Jasny\Auth->verifyCredentials(Object(Illuminate\Database\Eloquent\Collection), 'admin123')
#2 C:\Desenvolvimento\gerenciador-financas\src\Auth\Auth.php(34): Jasny\Auth->login('admin@email.com', 'admin123')
#3 C:\Desenvolvimento\gerenciador-financas\src\controllers\auth.php(16): GERENFin\Auth\Auth->login(Array)
#4 C:\Desenvolvimento\gerenciador-financas\src\Application.php(120): {closure}(Object(Zend\Diactoros\ServerRequest))
#5 C:\Desenvolvimento\gerenciador-financas\public\index.php(34): GERENFin\Application->start()
#6 {main}
  thrown in C:\Desenvolvimento\gerenciador-financas\vendor\illuminate\support\Traits\Macroable.php on line 74
[30-May-2018 02:36:55 UTC] PHP Fatal error:  Uncaught BadMethodCallException: Method getHashedPassword does not exist. in C:\Desenvolvimento\gerenciador-financas\vendor\illuminate\support\Traits\Macroable.php:74
Stack trace:
#0 C:\Desenvolvimento\gerenciador-financas\vendor\jasny\auth\src\Auth.php(132): Illuminate\Support\Collection->__call('getHashedPasswo...', Array)
#1 C:\Desenvolvimento\gerenciador-financas\vendor\jasny\auth\src\Auth.php(146): Jasny\Auth->verifyCredentials(Object(Illuminate\Database\Eloquent\Collection), 'admin123')
#2 C:\Desenvolvimento\gerenciador-financas\src\Auth\Auth.php(34): Jasny\Auth->login('admin@email.com', 'admin123')
#3 C:\Desenvolvimento\gerenciador-financas\src\controllers\auth.php(16): GERENFin\Auth\Auth->login(Array)
#4 C:\Desenvolvimento\gerenciador-financas\src\Application.php(120): {closure}(Object(Zend\Diactoros\ServerRequest))
#5 C:\Desenvolvimento\gerenciador-financas\public\index.php(34): GERENFin\Application->start()
#6 {main}
  thrown in C:\Desenvolvimento\gerenciador-financas\vendor\illuminate\support\Traits\Macroable.php on line 74
[30-May-2018 02:37:08 UTC] PHP Fatal error:  Uncaught BadMethodCallException: Method getHashedPassword does not exist. in C:\Desenvolvimento\gerenciador-financas\vendor\illuminate\support\Traits\Macroable.php:74
Stack trace:
#0 C:\Desenvolvimento\gerenciador-financas\vendor\jasny\auth\src\Auth.php(132): Illuminate\Support\Collection->__call('getHashedPasswo...', Array)
#1 C:\Desenvolvimento\gerenciador-financas\vendor\jasny\auth\src\Auth.php(146): Jasny\Auth->verifyCredentials(Object(Illuminate\Database\Eloquent\Collection), '123456')
#2 C:\Desenvolvimento\gerenciador-financas\src\Auth\Auth.php(34): Jasny\Auth->login('admin@email.com', '123456')
#3 C:\Desenvolvimento\gerenciador-financas\src\controllers\auth.php(16): GERENFin\Auth\Auth->login(Array)
#4 C:\Desenvolvimento\gerenciador-financas\src\Application.php(120): {closure}(Object(Zend\Diactoros\ServerRequest))
#5 C:\Desenvolvimento\gerenciador-financas\public\index.php(34): GERENFin\Application->start()
#6 {main}
  thrown in C:\Desenvolvimento\gerenciador-financas\vendor\illuminate\support\Traits\Macroable.php on line 74
[07-Jun-2018 18:41:16 UTC] PHP Warning:  mysqli::__construct(): (HY000/2002): Nenhuma conex�o p�de ser feita porque a m�quina de destino as recusou ativamente.
 in C:\Users\hurie\Desktop\novoAchadoePerdidos\achadop\config.php on line 7
[07-Jun-2018 18:43:12 UTC] PHP Warning:  mysqli::__construct(): (HY000/2002): Nenhuma conex�o p�de ser feita porque a m�quina de destino as recusou ativamente.
 in C:\Users\hurie\Desktop\novoAchadoePerdidos\achadop\config.php on line 7
[07-Jun-2018 18:43:37 UTC] PHP Warning:  mysqli::__construct(): (HY000/2002): Nenhuma conex�o p�de ser feita porque a m�quina de destino as recusou ativamente.
 in C:\Users\hurie\Desktop\novoAchadoePerdidos\achadop\config.php on line 7
[07-Jun-2018 18:43:37 UTC] PHP Warning:  var_dump(): Property access is not allowed yet in C:\Users\hurie\Desktop\novoAchadoePerdidos\achadop\config.php on line 8
[07-Jun-2018 18:43:37 UTC] PHP Warning:  var_dump(): Property access is not allowed yet in C:\Users\hurie\Desktop\novoAchadoePerdidos\achadop\config.php on line 8
[07-Jun-2018 18:43:37 UTC] PHP Warning:  var_dump(): Couldn't fetch mysqli in C:\Users\hurie\Desktop\novoAchadoePerdidos\achadop\config.php on line 8
[07-Jun-2018 18:43:37 UTC] PHP Warning:  var_dump(): Couldn't fetch mysqli in C:\Users\hurie\Desktop\novoAchadoePerdidos\achadop\config.php on line 8
[07-Jun-2018 18:43:37 UTC] PHP Warning:  var_dump(): Property access is not allowed yet in C:\Users\hurie\Desktop\novoAchadoePerdidos\achadop\config.php on line 8
[07-Jun-2018 18:43:38 UTC] PHP Warning:  var_dump(): Couldn't fetch mysqli in C:\Users\hurie\Desktop\novoAchadoePerdidos\achadop\config.php on line 8
[07-Jun-2018 18:43:38 UTC] PHP Warning:  var_dump(): Couldn't fetch mysqli in C:\Users\hurie\Desktop\novoAchadoePerdidos\achadop\config.php on line 8
[07-Jun-2018 18:43:38 UTC] PHP Warning:  var_dump(): Couldn't fetch mysqli in C:\Users\hurie\Desktop\novoAchadoePerdidos\achadop\config.php on line 8
[07-Jun-2018 18:43:38 UTC] PHP Warning:  var_dump(): Couldn't fetch mysqli in C:\Users\hurie\Desktop\novoAchadoePerdidos\achadop\config.php on line 8
[07-Jun-2018 18:43:38 UTC] PHP Warning:  var_dump(): Couldn't fetch mysqli in C:\Users\hurie\Desktop\novoAchadoePerdidos\achadop\config.php on line 8
[07-Jun-2018 18:43:38 UTC] PHP Warning:  var_dump(): Couldn't fetch mysqli in C:\Users\hurie\Desktop\novoAchadoePerdidos\achadop\config.php on line 8
[07-Jun-2018 18:43:38 UTC] PHP Warning:  var_dump(): Property access is not allowed yet in C:\Users\hurie\Desktop\novoAchadoePerdidos\achadop\config.php on line 8
[07-Jun-2018 18:43:38 UTC] PHP Warning:  var_dump(): Couldn't fetch mysqli in C:\Users\hurie\Desktop\novoAchadoePerdidos\achadop\config.php on line 8
[07-Jun-2018 18:43:38 UTC] PHP Warning:  var_dump(): Couldn't fetch mysqli in C:\Users\hurie\Desktop\novoAchadoePerdidos\achadop\config.php on line 8
[07-Jun-2018 18:43:38 UTC] PHP Warning:  var_dump(): Couldn't fetch mysqli in C:\Users\hurie\Desktop\novoAchadoePerdidos\achadop\config.php on line 8
[07-Jun-2018 18:43:38 UTC] PHP Warning:  var_dump(): Couldn't fetch mysqli in C:\Users\hurie\Desktop\novoAchadoePerdidos\achadop\config.php on line 8
[07-Jun-2018 18:44:11 UTC] PHP Warning:  mysqli::__construct(): (HY000/2002): Nenhuma conex�o p�de ser feita porque a m�quina de destino as recusou ativamente.
 in C:\Users\hurie\Desktop\novoAchadoePerdidos\achadop\config.php on line 7
[07-Jun-2018 18:44:59 UTC] PHP Warning:  mysqli::__construct(): (HY000/2002): Nenhuma conex�o p�de ser feita porque a m�quina de destino as recusou ativamente.
 in C:\Users\hurie\Desktop\novoAchadoePerdidos\achadop\config.php on line 7
[07-Jun-2018 18:45:04 UTC] PHP Warning:  mysqli::__construct(): (HY000/2002): Nenhuma conex�o p�de ser feita porque a m�quina de destino as recusou ativamente.
 in C:\Users\hurie\Desktop\novoAchadoePerdidos\achadop\config.php on line 7
[07-Jun-2018 18:45:07 UTC] PHP Warning:  mysqli::__construct(): (HY000/2002): Nenhuma conex�o p�de ser feita porque a m�quina de destino as recusou ativamente.
 in C:\Users\hurie\Desktop\novoAchadoePerdidos\achadop\config.php on line 7
[07-Jun-2018 18:48:07 UTC] PHP Fatal error:  Uncaught PDOException: SQLSTATE[HY000] [2002] Nenhuma conexo pde ser feita porque a mquina de destino as recusou ativamente.
 in C:\Users\hurie\Desktop\novoAchadoePerdidos\achadop\config.php:7
Stack trace:
#0 C:\Users\hurie\Desktop\novoAchadoePerdidos\achadop\config.php(7): PDO->__construct('mysql:host=loca...', 'root', '299610')
#1 C:\Users\hurie\Desktop\novoAchadoePerdidos\achadop\index.php(25): include('C:\\Users\\hurie\\...')
#2 {main}
  thrown in C:\Users\hurie\Desktop\novoAchadoePerdidos\achadop\config.php on line 7
[07-Jun-2018 18:48:52 UTC] PHP Fatal error:  Uncaught PDOException: SQLSTATE[HY000] [2002] Nenhuma conexo pde ser feita porque a mquina de destino as recusou ativamente.
 in C:\Users\hurie\Desktop\novoAchadoePerdidos\achadop\config.php:7
Stack trace:
#0 C:\Users\hurie\Desktop\novoAchadoePerdidos\achadop\config.php(7): PDO->__construct('mysql:host=loca...', 'root', '299610')
#1 C:\Users\hurie\Desktop\novoAchadoePerdidos\achadop\index.php(25): include('C:\\Users\\hurie\\...')
#2 {main}
  thrown in C:\Users\hurie\Desktop\novoAchadoePerdidos\achadop\config.php on line 7
[07-Jun-2018 18:49:26 UTC] PHP Fatal error:  Uncaught PDOException: SQLSTATE[HY000] [2002] Nenhuma conexo pde ser feita porque a mquina de destino as recusou ativamente.
 in C:\Users\hurie\Desktop\novoAchadoePerdidos\achadop\config.php:3
Stack trace:
#0 C:\Users\hurie\Desktop\novoAchadoePerdidos\achadop\config.php(3): PDO->__construct('mysql:host=loca...', 'root', '299610')
#1 C:\Users\hurie\Desktop\novoAchadoePerdidos\achadop\index.php(25): include('C:\\Users\\hurie\\...')
#2 {main}
  thrown in C:\Users\hurie\Desktop\novoAchadoePerdidos\achadop\config.php on line 3
[07-Jun-2018 18:56:13 UTC] PHP Notice:  Undefined variable: conn in C:\Users\hurie\Desktop\novoAchadoePerdidos\achadop\cadastro.php on line 11
[07-Jun-2018 18:56:13 UTC] PHP Fatal error:  Uncaught Error: Call to a member function query() on null in C:\Users\hurie\Desktop\novoAchadoePerdidos\achadop\cadastro.php:11
Stack trace:
#0 {main}
  thrown in C:\Users\hurie\Desktop\novoAchadoePerdidos\achadop\cadastro.php on line 11
[08-Jun-2018 16:34:39 UTC] PHP Parse error:  syntax error, unexpected 'public' (T_PUBLIC), expecting end of file in C:\Users\hurie\Desktop\teste.php on line 2
[06-Jul-2018 15:16:17 UTC] PHP Parse error:  syntax error, unexpected '}' in C:\Users\hurie\OneDrive\Desenvolvimento\teste de selecao\application\models\DadosModel.php on line 13
[06-Jul-2018 15:35:47 UTC] PHP Parse error:  syntax error, unexpected '/' in C:\Users\hurie\OneDrive\Desenvolvimento\teste de selecao\application\models\DadosModel.php on line 14
[06-Jul-2018 15:49:28 UTC] PHP Parse error:  syntax error, unexpected ',' in C:\Users\hurie\OneDrive\Desenvolvimento\teste de selecao\application\models\DadosModel.php on line 14
[06-Jul-2018 15:50:35 UTC] PHP Fatal error:  require_once(): Failed opening required 'C:\Users\hurie\OneDrive\Desenvolvimento\teste de selecao\application\models/assets/arquivo/decifra.me' (include_path='.;C:\php\pear') in C:\Users\hurie\OneDrive\Desenvolvimento\teste de selecao\application\models\DadosModel.php on line 12
[06-Jul-2018 15:50:50 UTC] PHP Fatal error:  require_once(): Failed opening required 'C:\Users\hurie\OneDrive\Desenvolvimento\teste de selecao\application\models/assets/arquivo/decifra.me' (include_path='.;C:\php\pear') in C:\Users\hurie\OneDrive\Desenvolvimento\teste de selecao\application\models\DadosModel.php on line 12
[06-Jul-2018 15:51:04 UTC] PHP Fatal error:  require_once(): Failed opening required 'C:\Users\hurie\OneDrive\Desenvolvimento\teste de selecao\application\models/../../assets/arquivo/decifra.me' (include_path='.;C:\php\pear') in C:\Users\hurie\OneDrive\Desenvolvimento\teste de selecao\application\models\DadosModel.php on line 12
[06-Jul-2018 15:51:24 UTC] PHP Fatal error:  require_once(): Failed opening required 'assets/arquivo/decifra.me' (include_path='.;C:\php\pear') in C:\Users\hurie\OneDrive\Desenvolvimento\teste de selecao\application\models\DadosModel.php on line 12
[06-Jul-2018 15:54:04 UTC] PHP Fatal error:  Maximum execution time of 30 seconds exceeded in C:\Users\hurie\OneDrive\Desenvolvimento\teste de selecao\system\core\Common.php on line 597
[06-Jul-2018 15:56:05 UTC] PHP Fatal error:  Maximum execution time of 30 seconds exceeded in C:\Users\hurie\OneDrive\Desenvolvimento\teste de selecao\system\core\Common.php on line 597
[06-Jul-2018 16:01:31 UTC] PHP Fatal error:  Maximum execution time of 30 seconds exceeded in C:\Users\hurie\OneDrive\Desenvolvimento\teste de selecao\system\core\Common.php on line 597
[27-Jul-2018 21:19:56 UTC] PHP Warning:  require_once(C:\Users\hurie\OneDrive\Projetos\gira-df-site\vendor\HL\Controller/../App/Views/principal/index.php): failed to open stream: No such file or directory in C:\Users\hurie\OneDrive\Projetos\gira-df-site\vendor\HL\Controller\Controller.php on line 39
[27-Jul-2018 21:19:56 UTC] PHP Fatal error:  require_once(): Failed opening required 'C:\Users\hurie\OneDrive\Projetos\gira-df-site\vendor\HL\Controller/../App/Views/principal/index.php' (include_path='.;C:\php\pear') in C:\Users\hurie\OneDrive\Projetos\gira-df-site\vendor\HL\Controller\Controller.php on line 39
[27-Jul-2018 21:59:48 UTC] PHP Warning:  hash_file(composer-setup.php): failed to open stream: No such file or directory in Command line code on line 1
[27-Jul-2018 21:59:48 UTC] PHP Warning:  unlink(composer-setup.php): No such file or directory in Command line code on line 1
[27-Jul-2018 20:03:18 UTC] PHP Fatal error:  Class 'App\Init\Bootstrap' not found in C:\Users\hurie\OneDrive\Projetos\gira-df-site\App\Route.php on line 7
[27-Jul-2018 20:03:36 UTC] PHP Fatal error:  Class 'App\Init\Bootstrap' not found in C:\Users\hurie\OneDrive\Projetos\gira-df-site\App\Route.php on line 7
[27-Jul-2018 20:09:31 UTC] PHP Warning:  include_once(../Views/principal/index.php): failed to open stream: No such file or directory in C:\Users\hurie\OneDrive\Projetos\gira-df-site\App\Controllers\PrincipalController.php on line 14
[27-Jul-2018 20:09:31 UTC] PHP Warning:  include_once(): Failed opening '../Views/principal/index.php' for inclusion (include_path='.;C:\php\pear') in C:\Users\hurie\OneDrive\Projetos\gira-df-site\App\Controllers\PrincipalController.php on line 14
[27-Jul-2018 21:24:49 UTC] PHP Warning:  include_once(../Views/layout.php): failed to open stream: No such file or directory in C:\Users\hurie\OneDrive\Projetos\gira-df-site\vendor\HL\Controller\Controller.php on line 22
[27-Jul-2018 21:24:49 UTC] PHP Warning:  include_once(): Failed opening '../Views/layout.php' for inclusion (include_path='.;C:\php\pear') in C:\Users\hurie\OneDrive\Projetos\gira-df-site\vendor\HL\Controller\Controller.php on line 22
[27-Jul-2018 22:17:36 UTC] PHP Warning:  include_once(../App/Views/errors/404.php): failed to open stream: No such file or directory in C:\Users\hurie\OneDrive\Projetos\gira-df-site\vendor\HL\Init\Bootstrap.php on line 27
[27-Jul-2018 22:17:36 UTC] PHP Warning:  include_once(): Failed opening '../App/Views/errors/404.php' for inclusion (include_path='.;C:\php\pear') in C:\Users\hurie\OneDrive\Projetos\gira-df-site\vendor\HL\Init\Bootstrap.php on line 27
[27-Jul-2018 22:17:53 UTC] PHP Warning:  include_once(../../App/Views/errors/404.php): failed to open stream: No such file or directory in C:\Users\hurie\OneDrive\Projetos\gira-df-site\vendor\HL\Init\Bootstrap.php on line 27
[27-Jul-2018 22:17:53 UTC] PHP Warning:  include_once(): Failed opening '../../App/Views/errors/404.php' for inclusion (include_path='.;C:\php\pear') in C:\Users\hurie\OneDrive\Projetos\gira-df-site\vendor\HL\Init\Bootstrap.php on line 27
[27-Jul-2018 22:18:35 UTC] PHP Warning:  include_once(../../App/Views/errors/404.php): failed to open stream: No such file or directory in C:\Users\hurie\OneDrive\Projetos\gira-df-site\vendor\HL\Init\Bootstrap.php on line 27
[27-Jul-2018 22:18:35 UTC] PHP Warning:  include_once(): Failed opening '../../App/Views/errors/404.php' for inclusion (include_path='.;C:\php\pear') in C:\Users\hurie\OneDrive\Projetos\gira-df-site\vendor\HL\Init\Bootstrap.php on line 27
[27-Jul-2018 22:18:35 UTC] PHP Warning:  include_once(../../App/Views/errors/404.php): failed to open stream: No such file or directory in C:\Users\hurie\OneDrive\Projetos\gira-df-site\vendor\HL\Init\Bootstrap.php on line 27
[27-Jul-2018 22:18:35 UTC] PHP Warning:  include_once(): Failed opening '../../App/Views/errors/404.php' for inclusion (include_path='.;C:\php\pear') in C:\Users\hurie\OneDrive\Projetos\gira-df-site\vendor\HL\Init\Bootstrap.php on line 27
[27-Jul-2018 22:36:09 UTC] PHP Warning:  require_once(C:\Users\hurie\OneDrive\Projetos\gira-df-site\App\Views\principal/includes/menu.php): failed to open stream: No such file or directory in C:\Users\hurie\OneDrive\Projetos\gira-df-site\App\Views\principal\index.php on line 1
[27-Jul-2018 22:36:10 UTC] PHP Fatal error:  require_once(): Failed opening required 'C:\Users\hurie\OneDrive\Projetos\gira-df-site\App\Views\principal/includes/menu.php' (include_path='.;C:\php\pear') in C:\Users\hurie\OneDrive\Projetos\gira-df-site\App\Views\principal\index.php on line 1
[27-Jul-2018 22:38:03 UTC] PHP Warning:  require_once(C:\Users\hurie\OneDrive\Projetos\gira-df-site\App\Views\principal/includes/footer.php): failed to open stream: No such file or directory in C:\Users\hurie\OneDrive\Projetos\gira-df-site\App\Views\principal\index.php on line 2
[27-Jul-2018 22:38:03 UTC] PHP Fatal error:  require_once(): Failed opening required 'C:\Users\hurie\OneDrive\Projetos\gira-df-site\App\Views\principal/includes/footer.php' (include_path='.;C:\php\pear') in C:\Users\hurie\OneDrive\Projetos\gira-df-site\App\Views\principal\index.php on line 2
[10-Aug-2018 15:18:39 UTC] PHP Fatal error:  Uncaught PDOException: SQLSTATE[HY000] [2002] Nenhuma conexo pde ser feita porque a mquina de destino as recusou ativamente.
 in C:\Users\hurie\Desktop\backup_dinamico\index.php:10
Stack trace:
#0 C:\Users\hurie\Desktop\backup_dinamico\index.php(10): PDO->__construct('mysql:hostlocal...', 'root', '299610')
#1 C:\Users\hurie\Desktop\backup_dinamico\index.php(15): backup()
#2 {main}
  thrown in C:\Users\hurie\Desktop\backup_dinamico\index.php on line 10
[10-Aug-2018 15:18:57 UTC] PHP Fatal error:  Uncaught PDOException: SQLSTATE[HY000] [2002] Nenhuma conexo pde ser feita porque a mquina de destino as recusou ativamente.
 in C:\Users\hurie\Desktop\backup_dinamico\index.php:10
Stack trace:
#0 C:\Users\hurie\Desktop\backup_dinamico\index.php(10): PDO->__construct('mysql:host=loca...', 'root', '299610')
#1 C:\Users\hurie\Desktop\backup_dinamico\index.php(15): backup()
#2 {main}
  thrown in C:\Users\hurie\Desktop\backup_dinamico\index.php on line 10
[10-Aug-2018 15:19:34 UTC] PHP Fatal error:  Uncaught PDOException: SQLSTATE[HY000] [2002] Nenhuma conexo pde ser feita porque a mquina de destino as recusou ativamente.
 in C:\Users\hurie\Desktop\backup_dinamico\index.php:10
Stack trace:
#0 C:\Users\hurie\Desktop\backup_dinamico\index.php(10): PDO->__construct('mysql:host=loca...', 'root', '299610')
#1 C:\Users\hurie\Desktop\backup_dinamico\index.php(13): backup()
#2 {main}
  thrown in C:\Users\hurie\Desktop\backup_dinamico\index.php on line 10
[10-Aug-2018 15:19:42 UTC] PHP Fatal error:  Uncaught PDOException: SQLSTATE[HY000] [2002] Nenhuma conexo pde ser feita porque a mquina de destino as recusou ativamente.
 in C:\Users\hurie\Desktop\backup_dinamico\index.php:10
Stack trace:
#0 C:\Users\hurie\Desktop\backup_dinamico\index.php(10): PDO->__construct('mysql:host=loca...', 'root', '299610')
#1 C:\Users\hurie\Desktop\backup_dinamico\index.php(13): backup()
#2 {main}
  thrown in C:\Users\hurie\Desktop\backup_dinamico\index.php on line 10
[10-Aug-2018 15:19:58 UTC] PHP Fatal error:  Uncaught PDOException: SQLSTATE[HY000] [2002] Nenhuma conexo pde ser feita porque a mquina de destino as recusou ativamente.
 in C:\Users\hurie\Desktop\backup_dinamico\index.php:10
Stack trace:
#0 C:\Users\hurie\Desktop\backup_dinamico\index.php(10): PDO->__construct('mysql:host=loca...', 'root', '299610')
#1 C:\Users\hurie\Desktop\backup_dinamico\index.php(15): backup()
#2 {main}
  thrown in C:\Users\hurie\Desktop\backup_dinamico\index.php on line 10
[10-Aug-2018 15:20:27 UTC] PHP Fatal error:  Uncaught PDOException: SQLSTATE[HY000] [2002] Nenhuma conexo pde ser feita porque a mquina de destino as recusou ativamente.
 in C:\Users\hurie\Desktop\backup_dinamico\index.php:10
Stack trace:
#0 C:\Users\hurie\Desktop\backup_dinamico\index.php(10): PDO->__construct('mysql:host=loca...', 'root', '299610')
#1 C:\Users\hurie\Desktop\backup_dinamico\index.php(15): backup()
#2 {main}
  thrown in C:\Users\hurie\Desktop\backup_dinamico\index.php on line 10
[10-Aug-2018 15:21:52 UTC] PHP Fatal error:  Uncaught PDOException: SQLSTATE[HY000] [2002] Nenhuma conexo pde ser feita porque a mquina de destino as recusou ativamente.
 in C:\Users\hurie\Desktop\backup_dinamico\index.php:10
Stack trace:
#0 C:\Users\hurie\Desktop\backup_dinamico\index.php(10): PDO->__construct('mysql:host=loca...', 'root', '299610')
#1 C:\Users\hurie\Desktop\backup_dinamico\index.php(15): backup()
#2 {main}
  thrown in C:\Users\hurie\Desktop\backup_dinamico\index.php on line 10
[10-Aug-2018 15:22:41 UTC] PHP Warning:  Use of undefined constant HOST - assumed 'HOST' (this will throw an Error in a future version of PHP) in C:\Users\hurie\Desktop\backup_dinamico\index.php on line 3
[10-Aug-2018 15:22:41 UTC] PHP Warning:  Use of undefined constant DB - assumed 'DB' (this will throw an Error in a future version of PHP) in C:\Users\hurie\Desktop\backup_dinamico\index.php on line 4
[10-Aug-2018 15:22:41 UTC] PHP Warning:  Use of undefined constant USER - assumed 'USER' (this will throw an Error in a future version of PHP) in C:\Users\hurie\Desktop\backup_dinamico\index.php on line 5
[10-Aug-2018 15:22:41 UTC] PHP Warning:  Use of undefined constant PASS - assumed 'PASS' (this will throw an Error in a future version of PHP) in C:\Users\hurie\Desktop\backup_dinamico\index.php on line 6
[10-Aug-2018 15:22:43 UTC] PHP Fatal error:  Uncaught PDOException: SQLSTATE[HY000] [2002] Nenhuma conexo pde ser feita porque a mquina de destino as recusou ativamente.
 in C:\Users\hurie\Desktop\backup_dinamico\index.php:10
Stack trace:
#0 C:\Users\hurie\Desktop\backup_dinamico\index.php(10): PDO->__construct('mysql:host=loca...', 'root', '299610')
#1 C:\Users\hurie\Desktop\backup_dinamico\index.php(15): backup()
#2 {main}
  thrown in C:\Users\hurie\Desktop\backup_dinamico\index.php on line 10
[10-Aug-2018 15:23:44 UTC] PHP Fatal error:  Uncaught PDOException: SQLSTATE[HY000] [2002] Nenhuma conexo pde ser feita porque a mquina de destino as recusou ativamente.
 in C:\Users\hurie\Desktop\backup_dinamico\index.php:10
Stack trace:
#0 C:\Users\hurie\Desktop\backup_dinamico\index.php(10): PDO->__construct('mysql:host=loca...', 'root', '299610')
#1 C:\Users\hurie\Desktop\backup_dinamico\index.php(15): backup()
#2 {main}
  thrown in C:\Users\hurie\Desktop\backup_dinamico\index.php on line 10
[10-Aug-2018 15:23:54 UTC] PHP Fatal error:  Uncaught PDOException: SQLSTATE[HY000] [2002] Nenhuma conexo pde ser feita porque a mquina de destino as recusou ativamente.
 in C:\Users\hurie\Desktop\backup_dinamico\index.php:10
Stack trace:
#0 C:\Users\hurie\Desktop\backup_dinamico\index.php(10): PDO->__construct('mysql:host=loca...', 'root', '299610')
#1 C:\Users\hurie\Desktop\backup_dinamico\index.php(16): backup()
#2 {main}
  thrown in C:\Users\hurie\Desktop\backup_dinamico\index.php on line 10
[10-Aug-2018 15:24:09 UTC] PHP Fatal error:  Uncaught PDOException: SQLSTATE[HY000] [2002] Nenhuma conexo pde ser feita porque a mquina de destino as recusou ativamente.
 in C:\Users\hurie\Desktop\backup_dinamico\index.php:10
Stack trace:
#0 C:\Users\hurie\Desktop\backup_dinamico\index.php(10): PDO->__construct('mysql:host=loca...', 'root', '299610')
#1 C:\Users\hurie\Desktop\backup_dinamico\index.php(13): backup()
#2 {main}
  thrown in C:\Users\hurie\Desktop\backup_dinamico\index.php on line 10
[10-Aug-2018 15:24:25 UTC] PHP Fatal error:  Uncaught PDOException: SQLSTATE[HY000] [2002] Nenhuma conexo pde ser feita porque a mquina de destino as recusou ativamente.
 in C:\Users\hurie\Desktop\backup_dinamico\index.php:10
Stack trace:
#0 C:\Users\hurie\Desktop\backup_dinamico\index.php(10): PDO->__construct('mysql:host=loca...', 'root', '299610')
#1 C:\Users\hurie\Desktop\backup_dinamico\index.php(13): backup()
#2 {main}
  thrown in C:\Users\hurie\Desktop\backup_dinamico\index.php on line 10
[10-Aug-2018 15:26:24 UTC] PHP Fatal error:  Uncaught PDOException: SQLSTATE[HY000] [2002] Nenhuma conexo pde ser feita porque a mquina de destino as recusou ativamente.
 in C:\Users\hurie\Desktop\backup_dinamico\index.php:10
Stack trace:
#0 C:\Users\hurie\Desktop\backup_dinamico\index.php(10): PDO->__construct('mysql:host=loca...', 'root', '299610')
#1 C:\Users\hurie\Desktop\backup_dinamico\index.php(15): backup()
#2 {main}
  thrown in C:\Users\hurie\Desktop\backup_dinamico\index.php on line 10
[10-Aug-2018 12:43:53 America/Sao_Paulo] PHP Fatal error:  Uncaught PDOException: SQLSTATE[HY000] [2002] Nenhuma conexo pde ser feita porque a mquina de destino as recusou ativamente.
 in C:\Users\hurie\Desktop\backup_dinamico\index.php:12
Stack trace:
#0 C:\Users\hurie\Desktop\backup_dinamico\index.php(12): PDO->__construct('mysql:host=loca...', 'root', '299610')
#1 C:\Users\hurie\Desktop\backup_dinamico\index.php(29): backup()
#2 {main}
  thrown in C:\Users\hurie\Desktop\backup_dinamico\index.php on line 12
[10-Aug-2018 12:44:33 America/Sao_Paulo] PHP Fatal error:  Uncaught PDOException: SQLSTATE[HY000] [2002] Nenhuma conexo pde ser feita porque a mquina de destino as recusou ativamente.
 in C:\Users\hurie\Desktop\backup_dinamico\index.php:12
Stack trace:
#0 C:\Users\hurie\Desktop\backup_dinamico\index.php(12): PDO->__construct('mysql:host=loca...', 'root', '299610')
#1 C:\Users\hurie\Desktop\backup_dinamico\index.php(32): backup()
#2 {main}
  thrown in C:\Users\hurie\Desktop\backup_dinamico\index.php on line 12
[10-Aug-2018 12:45:12 America/Sao_Paulo] PHP Fatal error:  Uncaught PDOException: SQLSTATE[HY000] [2002] Nenhuma conexo pde ser feita porque a mquina de destino as recusou ativamente.
 in C:\Users\hurie\Desktop\backup_dinamico\index.php:12
Stack trace:
#0 C:\Users\hurie\Desktop\backup_dinamico\index.php(12): PDO->__construct('mysql:host=loca...', 'root', '299610')
#1 C:\Users\hurie\Desktop\backup_dinamico\index.php(35): backup()
#2 {main}
  thrown in C:\Users\hurie\Desktop\backup_dinamico\index.php on line 12
[10-Aug-2018 12:46:03 America/Sao_Paulo] PHP Fatal error:  Uncaught PDOException: SQLSTATE[HY000] [2002] Nenhuma conexo pde ser feita porque a mquina de destino as recusou ativamente.
 in C:\Users\hurie\Desktop\backup_dinamico\index.php:12
Stack trace:
#0 C:\Users\hurie\Desktop\backup_dinamico\index.php(12): PDO->__construct('mysql:host=loca...', 'root', '299610')
#1 C:\Users\hurie\Desktop\backup_dinamico\index.php(35): backup()
#2 {main}
  thrown in C:\Users\hurie\Desktop\backup_dinamico\index.php on line 12
[10-Aug-2018 13:06:08 America/Sao_Paulo] PHP Notice:  Undefined variable: f in C:\Users\hurie\Desktop\backup_dinamico\index.php on line 22
[10-Aug-2018 13:06:08 America/Sao_Paulo] PHP Warning:  fwrite() expects parameter 1 to be resource, null given in C:\Users\hurie\Desktop\backup_dinamico\index.php on line 22
[10-Aug-2018 13:06:09 America/Sao_Paulo] PHP Notice:  Undefined variable: f in C:\Users\hurie\Desktop\backup_dinamico\index.php on line 22
[10-Aug-2018 13:06:09 America/Sao_Paulo] PHP Warning:  fwrite() expects parameter 1 to be resource, null given in C:\Users\hurie\Desktop\backup_dinamico\index.php on line 22
[10-Aug-2018 13:24:11 America/Sao_Paulo] PHP Warning:  fopen(Backup 10/08/2018.sql): failed to open stream: No such file or directory in C:\Users\hurie\Desktop\backup_dinamico\index.php on line 14
[10-Aug-2018 13:24:11 America/Sao_Paulo] PHP Warning:  fwrite() expects parameter 1 to be resource, boolean given in C:\Users\hurie\Desktop\backup_dinamico\index.php on line 22
[10-Aug-2018 13:24:11 America/Sao_Paulo] PHP Warning:  fwrite() expects parameter 1 to be resource, boolean given in C:\Users\hurie\Desktop\backup_dinamico\index.php on line 30
[10-Aug-2018 13:24:11 America/Sao_Paulo] PHP Warning:  fwrite() expects parameter 1 to be resource, boolean given in C:\Users\hurie\Desktop\backup_dinamico\index.php on line 30
[10-Aug-2018 13:24:11 America/Sao_Paulo] PHP Warning:  fwrite() expects parameter 1 to be resource, boolean given in C:\Users\hurie\Desktop\backup_dinamico\index.php on line 34
[10-Aug-2018 13:24:11 America/Sao_Paulo] PHP Warning:  fwrite() expects parameter 1 to be resource, boolean given in C:\Users\hurie\Desktop\backup_dinamico\index.php on line 22
[10-Aug-2018 13:24:11 America/Sao_Paulo] PHP Warning:  fwrite() expects parameter 1 to be resource, boolean given in C:\Users\hurie\Desktop\backup_dinamico\index.php on line 30
[10-Aug-2018 13:24:11 America/Sao_Paulo] PHP Warning:  fwrite() expects parameter 1 to be resource, boolean given in C:\Users\hurie\Desktop\backup_dinamico\index.php on line 30
[10-Aug-2018 13:24:11 America/Sao_Paulo] PHP Warning:  fwrite() expects parameter 1 to be resource, boolean given in C:\Users\hurie\Desktop\backup_dinamico\index.php on line 34
[10-Aug-2018 13:24:11 America/Sao_Paulo] PHP Warning:  fclose() expects parameter 1 to be resource, boolean given in C:\Users\hurie\Desktop\backup_dinamico\index.php on line 45
[10-Aug-2018 13:24:21 America/Sao_Paulo] PHP Warning:  fopen(Backup 10/08/2018.sql): failed to open stream: No such file or directory in C:\Users\hurie\Desktop\backup_dinamico\index.php on line 14
[10-Aug-2018 13:24:21 America/Sao_Paulo] PHP Warning:  fwrite() expects parameter 1 to be resource, boolean given in C:\Users\hurie\Desktop\backup_dinamico\index.php on line 22
[10-Aug-2018 13:24:21 America/Sao_Paulo] PHP Warning:  fwrite() expects parameter 1 to be resource, boolean given in C:\Users\hurie\Desktop\backup_dinamico\index.php on line 30
[10-Aug-2018 13:24:21 America/Sao_Paulo] PHP Warning:  fwrite() expects parameter 1 to be resource, boolean given in C:\Users\hurie\Desktop\backup_dinamico\index.php on line 30
[10-Aug-2018 13:24:21 America/Sao_Paulo] PHP Warning:  fwrite() expects parameter 1 to be resource, boolean given in C:\Users\hurie\Desktop\backup_dinamico\index.php on line 34
[10-Aug-2018 13:24:21 America/Sao_Paulo] PHP Warning:  fwrite() expects parameter 1 to be resource, boolean given in C:\Users\hurie\Desktop\backup_dinamico\index.php on line 22
[10-Aug-2018 13:24:21 America/Sao_Paulo] PHP Warning:  fwrite() expects parameter 1 to be resource, boolean given in C:\Users\hurie\Desktop\backup_dinamico\index.php on line 30
[10-Aug-2018 13:24:21 America/Sao_Paulo] PHP Warning:  fwrite() expects parameter 1 to be resource, boolean given in C:\Users\hurie\Desktop\backup_dinamico\index.php on line 30
[10-Aug-2018 13:24:21 America/Sao_Paulo] PHP Warning:  fwrite() expects parameter 1 to be resource, boolean given in C:\Users\hurie\Desktop\backup_dinamico\index.php on line 34
[10-Aug-2018 13:24:21 America/Sao_Paulo] PHP Warning:  fclose() expects parameter 1 to be resource, boolean given in C:\Users\hurie\Desktop\backup_dinamico\index.php on line 45
[10-Aug-2018 13:24:27 America/Sao_Paulo] PHP Warning:  fopen(Backup 10/08/2018.sql): failed to open stream: No such file or directory in C:\Users\hurie\Desktop\backup_dinamico\index.php on line 14
[10-Aug-2018 13:24:27 America/Sao_Paulo] PHP Warning:  fwrite() expects parameter 1 to be resource, boolean given in C:\Users\hurie\Desktop\backup_dinamico\index.php on line 22
[10-Aug-2018 13:24:27 America/Sao_Paulo] PHP Warning:  fwrite() expects parameter 1 to be resource, boolean given in C:\Users\hurie\Desktop\backup_dinamico\index.php on line 30
[10-Aug-2018 13:24:27 America/Sao_Paulo] PHP Warning:  fwrite() expects parameter 1 to be resource, boolean given in C:\Users\hurie\Desktop\backup_dinamico\index.php on line 30
[10-Aug-2018 13:24:27 America/Sao_Paulo] PHP Warning:  fwrite() expects parameter 1 to be resource, boolean given in C:\Users\hurie\Desktop\backup_dinamico\index.php on line 34
[10-Aug-2018 13:24:27 America/Sao_Paulo] PHP Warning:  fwrite() expects parameter 1 to be resource, boolean given in C:\Users\hurie\Desktop\backup_dinamico\index.php on line 22
[10-Aug-2018 13:24:27 America/Sao_Paulo] PHP Warning:  fwrite() expects parameter 1 to be resource, boolean given in C:\Users\hurie\Desktop\backup_dinamico\index.php on line 30
[10-Aug-2018 13:24:27 America/Sao_Paulo] PHP Warning:  fwrite() expects parameter 1 to be resource, boolean given in C:\Users\hurie\Desktop\backup_dinamico\index.php on line 30
[10-Aug-2018 13:24:27 America/Sao_Paulo] PHP Warning:  fwrite() expects parameter 1 to be resource, boolean given in C:\Users\hurie\Desktop\backup_dinamico\index.php on line 34
[10-Aug-2018 13:24:27 America/Sao_Paulo] PHP Warning:  fclose() expects parameter 1 to be resource, boolean given in C:\Users\hurie\Desktop\backup_dinamico\index.php on line 45
[10-Aug-2018 16:27:34 UTC] PHP Parse error:  syntax error, unexpected ';' in C:\Users\hurie\Desktop\backup_dinamico\index.php on line 13
[10-Aug-2018 16:27:36 UTC] PHP Parse error:  syntax error, unexpected ';' in C:\Users\hurie\Desktop\backup_dinamico\index.php on line 13
[10-Aug-2018 16:27:38 UTC] PHP Parse error:  syntax error, unexpected ';' in C:\Users\hurie\Desktop\backup_dinamico\index.php on line 13
[10-Aug-2018 16:27:47 UTC] PHP Parse error:  syntax error, unexpected ';' in C:\Users\hurie\Desktop\backup_dinamico\index.php on line 13
[10-Aug-2018 16:27:48 UTC] PHP Parse error:  syntax error, unexpected ';' in C:\Users\hurie\Desktop\backup_dinamico\index.php on line 13
[16-Aug-2018 17:17:36 UTC] PHP Fatal error:  Uncaught Error: Class 'App\Controllers\PrincipalController' not found in C:\Users\hurie\Desktop\BackupDinamic\App\Backup\Init\Bootstrap.php:23
Stack trace:
#0 [internal function]: Backup\Init\Bootstrap->Backup\Init\{closure}(Array, 'home')
#1 C:\Users\hurie\Desktop\BackupDinamic\App\Backup\Init\Bootstrap.php(29): array_walk(Array, Object(Closure))
#2 C:\Users\hurie\Desktop\BackupDinamic\App\Backup\Init\Bootstrap.php(13): Backup\Init\Bootstrap->run('/')
#3 C:\Users\hurie\Desktop\BackupDinamic\public\index.php(10): Backup\Init\Bootstrap->__construct()
#4 {main}
  thrown in C:\Users\hurie\Desktop\BackupDinamic\App\Backup\Init\Bootstrap.php on line 23
[16-Aug-2018 17:42:19 UTC] PHP Warning:  include_once(../App/Views/principal/index.php): failed to open stream: No such file or directory in C:\Users\hurie\Desktop\BackupDinamic\App\Backup\Controller\Controller.php on line 30
[16-Aug-2018 17:42:19 UTC] PHP Warning:  include_once(): Failed opening '../App/Views/principal/index.php' for inclusion (include_path='.;C:\php\pear') in C:\Users\hurie\Desktop\BackupDinamic\App\Backup\Controller\Controller.php on line 30
[16-Aug-2018 17:43:04 UTC] PHP Warning:  include_once(/../App/Views/principal/index.php): failed to open stream: No such file or directory in C:\Users\hurie\Desktop\BackupDinamic\App\Backup\Controller\Controller.php on line 30
[16-Aug-2018 17:43:04 UTC] PHP Warning:  include_once(): Failed opening '/../App/Views/principal/index.php' for inclusion (include_path='.;C:\php\pear') in C:\Users\hurie\Desktop\BackupDinamic\App\Backup\Controller\Controller.php on line 30
[16-Aug-2018 17:43:12 UTC] PHP Warning:  include_once(C:\Users\hurie\Desktop\BackupDinamic\App\Backup\Controller../App/Views/principal/index.php): failed to open stream: No such file or directory in C:\Users\hurie\Desktop\BackupDinamic\App\Backup\Controller\Controller.php on line 30
[16-Aug-2018 17:43:12 UTC] PHP Warning:  include_once(): Failed opening 'C:\Users\hurie\Desktop\BackupDinamic\App\Backup\Controller../App/Views/principal/index.php' for inclusion (include_path='.;C:\php\pear') in C:\Users\hurie\Desktop\BackupDinamic\App\Backup\Controller\Controller.php on line 30
[16-Aug-2018 17:43:18 UTC] PHP Warning:  include_once(../App/Views/principal/index.php): failed to open stream: No such file or directory in C:\Users\hurie\Desktop\BackupDinamic\App\Backup\Controller\Controller.php on line 30
[16-Aug-2018 17:43:18 UTC] PHP Warning:  include_once(): Failed opening '../App/Views/principal/index.php' for inclusion (include_path='.;C:\php\pear') in C:\Users\hurie\Desktop\BackupDinamic\App\Backup\Controller\Controller.php on line 30
[16-Aug-2018 17:43:26 UTC] PHP Warning:  include_once(/App/Views/principal/index.php): failed to open stream: No such file or directory in C:\Users\hurie\Desktop\BackupDinamic\App\Backup\Controller\Controller.php on line 30
[16-Aug-2018 17:43:26 UTC] PHP Warning:  include_once(): Failed opening '/App/Views/principal/index.php' for inclusion (include_path='.;C:\php\pear') in C:\Users\hurie\Desktop\BackupDinamic\App\Backup\Controller\Controller.php on line 30
[16-Aug-2018 17:43:30 UTC] PHP Warning:  include_once(App/Views/principal/index.php): failed to open stream: No such file or directory in C:\Users\hurie\Desktop\BackupDinamic\App\Backup\Controller\Controller.php on line 30
[16-Aug-2018 17:43:30 UTC] PHP Warning:  include_once(): Failed opening 'App/Views/principal/index.php' for inclusion (include_path='.;C:\php\pear') in C:\Users\hurie\Desktop\BackupDinamic\App\Backup\Controller\Controller.php on line 30
[16-Aug-2018 17:43:33 UTC] PHP Warning:  include_once(App/Views/principal/index.php): failed to open stream: No such file or directory in C:\Users\hurie\Desktop\BackupDinamic\App\Backup\Controller\Controller.php on line 30
[16-Aug-2018 17:43:34 UTC] PHP Warning:  include_once(): Failed opening 'App/Views/principal/index.php' for inclusion (include_path='.;C:\php\pear') in C:\Users\hurie\Desktop\BackupDinamic\App\Backup\Controller\Controller.php on line 30
[16-Aug-2018 17:43:34 UTC] PHP Warning:  include_once(App/Views/principal/index.php): failed to open stream: No such file or directory in C:\Users\hurie\Desktop\BackupDinamic\App\Backup\Controller\Controller.php on line 30
[16-Aug-2018 17:43:34 UTC] PHP Warning:  include_once(): Failed opening 'App/Views/principal/index.php' for inclusion (include_path='.;C:\php\pear') in C:\Users\hurie\Desktop\BackupDinamic\App\Backup\Controller\Controller.php on line 30
[16-Aug-2018 17:43:41 UTC] PHP Warning:  include_once(../Views/principal/index.php): failed to open stream: No such file or directory in C:\Users\hurie\Desktop\BackupDinamic\App\Backup\Controller\Controller.php on line 30
[16-Aug-2018 17:43:41 UTC] PHP Warning:  include_once(): Failed opening '../Views/principal/index.php' for inclusion (include_path='.;C:\php\pear') in C:\Users\hurie\Desktop\BackupDinamic\App\Backup\Controller\Controller.php on line 30
[16-Aug-2018 17:43:43 UTC] PHP Warning:  include_once(../Views/principal/index.php): failed to open stream: No such file or directory in C:\Users\hurie\Desktop\BackupDinamic\App\Backup\Controller\Controller.php on line 30
[16-Aug-2018 17:43:43 UTC] PHP Warning:  include_once(): Failed opening '../Views/principal/index.php' for inclusion (include_path='.;C:\php\pear') in C:\Users\hurie\Desktop\BackupDinamic\App\Backup\Controller\Controller.php on line 30
[16-Aug-2018 17:43:43 UTC] PHP Warning:  include_once(../Views/principal/index.php): failed to open stream: No such file or directory in C:\Users\hurie\Desktop\BackupDinamic\App\Backup\Controller\Controller.php on line 30
[16-Aug-2018 17:43:43 UTC] PHP Warning:  include_once(): Failed opening '../Views/principal/index.php' for inclusion (include_path='.;C:\php\pear') in C:\Users\hurie\Desktop\BackupDinamic\App\Backup\Controller\Controller.php on line 30
[16-Aug-2018 17:43:53 UTC] PHP Warning:  include_once(../../Views/principal/index.php): failed to open stream: No such file or directory in C:\Users\hurie\Desktop\BackupDinamic\App\Backup\Controller\Controller.php on line 30
[16-Aug-2018 17:43:53 UTC] PHP Warning:  include_once(): Failed opening '../../Views/principal/index.php' for inclusion (include_path='.;C:\php\pear') in C:\Users\hurie\Desktop\BackupDinamic\App\Backup\Controller\Controller.php on line 30
[16-Aug-2018 17:44:21 UTC] PHP Warning:  include_once(../Views/layout.php): failed to open stream: No such file or directory in C:\Users\hurie\Desktop\BackupDinamic\App\Backup\Controller\Controller.php on line 20
[16-Aug-2018 17:44:21 UTC] PHP Warning:  include_once(): Failed opening '../Views/layout.php' for inclusion (include_path='.;C:\php\pear') in C:\Users\hurie\Desktop\BackupDinamic\App\Backup\Controller\Controller.php on line 20
[16-Aug-2018 17:45:28 UTC] PHP Warning:  include_once(../../Views/principal/index.php): failed to open stream: No such file or directory in C:\Users\hurie\Desktop\BackupDinamic\App\Backup\Controller\Controller.php on line 30
[16-Aug-2018 17:45:28 UTC] PHP Warning:  include_once(): Failed opening '../../Views/principal/index.php' for inclusion (include_path='.;C:\php\pear') in C:\Users\hurie\Desktop\BackupDinamic\App\Backup\Controller\Controller.php on line 30
[16-Aug-2018 17:45:32 UTC] PHP Warning:  include_once(../../Views/principal/index.php): failed to open stream: No such file or directory in C:\Users\hurie\Desktop\BackupDinamic\App\Backup\Controller\Controller.php on line 30
[16-Aug-2018 17:45:32 UTC] PHP Warning:  include_once(): Failed opening '../../Views/principal/index.php' for inclusion (include_path='.;C:\php\pear') in C:\Users\hurie\Desktop\BackupDinamic\App\Backup\Controller\Controller.php on line 30
[16-Aug-2018 17:45:34 UTC] PHP Warning:  include_once(../../Views/principal/index.php): failed to open stream: No such file or directory in C:\Users\hurie\Desktop\BackupDinamic\App\Backup\Controller\Controller.php on line 30
[16-Aug-2018 17:45:34 UTC] PHP Warning:  include_once(): Failed opening '../../Views/principal/index.php' for inclusion (include_path='.;C:\php\pear') in C:\Users\hurie\Desktop\BackupDinamic\App\Backup\Controller\Controller.php on line 30
[16-Aug-2018 17:45:43 UTC] PHP Warning:  include_once(../Views/principal/index.php): failed to open stream: No such file or directory in C:\Users\hurie\Desktop\BackupDinamic\App\Backup\Controller\Controller.php on line 30
[16-Aug-2018 17:45:43 UTC] PHP Warning:  include_once(): Failed opening '../Views/principal/index.php' for inclusion (include_path='.;C:\php\pear') in C:\Users\hurie\Desktop\BackupDinamic\App\Backup\Controller\Controller.php on line 30
[16-Aug-2018 17:45:50 UTC] PHP Warning:  include_once(/Views/principal/index.php): failed to open stream: No such file or directory in C:\Users\hurie\Desktop\BackupDinamic\App\Backup\Controller\Controller.php on line 30
[16-Aug-2018 17:45:50 UTC] PHP Warning:  include_once(): Failed opening '/Views/principal/index.php' for inclusion (include_path='.;C:\php\pear') in C:\Users\hurie\Desktop\BackupDinamic\App\Backup\Controller\Controller.php on line 30
[16-Aug-2018 17:45:53 UTC] PHP Warning:  include_once(Views/principal/index.php): failed to open stream: No such file or directory in C:\Users\hurie\Desktop\BackupDinamic\App\Backup\Controller\Controller.php on line 30
[16-Aug-2018 17:45:53 UTC] PHP Warning:  include_once(): Failed opening 'Views/principal/index.php' for inclusion (include_path='.;C:\php\pear') in C:\Users\hurie\Desktop\BackupDinamic\App\Backup\Controller\Controller.php on line 30
[16-Aug-2018 17:46:03 UTC] PHP Warning:  include_once(C:\Users\hurie\Desktop\BackupDinamic\App\Backup\ControllerViews/principal/index.php): failed to open stream: No such file or directory in C:\Users\hurie\Desktop\BackupDinamic\App\Backup\Controller\Controller.php on line 30
[16-Aug-2018 17:46:03 UTC] PHP Warning:  include_once(): Failed opening 'C:\Users\hurie\Desktop\BackupDinamic\App\Backup\ControllerViews/principal/index.php' for inclusion (include_path='.;C:\php\pear') in C:\Users\hurie\Desktop\BackupDinamic\App\Backup\Controller\Controller.php on line 30
[16-Aug-2018 17:46:07 UTC] PHP Warning:  include_once(C:\Users\hurie\Desktop\BackupDinamic\App\Backup\Controller/Views/principal/index.php): failed to open stream: No such file or directory in C:\Users\hurie\Desktop\BackupDinamic\App\Backup\Controller\Controller.php on line 30
[16-Aug-2018 17:46:07 UTC] PHP Warning:  include_once(): Failed opening 'C:\Users\hurie\Desktop\BackupDinamic\App\Backup\Controller/Views/principal/index.php' for inclusion (include_path='.;C:\php\pear') in C:\Users\hurie\Desktop\BackupDinamic\App\Backup\Controller\Controller.php on line 30
[16-Aug-2018 17:46:16 UTC] PHP Warning:  include_once(C:\Users\hurie\Desktop\BackupDinamic\App\Backup\Controller/../Views/principal/index.php): failed to open stream: No such file or directory in C:\Users\hurie\Desktop\BackupDinamic\App\Backup\Controller\Controller.php on line 30
[16-Aug-2018 17:46:16 UTC] PHP Warning:  include_once(): Failed opening 'C:\Users\hurie\Desktop\BackupDinamic\App\Backup\Controller/../Views/principal/index.php' for inclusion (include_path='.;C:\php\pear') in C:\Users\hurie\Desktop\BackupDinamic\App\Backup\Controller\Controller.php on line 30
[16-Aug-2018 17:46:58 UTC] PHP Warning:  include_once(C:\Users\hurie\Desktop\BackupDinamic\App\Backup\Controller/../Views/principal/index.php): failed to open stream: No such file or directory in C:\Users\hurie\Desktop\BackupDinamic\App\Backup\Controller\Controller.php on line 30
[16-Aug-2018 17:46:58 UTC] PHP Warning:  include_once(): Failed opening 'C:\Users\hurie\Desktop\BackupDinamic\App\Backup\Controller/../Views/principal/index.php' for inclusion (include_path='.;C:\php\pear') in C:\Users\hurie\Desktop\BackupDinamic\App\Backup\Controller\Controller.php on line 30
[16-Aug-2018 17:47:06 UTC] PHP Warning:  include_once(C:\Users\hurie\Desktop\BackupDinamic\App\Backup\Controller/../App/Views/principal/index.php): failed to open stream: No such file or directory in C:\Users\hurie\Desktop\BackupDinamic\App\Backup\Controller\Controller.php on line 30
[16-Aug-2018 17:47:06 UTC] PHP Warning:  include_once(): Failed opening 'C:\Users\hurie\Desktop\BackupDinamic\App\Backup\Controller/../App/Views/principal/index.php' for inclusion (include_path='.;C:\php\pear') in C:\Users\hurie\Desktop\BackupDinamic\App\Backup\Controller\Controller.php on line 30
[16-Aug-2018 17:47:13 UTC] PHP Warning:  include_once(../App/Views/principal/index.php): failed to open stream: No such file or directory in C:\Users\hurie\Desktop\BackupDinamic\App\Backup\Controller\Controller.php on line 30
[16-Aug-2018 17:47:13 UTC] PHP Warning:  include_once(): Failed opening '../App/Views/principal/index.php' for inclusion (include_path='.;C:\php\pear') in C:\Users\hurie\Desktop\BackupDinamic\App\Backup\Controller\Controller.php on line 30
[16-Aug-2018 17:47:47 UTC] PHP Warning:  include_once(Views/principal/index.php): failed to open stream: No such file or directory in C:\Users\hurie\Desktop\BackupDinamic\App\Backup\Controller\Controller.php on line 30
[16-Aug-2018 17:47:47 UTC] PHP Warning:  include_once(): Failed opening 'Views/principal/index.php' for inclusion (include_path='.;C:\php\pear') in C:\Users\hurie\Desktop\BackupDinamic\App\Backup\Controller\Controller.php on line 30
[16-Aug-2018 17:47:57 UTC] PHP Warning:  include_once(../Views/principal/index.php): failed to open stream: No such file or directory in C:\Users\hurie\Desktop\BackupDinamic\App\Backup\Controller\Controller.php on line 30
[16-Aug-2018 17:47:57 UTC] PHP Warning:  include_once(): Failed opening '../Views/principal/index.php' for inclusion (include_path='.;C:\php\pear') in C:\Users\hurie\Desktop\BackupDinamic\App\Backup\Controller\Controller.php on line 30
[16-Aug-2018 17:48:03 UTC] PHP Warning:  include_once(/principal/index.php): failed to open stream: No such file or directory in C:\Users\hurie\Desktop\BackupDinamic\App\Backup\Controller\Controller.php on line 30
[16-Aug-2018 17:48:03 UTC] PHP Warning:  include_once(): Failed opening '/principal/index.php' for inclusion (include_path='.;C:\php\pear') in C:\Users\hurie\Desktop\BackupDinamic\App\Backup\Controller\Controller.php on line 30
[16-Aug-2018 17:48:13 UTC] PHP Warning:  include_once(Views/principal/index.php): failed to open stream: No such file or directory in C:\Users\hurie\Desktop\BackupDinamic\App\Backup\Controller\Controller.php on line 30
[16-Aug-2018 17:48:13 UTC] PHP Warning:  include_once(): Failed opening 'Views/principal/index.php' for inclusion (include_path='.;C:\php\pear') in C:\Users\hurie\Desktop\BackupDinamic\App\Backup\Controller\Controller.php on line 30
[16-Aug-2018 17:59:11 UTC] PHP Warning:  include_once(../../Views/principalindex.php): failed to open stream: No such file or directory in C:\Users\hurie\Desktop\BackupDinamic\App\Backup\Controller\Controller.php on line 30
[16-Aug-2018 17:59:11 UTC] PHP Warning:  include_once(): Failed opening '../../Views/principalindex.php' for inclusion (include_path='.;C:\php\pear') in C:\Users\hurie\Desktop\BackupDinamic\App\Backup\Controller\Controller.php on line 30
[16-Aug-2018 17:59:18 UTC] PHP Warning:  include_once(../../Views/principal/index.php): failed to open stream: No such file or directory in C:\Users\hurie\Desktop\BackupDinamic\App\Backup\Controller\Controller.php on line 30
[16-Aug-2018 17:59:18 UTC] PHP Warning:  include_once(): Failed opening '../../Views/principal/index.php' for inclusion (include_path='.;C:\php\pear') in C:\Users\hurie\Desktop\BackupDinamic\App\Backup\Controller\Controller.php on line 30
[16-Aug-2018 17:59:33 UTC] PHP Warning:  include_once(../../Views/principal/index.php): failed to open stream: No such file or directory in C:\Users\hurie\Desktop\BackupDinamic\App\Backup\Controller\Controller.php on line 30
[16-Aug-2018 17:59:33 UTC] PHP Warning:  include_once(): Failed opening '../../Views/principal/index.php' for inclusion (include_path='.;C:\php\pear') in C:\Users\hurie\Desktop\BackupDinamic\App\Backup\Controller\Controller.php on line 30
[16-Aug-2018 18:00:25 UTC] PHP Warning:  include_once(../../Views/principalindex.php): failed to open stream: No such file or directory in C:\Users\hurie\Desktop\BackupDinamic\App\Backup\Controller\Controller.php on line 30
[16-Aug-2018 18:00:25 UTC] PHP Warning:  include_once(): Failed opening '../../Views/principalindex.php' for inclusion (include_path='.;C:\php\pear') in C:\Users\hurie\Desktop\BackupDinamic\App\Backup\Controller\Controller.php on line 30
[16-Aug-2018 18:00:32 UTC] PHP Warning:  include_once(../../Views/principal/index.php): failed to open stream: No such file or directory in C:\Users\hurie\Desktop\BackupDinamic\App\Backup\Controller\Controller.php on line 30
[16-Aug-2018 18:00:32 UTC] PHP Warning:  include_once(): Failed opening '../../Views/principal/index.php' for inclusion (include_path='.;C:\php\pear') in C:\Users\hurie\Desktop\BackupDinamic\App\Backup\Controller\Controller.php on line 30
[16-Aug-2018 18:02:49 UTC] PHP Warning:  include_once(../../Views/principal/index.php): failed to open stream: No such file or directory in C:\Users\hurie\Desktop\BackupDinamic\App\Backup\Controller\Controller.php on line 30
[16-Aug-2018 18:02:49 UTC] PHP Warning:  include_once(): Failed opening '../../Views/principal/index.php' for inclusion (include_path='.;C:\php\pear') in C:\Users\hurie\Desktop\BackupDinamic\App\Backup\Controller\Controller.php on line 30
[16-Aug-2018 18:03:08 UTC] PHP Warning:  include_once(../../Views/principal/index.php): failed to open stream: No such file or directory in C:\Users\hurie\Desktop\BackupDinamic\App\Backup\Controller\Controller.php on line 30
[16-Aug-2018 18:03:08 UTC] PHP Warning:  include_once(): Failed opening '../../Views/principal/index.php' for inclusion (include_path='.;C:\php\pear') in C:\Users\hurie\Desktop\BackupDinamic\App\Backup\Controller\Controller.php on line 30
[16-Aug-2018 18:03:14 UTC] PHP Warning:  include_once(../../Views/principal/index.php): failed to open stream: No such file or directory in C:\Users\hurie\Desktop\BackupDinamic\App\Backup\Controller\Controller.php on line 30
[16-Aug-2018 18:03:14 UTC] PHP Warning:  include_once(): Failed opening '../../Views/principal/index.php' for inclusion (include_path='.;C:\php\pear') in C:\Users\hurie\Desktop\BackupDinamic\App\Backup\Controller\Controller.php on line 30
[16-Aug-2018 18:03:24 UTC] PHP Warning:  include_once(../App/Views/principal/index.php): failed to open stream: No such file or directory in C:\Users\hurie\Desktop\BackupDinamic\App\Backup\Controller\Controller.php on line 30
[16-Aug-2018 18:03:24 UTC] PHP Warning:  include_once(): Failed opening '../App/Views/principal/index.php' for inclusion (include_path='.;C:\php\pear') in C:\Users\hurie\Desktop\BackupDinamic\App\Backup\Controller\Controller.php on line 30
[16-Aug-2018 18:03:31 UTC] PHP Warning:  include_once(App/Views/principal/index.php): failed to open stream: No such file or directory in C:\Users\hurie\Desktop\BackupDinamic\App\Backup\Controller\Controller.php on line 30
[16-Aug-2018 18:03:31 UTC] PHP Warning:  include_once(): Failed opening 'App/Views/principal/index.php' for inclusion (include_path='.;C:\php\pear') in C:\Users\hurie\Desktop\BackupDinamic\App\Backup\Controller\Controller.php on line 30
[16-Aug-2018 18:03:37 UTC] PHP Warning:  include_once(../Views/principal/index.php): failed to open stream: No such file or directory in C:\Users\hurie\Desktop\BackupDinamic\App\Backup\Controller\Controller.php on line 30
[16-Aug-2018 18:03:37 UTC] PHP Warning:  include_once(): Failed opening '../Views/principal/index.php' for inclusion (include_path='.;C:\php\pear') in C:\Users\hurie\Desktop\BackupDinamic\App\Backup\Controller\Controller.php on line 30
[16-Aug-2018 18:03:40 UTC] PHP Warning:  include_once(../../Views/principal/index.php): failed to open stream: No such file or directory in C:\Users\hurie\Desktop\BackupDinamic\App\Backup\Controller\Controller.php on line 30
[16-Aug-2018 18:03:41 UTC] PHP Warning:  include_once(): Failed opening '../../Views/principal/index.php' for inclusion (include_path='.;C:\php\pear') in C:\Users\hurie\Desktop\BackupDinamic\App\Backup\Controller\Controller.php on line 30
[16-Aug-2018 18:03:51 UTC] PHP Warning:  include_once(../../Views/principal/index.php): failed to open stream: No such file or directory in C:\Users\hurie\Desktop\BackupDinamic\App\Backup\Controller\Controller.php on line 30
[16-Aug-2018 18:03:51 UTC] PHP Warning:  include_once(): Failed opening '../../Views/principal/index.php' for inclusion (include_path='.;C:\php\pear') in C:\Users\hurie\Desktop\BackupDinamic\App\Backup\Controller\Controller.php on line 30
[16-Aug-2018 18:03:57 UTC] PHP Warning:  include_once(../../Views/principal/index.php): failed to open stream: No such file or directory in C:\Users\hurie\Desktop\BackupDinamic\App\Backup\Controller\Controller.php on line 30
[16-Aug-2018 18:03:57 UTC] PHP Warning:  include_once(): Failed opening '../../Views/principal/index.php' for inclusion (include_path='.;C:\php\pear') in C:\Users\hurie\Desktop\BackupDinamic\App\Backup\Controller\Controller.php on line 30
[16-Aug-2018 18:12:10 UTC] PHP Warning:  include_once(../../Views/principal/index.php): failed to open stream: No such file or directory in C:\Users\hurie\Desktop\BackupDinamic\App\Backup\Controller\Controller.php on line 30
[16-Aug-2018 18:12:10 UTC] PHP Warning:  include_once(): Failed opening '../../Views/principal/index.php' for inclusion (include_path='.;C:\php\pear') in C:\Users\hurie\Desktop\BackupDinamic\App\Backup\Controller\Controller.php on line 30
[16-Aug-2018 18:12:16 UTC] PHP Warning:  include_once(../../Views/principal/index.php): failed to open stream: No such file or directory in C:\Users\hurie\Desktop\BackupDinamic\App\Backup\Controller\Controller.php on line 30
[16-Aug-2018 18:12:16 UTC] PHP Warning:  include_once(): Failed opening '../../Views/principal/index.php' for inclusion (include_path='.;C:\php\pear') in C:\Users\hurie\Desktop\BackupDinamic\App\Backup\Controller\Controller.php on line 30
[16-Aug-2018 18:12:26 UTC] PHP Warning:  include_once(../../Views/principal/index.php): failed to open stream: No such file or directory in C:\Users\hurie\Desktop\BackupDinamic\App\Backup\Controller\Controller.php on line 30
[16-Aug-2018 18:12:26 UTC] PHP Warning:  include_once(): Failed opening '../../Views/principal/index.php' for inclusion (include_path='.;C:\php\pear') in C:\Users\hurie\Desktop\BackupDinamic\App\Backup\Controller\Controller.php on line 30
[16-Aug-2018 18:12:34 UTC] PHP Warning:  include_once(../../Views/principal/index.php): failed to open stream: No such file or directory in C:\Users\hurie\Desktop\BackupDinamic\App\Backup\Controller\Controller.php on line 30
[16-Aug-2018 18:12:34 UTC] PHP Warning:  include_once(): Failed opening '../../Views/principal/index.php' for inclusion (include_path='.;C:\php\pear') in C:\Users\hurie\Desktop\BackupDinamic\App\Backup\Controller\Controller.php on line 30
[16-Aug-2018 18:12:41 UTC] PHP Warning:  include_once(../App/Views/principal/index.php): failed to open stream: No such file or directory in C:\Users\hurie\Desktop\BackupDinamic\App\Backup\Controller\Controller.php on line 30
[16-Aug-2018 18:12:41 UTC] PHP Warning:  include_once(): Failed opening '../App/Views/principal/index.php' for inclusion (include_path='.;C:\php\pear') in C:\Users\hurie\Desktop\BackupDinamic\App\Backup\Controller\Controller.php on line 30
[16-Aug-2018 18:12:46 UTC] PHP Warning:  include_once(../Views/principal/index.php): failed to open stream: No such file or directory in C:\Users\hurie\Desktop\BackupDinamic\App\Backup\Controller\Controller.php on line 30
[16-Aug-2018 18:12:46 UTC] PHP Warning:  include_once(): Failed opening '../Views/principal/index.php' for inclusion (include_path='.;C:\php\pear') in C:\Users\hurie\Desktop\BackupDinamic\App\Backup\Controller\Controller.php on line 30
[16-Aug-2018 18:13:29 UTC] PHP Warning:  include_once(../../Views/principalindex.php): failed to open stream: No such file or directory in C:\Users\hurie\Desktop\BackupDinamic\App\Backup\Controller\Controller.php on line 30
[16-Aug-2018 18:13:29 UTC] PHP Warning:  include_once(): Failed opening '../../Views/principalindex.php' for inclusion (include_path='.;C:\php\pear') in C:\Users\hurie\Desktop\BackupDinamic\App\Backup\Controller\Controller.php on line 30
[16-Aug-2018 18:13:42 UTC] PHP Warning:  require_once(C:\Users\hurie\Desktop\BackupDinamic\App\Backup\Controller/../../Views/principalindex.php): failed to open stream: No such file or directory in C:\Users\hurie\Desktop\BackupDinamic\App\Backup\Controller\Controller.php on line 30
[16-Aug-2018 18:13:43 UTC] PHP Fatal error:  require_once(): Failed opening required 'C:\Users\hurie\Desktop\BackupDinamic\App\Backup\Controller/../../Views/principalindex.php' (include_path='.;C:\php\pear') in C:\Users\hurie\Desktop\BackupDinamic\App\Backup\Controller\Controller.php on line 30
[16-Aug-2018 18:13:55 UTC] PHP Warning:  include_once(../../Views/principalindex.php): failed to open stream: No such file or directory in C:\Users\hurie\Desktop\BackupDinamic\App\Backup\Controller\Controller.php on line 30
[16-Aug-2018 18:13:55 UTC] PHP Warning:  include_once(): Failed opening '../../Views/principalindex.php' for inclusion (include_path='.;C:\php\pear') in C:\Users\hurie\Desktop\BackupDinamic\App\Backup\Controller\Controller.php on line 30
[16-Aug-2018 18:17:15 UTC] PHP Warning:  include_once(C:\Users\hurie\Desktop\BackupDinamic\App\Backup\Controller../../Views/principalindex.php): failed to open stream: No such file or directory in C:\Users\hurie\Desktop\BackupDinamic\App\Backup\Controller\Controller.php on line 30
[16-Aug-2018 18:17:15 UTC] PHP Warning:  include_once(): Failed opening 'C:\Users\hurie\Desktop\BackupDinamic\App\Backup\Controller../../Views/principalindex.php' for inclusion (include_path='.;C:\php\pear') in C:\Users\hurie\Desktop\BackupDinamic\App\Backup\Controller\Controller.php on line 30
[16-Aug-2018 18:17:21 UTC] PHP Warning:  include_once(C:\Users\hurie\Desktop\BackupDinamic\App\Backup\Controller/../../Views/principalindex.php): failed to open stream: No such file or directory in C:\Users\hurie\Desktop\BackupDinamic\App\Backup\Controller\Controller.php on line 30
[16-Aug-2018 18:17:21 UTC] PHP Warning:  include_once(): Failed opening 'C:\Users\hurie\Desktop\BackupDinamic\App\Backup\Controller/../../Views/principalindex.php' for inclusion (include_path='.;C:\php\pear') in C:\Users\hurie\Desktop\BackupDinamic\App\Backup\Controller\Controller.php on line 30
[16-Aug-2018 18:17:39 UTC] PHP Warning:  include_once(C:\Users\hurie\Desktop\BackupDinamic\App\Backup\Controller/../../Views/principalindex.php): failed to open stream: No such file or directory in C:\Users\hurie\Desktop\BackupDinamic\App\Backup\Controller\Controller.php on line 30
[16-Aug-2018 18:17:39 UTC] PHP Warning:  include_once(): Failed opening 'C:\Users\hurie\Desktop\BackupDinamic\App\Backup\Controller/../../Views/principalindex.php' for inclusion (include_path='.;C:\php\pear') in C:\Users\hurie\Desktop\BackupDinamic\App\Backup\Controller\Controller.php on line 30
[16-Aug-2018 18:21:43 UTC] PHP Fatal error:  Class 'Backup\Init\Bootstrap' not found in C:\Users\hurie\Desktop\BackupDinamic\App\Route.php on line 7
[16-Aug-2018 18:24:14 UTC] PHP Warning:  include_once(C:\Users\hurie\Desktop\BackupDinamic\vendor\Backup\Controller/../../Views/principalindex.php): failed to open stream: No such file or directory in C:\Users\hurie\Desktop\BackupDinamic\vendor\Backup\Controller\Controller.php on line 30
[16-Aug-2018 18:24:14 UTC] PHP Warning:  include_once(): Failed opening 'C:\Users\hurie\Desktop\BackupDinamic\vendor\Backup\Controller/../../Views/principalindex.php' for inclusion (include_path='.;C:\php\pear') in C:\Users\hurie\Desktop\BackupDinamic\vendor\Backup\Controller\Controller.php on line 30
[16-Aug-2018 18:25:05 UTC] PHP Warning:  include_once(../App/Views/principal/index.php): failed to open stream: No such file or directory in C:\Users\hurie\Desktop\BackupDinamic\vendor\Backup\Controller\Controller.php on line 30
[16-Aug-2018 18:25:05 UTC] PHP Warning:  include_once(): Failed opening '../App/Views/principal/index.php' for inclusion (include_path='.;C:\php\pear') in C:\Users\hurie\Desktop\BackupDinamic\vendor\Backup\Controller\Controller.php on line 30
[16-Aug-2018 18:26:55 UTC] PHP Warning:  include_once(../../../App/Views/principalindex.php): failed to open stream: No such file or directory in C:\Users\hurie\Desktop\BackupDinamic\vendor\Backup\Controller\Controller.php on line 30
[16-Aug-2018 18:26:55 UTC] PHP Warning:  include_once(): Failed opening '../../../App/Views/principalindex.php' for inclusion (include_path='.;C:\php\pear') in C:\Users\hurie\Desktop\BackupDinamic\vendor\Backup\Controller\Controller.php on line 30
[16-Aug-2018 18:27:03 UTC] PHP Warning:  include_once(App/Views/principalindex.php): failed to open stream: No such file or directory in C:\Users\hurie\Desktop\BackupDinamic\vendor\Backup\Controller\Controller.php on line 30
[16-Aug-2018 18:27:03 UTC] PHP Warning:  include_once(): Failed opening 'App/Views/principalindex.php' for inclusion (include_path='.;C:\php\pear') in C:\Users\hurie\Desktop\BackupDinamic\vendor\Backup\Controller\Controller.php on line 30
[16-Aug-2018 18:27:40 UTC] PHP Warning:  include_once(../App/Views/principalindex.php): failed to open stream: No such file or directory in C:\Users\hurie\Desktop\BackupDinamic\vendor\Backup\Controller\Controller.php on line 30
[16-Aug-2018 18:27:40 UTC] PHP Warning:  include_once(): Failed opening '../App/Views/principalindex.php' for inclusion (include_path='.;C:\php\pear') in C:\Users\hurie\Desktop\BackupDinamic\vendor\Backup\Controller\Controller.php on line 30
[16-Aug-2018 15:52:46 UTC] PHP Warning:  include_once(../App/Views/principal/index.php): failed to open stream: No such file or directory in C:\Users\hurie\Desktop\BackupDinamic\vendor\Backup\Controller\Controller.php on line 30
[16-Aug-2018 15:52:46 UTC] PHP Warning:  include_once(): Failed opening '../App/Views/principal/index.php' for inclusion (include_path='.;C:\php\pear') in C:\Users\hurie\Desktop\BackupDinamic\vendor\Backup\Controller\Controller.php on line 30
[16-Aug-2018 16:15:15 UTC] PHP Recoverable fatal error:  Object of class App\Route could not be converted to string in C:\Users\hurie\Desktop\baseMVC\public\index.php on line 7
[16-Aug-2018 16:15:25 UTC] PHP Recoverable fatal error:  Object of class App\Route could not be converted to string in C:\Users\hurie\Desktop\baseMVC\public\index.php on line 7
[16-Aug-2018 16:32:00 UTC] PHP Notice:  Undefined variable: routes in C:\Users\hurie\Desktop\baseMVC\App\Route.php on line 23
[16-Aug-2018 16:32:00 UTC] PHP Fatal error:  Uncaught TypeError: Argument 1 passed to App\Route::setRoutes() must be of the type array, null given, called in C:\Users\hurie\Desktop\baseMVC\App\Route.php on line 23 and defined in C:\Users\hurie\Desktop\baseMVC\App\Route.php:38
Stack trace:
#0 C:\Users\hurie\Desktop\baseMVC\App\Route.php(23): App\Route->setRoutes(NULL)
#1 C:\Users\hurie\Desktop\baseMVC\App\Route.php(11): App\Route->initRoutes()
#2 C:\Users\hurie\Desktop\baseMVC\public\index.php(7): App\Route->__construct()
#3 {main}
  thrown in C:\Users\hurie\Desktop\baseMVC\App\Route.php on line 38
[16-Aug-2018 16:35:32 UTC] PHP Fatal error:  Class 'Base\Bootstrap' not found in C:\Users\hurie\Desktop\baseMVC\App\Route.php on line 7
[16-Aug-2018 16:35:46 UTC] PHP Fatal error:  Access level to App\Route::initRoutes() must be public (as in class Base\Init\Bootstrap) in C:\Users\hurie\Desktop\baseMVC\App\Route.php on line 7
[16-Aug-2018 16:50:29 UTC] PHP Parse error:  syntax error, unexpected '".php"' (T_CONSTANT_ENCAPSED_STRING) in C:\Users\hurie\Desktop\baseMVC\App\Controllers\PrincipalController.php on line 24
[16-Aug-2018 16:55:29 UTC] PHP Warning:  include_once(../App/Views/principal/.php): failed to open stream: No such file or directory in C:\Users\hurie\Desktop\baseMVC\vendor\Base\Controller\Controller.php on line 19
[16-Aug-2018 16:55:29 UTC] PHP Warning:  include_once(): Failed opening '../App/Views/principal/.php' for inclusion (include_path='.;C:\php\pear') in C:\Users\hurie\Desktop\baseMVC\vendor\Base\Controller\Controller.php on line 19
[16-Aug-2018 17:13:23 UTC] PHP Fatal error:  Uncaught Error: Class 'Base\Database\Database' not found in C:\Users\hurie\Desktop\baseMVC\App\Controllers\PrincipalController.php:14
Stack trace:
#0 C:\Users\hurie\Desktop\baseMVC\vendor\Base\Init\Bootstrap.php(24): App\Controllers\PrincipalController->index()
#1 [internal function]: Base\Init\Bootstrap->Base\Init\{closure}(Array, 'home')
#2 C:\Users\hurie\Desktop\baseMVC\vendor\Base\Init\Bootstrap.php(26): array_walk(Array, Object(Closure))
#3 C:\Users\hurie\Desktop\baseMVC\vendor\Base\Init\Bootstrap.php(12): Base\Init\Bootstrap->run('/')
#4 C:\Users\hurie\Desktop\baseMVC\public\index.php(7): Base\Init\Bootstrap->__construct()
#5 {main}
  thrown in C:\Users\hurie\Desktop\baseMVC\App\Controllers\PrincipalController.php on line 14
[16-Aug-2018 17:14:41 UTC] PHP Fatal error:  Uncaught Error: Class 'Base\Database\Database' not found in C:\Users\hurie\Desktop\baseMVC\App\Controllers\PrincipalController.php:14
Stack trace:
#0 C:\Users\hurie\Desktop\baseMVC\vendor\Base\Init\Bootstrap.php(24): App\Controllers\PrincipalController->index()
#1 [internal function]: Base\Init\Bootstrap->Base\Init\{closure}(Array, 'home')
#2 C:\Users\hurie\Desktop\baseMVC\vendor\Base\Init\Bootstrap.php(26): array_walk(Array, Object(Closure))
#3 C:\Users\hurie\Desktop\baseMVC\vendor\Base\Init\Bootstrap.php(12): Base\Init\Bootstrap->run('/')
#4 C:\Users\hurie\Desktop\baseMVC\public\index.php(7): Base\Init\Bootstrap->__construct()
#5 {main}
  thrown in C:\Users\hurie\Desktop\baseMVC\App\Controllers\PrincipalController.php on line 14
[16-Aug-2018 17:14:50 UTC] PHP Fatal error:  Uncaught Error: Class 'Base\Database\Database' not found in C:\Users\hurie\Desktop\baseMVC\App\Controllers\PrincipalController.php:14
Stack trace:
#0 C:\Users\hurie\Desktop\baseMVC\vendor\Base\Init\Bootstrap.php(24): App\Controllers\PrincipalController->index()
#1 [internal function]: Base\Init\Bootstrap->Base\Init\{closure}(Array, 'home')
#2 C:\Users\hurie\Desktop\baseMVC\vendor\Base\Init\Bootstrap.php(26): array_walk(Array, Object(Closure))
#3 C:\Users\hurie\Desktop\baseMVC\vendor\Base\Init\Bootstrap.php(12): Base\Init\Bootstrap->run('/')
#4 C:\Users\hurie\Desktop\baseMVC\public\index.php(7): Base\Init\Bootstrap->__construct()
#5 {main}
  thrown in C:\Users\hurie\Desktop\baseMVC\App\Controllers\PrincipalController.php on line 14
[16-Aug-2018 17:25:21 UTC] PHP Fatal error:  Uncaught Error: Class 'Base\Database\Database' not found in C:\Users\hurie\Desktop\baseMVC\App\Controllers\PrincipalController.php:14
Stack trace:
#0 C:\Users\hurie\Desktop\baseMVC\vendor\Base\Init\Bootstrap.php(24): App\Controllers\PrincipalController->index()
#1 [internal function]: Base\Init\Bootstrap->Base\Init\{closure}(Array, 'home')
#2 C:\Users\hurie\Desktop\baseMVC\vendor\Base\Init\Bootstrap.php(26): array_walk(Array, Object(Closure))
#3 C:\Users\hurie\Desktop\baseMVC\vendor\Base\Init\Bootstrap.php(12): Base\Init\Bootstrap->run('/')
#4 C:\Users\hurie\Desktop\baseMVC\public\index.php(7): Base\Init\Bootstrap->__construct()
#5 {main}
  thrown in C:\Users\hurie\Desktop\baseMVC\App\Controllers\PrincipalController.php on line 14
[16-Aug-2018 17:26:17 UTC] PHP Fatal error:  Uncaught Error: Class 'Base\Database\Database' not found in C:\Users\hurie\Desktop\baseMVC\vendor\Base\DI\Container.php:13
Stack trace:
#0 C:\Users\hurie\Desktop\baseMVC\App\Controllers\PrincipalController.php(13): Base\DI\Container::getModel('PrincipalModel')
#1 C:\Users\hurie\Desktop\baseMVC\vendor\Base\Init\Bootstrap.php(24): App\Controllers\PrincipalController->index()
#2 [internal function]: Base\Init\Bootstrap->Base\Init\{closure}(Array, 'home')
#3 C:\Users\hurie\Desktop\baseMVC\vendor\Base\Init\Bootstrap.php(26): array_walk(Array, Object(Closure))
#4 C:\Users\hurie\Desktop\baseMVC\vendor\Base\Init\Bootstrap.php(12): Base\Init\Bootstrap->run('/')
#5 C:\Users\hurie\Desktop\baseMVC\public\index.php(7): Base\Init\Bootstrap->__construct()
#6 {main}
  thrown in C:\Users\hurie\Desktop\baseMVC\vendor\Base\DI\Container.php on line 13
[16-Aug-2018 17:26:33 UTC] PHP Fatal error:  Uncaught Error: Class 'Base\Database\Database' not found in C:\Users\hurie\Desktop\baseMVC\vendor\Base\DI\Container.php:14
Stack trace:
#0 C:\Users\hurie\Desktop\baseMVC\App\Controllers\PrincipalController.php(13): Base\DI\Container::getModel('PrincipalModel')
#1 C:\Users\hurie\Desktop\baseMVC\vendor\Base\Init\Bootstrap.php(24): App\Controllers\PrincipalController->index()
#2 [internal function]: Base\Init\Bootstrap->Base\Init\{closure}(Array, 'home')
#3 C:\Users\hurie\Desktop\baseMVC\vendor\Base\Init\Bootstrap.php(26): array_walk(Array, Object(Closure))
#4 C:\Users\hurie\Desktop\baseMVC\vendor\Base\Init\Bootstrap.php(12): Base\Init\Bootstrap->run('/')
#5 C:\Users\hurie\Desktop\baseMVC\public\index.php(7): Base\Init\Bootstrap->__construct()
#6 {main}
  thrown in C:\Users\hurie\Desktop\baseMVC\vendor\Base\DI\Container.php on line 14
[16-Aug-2018 17:27:36 UTC] PHP Fatal error:  Uncaught Error: Class 'Base\Database\Database' not found in C:\Users\hurie\Desktop\baseMVC\vendor\Base\DI\Container.php:13
Stack trace:
#0 C:\Users\hurie\Desktop\baseMVC\App\Controllers\PrincipalController.php(13): Base\DI\Container::getModel('PrincipalModel')
#1 C:\Users\hurie\Desktop\baseMVC\vendor\Base\Init\Bootstrap.php(24): App\Controllers\PrincipalController->index()
#2 [internal function]: Base\Init\Bootstrap->Base\Init\{closure}(Array, 'home')
#3 C:\Users\hurie\Desktop\baseMVC\vendor\Base\Init\Bootstrap.php(26): array_walk(Array, Object(Closure))
#4 C:\Users\hurie\Desktop\baseMVC\vendor\Base\Init\Bootstrap.php(12): Base\Init\Bootstrap->run('/')
#5 C:\Users\hurie\Desktop\baseMVC\public\index.php(7): Base\Init\Bootstrap->__construct()
#6 {main}
  thrown in C:\Users\hurie\Desktop\baseMVC\vendor\Base\DI\Container.php on line 13
[16-Aug-2018 17:27:38 UTC] PHP Fatal error:  Uncaught Error: Class 'Base\Database\Database' not found in C:\Users\hurie\Desktop\baseMVC\vendor\Base\DI\Container.php:13
Stack trace:
#0 C:\Users\hurie\Desktop\baseMVC\App\Controllers\PrincipalController.php(13): Base\DI\Container::getModel('PrincipalModel')
#1 C:\Users\hurie\Desktop\baseMVC\vendor\Base\Init\Bootstrap.php(24): App\Controllers\PrincipalController->index()
#2 [internal function]: Base\Init\Bootstrap->Base\Init\{closure}(Array, 'home')
#3 C:\Users\hurie\Desktop\baseMVC\vendor\Base\Init\Bootstrap.php(26): array_walk(Array, Object(Closure))
#4 C:\Users\hurie\Desktop\baseMVC\vendor\Base\Init\Bootstrap.php(12): Base\Init\Bootstrap->run('/')
#5 C:\Users\hurie\Desktop\baseMVC\public\index.php(7): Base\Init\Bootstrap->__construct()
#6 {main}
  thrown in C:\Users\hurie\Desktop\baseMVC\vendor\Base\DI\Container.php on line 13
[16-Aug-2018 17:30:48 UTC] PHP Fatal error:  Uncaught Error: Class 'Base\Database\Database' not found in C:\Users\hurie\Desktop\baseMVC\vendor\Base\DI\Container.php:13
Stack trace:
#0 C:\Users\hurie\Desktop\baseMVC\App\Controllers\PrincipalController.php(13): Base\DI\Container::getModel('PrincipalModel')
#1 C:\Users\hurie\Desktop\baseMVC\vendor\Base\Init\Bootstrap.php(24): App\Controllers\PrincipalController->index()
#2 [internal function]: Base\Init\Bootstrap->Base\Init\{closure}(Array, 'home')
#3 C:\Users\hurie\Desktop\baseMVC\vendor\Base\Init\Bootstrap.php(26): array_walk(Array, Object(Closure))
#4 C:\Users\hurie\Desktop\baseMVC\vendor\Base\Init\Bootstrap.php(12): Base\Init\Bootstrap->run('/')
#5 C:\Users\hurie\Desktop\baseMVC\public\index.php(7): Base\Init\Bootstrap->__construct()
#6 {main}
  thrown in C:\Users\hurie\Desktop\baseMVC\vendor\Base\DI\Container.php on line 13
[16-Aug-2018 18:10:28 UTC] PHP Fatal error:  Uncaught Error: Class 'Base\Database\Database' not found in C:\Users\hurie\Desktop\baseMVC\vendor\Base\DI\Container.php:13
Stack trace:
#0 C:\Users\hurie\Desktop\baseMVC\App\Controllers\PrincipalController.php(13): Base\DI\Container::getModel('PrincipalModel')
#1 C:\Users\hurie\Desktop\baseMVC\vendor\Base\Init\Bootstrap.php(24): App\Controllers\PrincipalController->index()
#2 [internal function]: Base\Init\Bootstrap->Base\Init\{closure}(Array, 'home')
#3 C:\Users\hurie\Desktop\baseMVC\vendor\Base\Init\Bootstrap.php(26): array_walk(Array, Object(Closure))
#4 C:\Users\hurie\Desktop\baseMVC\vendor\Base\Init\Bootstrap.php(12): Base\Init\Bootstrap->run('/')
#5 C:\Users\hurie\Desktop\baseMVC\public\index.php(7): Base\Init\Bootstrap->__construct()
#6 {main}
  thrown in C:\Users\hurie\Desktop\baseMVC\vendor\Base\DI\Container.php on line 13
[16-Aug-2018 19:38:48 UTC] PHP Fatal error:  Uncaught Error: Class 'Base\Database\Database' not found in C:\Users\hurie\Desktop\baseMVC\vendor\Base\DI\Container.php:13
Stack trace:
#0 C:\Users\hurie\Desktop\baseMVC\App\Controllers\PrincipalController.php(13): Base\DI\Container::getModel('PrincipalModel')
#1 C:\Users\hurie\Desktop\baseMVC\vendor\Base\Init\Bootstrap.php(24): App\Controllers\PrincipalController->index()
#2 [internal function]: Base\Init\Bootstrap->Base\Init\{closure}(Array, 'home')
#3 C:\Users\hurie\Desktop\baseMVC\vendor\Base\Init\Bootstrap.php(26): array_walk(Array, Object(Closure))
#4 C:\Users\hurie\Desktop\baseMVC\vendor\Base\Init\Bootstrap.php(12): Base\Init\Bootstrap->run('/')
#5 C:\Users\hurie\Desktop\baseMVC\public\index.php(7): Base\Init\Bootstrap->__construct()
#6 {main}
  thrown in C:\Users\hurie\Desktop\baseMVC\vendor\Base\DI\Container.php on line 13
[16-Aug-2018 19:38:59 UTC] PHP Fatal error:  Uncaught Error: Class 'Base\Database\Database' not found in C:\Users\hurie\Desktop\baseMVC\vendor\Base\DI\Container.php:13
Stack trace:
#0 C:\Users\hurie\Desktop\baseMVC\App\Controllers\PrincipalController.php(13): Base\DI\Container::getModel('PrincipalModel')
#1 C:\Users\hurie\Desktop\baseMVC\vendor\Base\Init\Bootstrap.php(24): App\Controllers\PrincipalController->index()
#2 [internal function]: Base\Init\Bootstrap->Base\Init\{closure}(Array, 'home')
#3 C:\Users\hurie\Desktop\baseMVC\vendor\Base\Init\Bootstrap.php(26): array_walk(Array, Object(Closure))
#4 C:\Users\hurie\Desktop\baseMVC\vendor\Base\Init\Bootstrap.php(12): Base\Init\Bootstrap->run('/')
#5 C:\Users\hurie\Desktop\baseMVC\public\index.php(7): Base\Init\Bootstrap->__construct()
#6 {main}
  thrown in C:\Users\hurie\Desktop\baseMVC\vendor\Base\DI\Container.php on line 13
[17-Aug-2018 02:51:51 UTC] PHP Fatal error:  Uncaught Error: Class 'Base\Database\Database' not found in C:\Users\hurie\Desktop\baseMVC\vendor\Base\DI\Container.php:13
Stack trace:
#0 C:\Users\hurie\Desktop\baseMVC\App\Controllers\PrincipalController.php(13): Base\DI\Container::getModel('PrincipalModel')
#1 C:\Users\hurie\Desktop\baseMVC\vendor\Base\Init\Bootstrap.php(24): App\Controllers\PrincipalController->index()
#2 [internal function]: Base\Init\Bootstrap->Base\Init\{closure}(Array, 'home')
#3 C:\Users\hurie\Desktop\baseMVC\vendor\Base\Init\Bootstrap.php(26): array_walk(Array, Object(Closure))
#4 C:\Users\hurie\Desktop\baseMVC\vendor\Base\Init\Bootstrap.php(12): Base\Init\Bootstrap->run('/')
#5 C:\Users\hurie\Desktop\baseMVC\public\index.php(7): Base\Init\Bootstrap->__construct()
#6 {main}
  thrown in C:\Users\hurie\Desktop\baseMVC\vendor\Base\DI\Container.php on line 13
[17-Aug-2018 03:06:48 UTC] PHP Fatal error:  Uncaught Error: Class 'Base\Database\Database' not found in C:\Users\hurie\Desktop\baseMVC\vendor\Base\DI\Container.php:13
Stack trace:
#0 C:\Users\hurie\Desktop\baseMVC\App\Controllers\PrincipalController.php(13): Base\DI\Container::getModel('PrincipalModel')
#1 C:\Users\hurie\Desktop\baseMVC\vendor\Base\Init\Bootstrap.php(24): App\Controllers\PrincipalController->index()
#2 [internal function]: Base\Init\Bootstrap->Base\Init\{closure}(Array, 'home')
#3 C:\Users\hurie\Desktop\baseMVC\vendor\Base\Init\Bootstrap.php(26): array_walk(Array, Object(Closure))
#4 C:\Users\hurie\Desktop\baseMVC\vendor\Base\Init\Bootstrap.php(12): Base\Init\Bootstrap->run('/')
#5 C:\Users\hurie\Desktop\baseMVC\public\index.php(7): Base\Init\Bootstrap->__construct()
#6 {main}
  thrown in C:\Users\hurie\Desktop\baseMVC\vendor\Base\DI\Container.php on line 13
[17-Aug-2018 03:07:19 UTC] PHP Fatal error:  Uncaught Error: Class 'Base\Database\Database' not found in C:\Users\hurie\Desktop\baseMVC\vendor\Base\DI\Container.php:13
Stack trace:
#0 C:\Users\hurie\Desktop\baseMVC\App\Controllers\PrincipalController.php(13): Base\DI\Container::getModel('PrincipalModel')
#1 C:\Users\hurie\Desktop\baseMVC\vendor\Base\Init\Bootstrap.php(24): App\Controllers\PrincipalController->index()
#2 [internal function]: Base\Init\Bootstrap->Base\Init\{closure}(Array, 'home')
#3 C:\Users\hurie\Desktop\baseMVC\vendor\Base\Init\Bootstrap.php(26): array_walk(Array, Object(Closure))
#4 C:\Users\hurie\Desktop\baseMVC\vendor\Base\Init\Bootstrap.php(12): Base\Init\Bootstrap->run('/')
#5 C:\Users\hurie\Desktop\baseMVC\public\index.php(7): Base\Init\Bootstrap->__construct()
#6 {main}
  thrown in C:\Users\hurie\Desktop\baseMVC\vendor\Base\DI\Container.php on line 13
[17-Aug-2018 03:07:25 UTC] PHP Fatal error:  Uncaught Error: Class 'Base\Database\Database' not found in C:\Users\hurie\Desktop\baseMVC\vendor\Base\DI\Container.php:13
Stack trace:
#0 C:\Users\hurie\Desktop\baseMVC\App\Controllers\PrincipalController.php(13): Base\DI\Container::getModel('PrincipalModel')
#1 C:\Users\hurie\Desktop\baseMVC\vendor\Base\Init\Bootstrap.php(24): App\Controllers\PrincipalController->index()
#2 [internal function]: Base\Init\Bootstrap->Base\Init\{closure}(Array, 'home')
#3 C:\Users\hurie\Desktop\baseMVC\vendor\Base\Init\Bootstrap.php(26): array_walk(Array, Object(Closure))
#4 C:\Users\hurie\Desktop\baseMVC\vendor\Base\Init\Bootstrap.php(12): Base\Init\Bootstrap->run('/')
#5 C:\Users\hurie\Desktop\baseMVC\public\index.php(7): Base\Init\Bootstrap->__construct()
#6 {main}
  thrown in C:\Users\hurie\Desktop\baseMVC\vendor\Base\DI\Container.php on line 13
[17-Aug-2018 03:34:28 UTC] PHP Fatal error:  Uncaught Error: Class 'Base\Database\PDO' not found in C:\Users\hurie\Desktop\baseMVC\vendor\Base\Database\Database.php:12
Stack trace:
#0 C:\Users\hurie\Desktop\baseMVC\vendor\Base\DI\Container.php(13): Base\Database\Database::getDb()
#1 C:\Users\hurie\Desktop\baseMVC\App\Controllers\PrincipalController.php(13): Base\DI\Container::getModel('PrincipalModel')
#2 C:\Users\hurie\Desktop\baseMVC\vendor\Base\Init\Bootstrap.php(24): App\Controllers\PrincipalController->index()
#3 [internal function]: Base\Init\Bootstrap->Base\Init\{closure}(Array, 'home')
#4 C:\Users\hurie\Desktop\baseMVC\vendor\Base\Init\Bootstrap.php(26): array_walk(Array, Object(Closure))
#5 C:\Users\hurie\Desktop\baseMVC\vendor\Base\Init\Bootstrap.php(12): Base\Init\Bootstrap->run('/')
#6 C:\Users\hurie\Desktop\baseMVC\public\index.php(7): Base\Init\Bootstrap->__construct()
#7 {main}
  thrown in C:\Users\hurie\Desktop\baseMVC\vendor\Base\Database\Database.php on line 12
[17-Aug-2018 03:34:50 UTC] PHP Fatal error:  Uncaught Error: Class 'Base\Database\PDO' not found in C:\Users\hurie\Desktop\baseMVC\vendor\Base\Database\Database.php:13
Stack trace:
#0 C:\Users\hurie\Desktop\baseMVC\vendor\Base\DI\Container.php(13): Base\Database\Database::getDb()
#1 C:\Users\hurie\Desktop\baseMVC\App\Controllers\PrincipalController.php(13): Base\DI\Container::getModel('PrincipalModel')
#2 C:\Users\hurie\Desktop\baseMVC\vendor\Base\Init\Bootstrap.php(24): App\Controllers\PrincipalController->index()
#3 [internal function]: Base\Init\Bootstrap->Base\Init\{closure}(Array, 'home')
#4 C:\Users\hurie\Desktop\baseMVC\vendor\Base\Init\Bootstrap.php(26): array_walk(Array, Object(Closure))
#5 C:\Users\hurie\Desktop\baseMVC\vendor\Base\Init\Bootstrap.php(12): Base\Init\Bootstrap->run('/')
#6 C:\Users\hurie\Desktop\baseMVC\public\index.php(7): Base\Init\Bootstrap->__construct()
#7 {main}
  thrown in C:\Users\hurie\Desktop\baseMVC\vendor\Base\Database\Database.php on line 13
[17-Aug-2018 03:35:03 UTC] PHP Parse error:  syntax error, unexpected 'class' (T_CLASS), expecting ',' or ';' in C:\Users\hurie\Desktop\baseMVC\vendor\Base\Database\Database.php on line 7
[17-Aug-2018 03:35:06 UTC] PHP Parse error:  syntax error, unexpected 'class' (T_CLASS), expecting ',' or ';' in C:\Users\hurie\Desktop\baseMVC\vendor\Base\Database\Database.php on line 7
[17-Aug-2018 03:36:36 UTC] PHP Warning:  Declaration of App\Models\PrincipalModel::all() should be compatible with Base\Model\Model::all($table) in C:\Users\hurie\Desktop\baseMVC\App\Models\PrincipalModel.php on line 7
[17-Aug-2018 03:41:42 UTC] PHP Warning:  Declaration of App\Models\PrincipalModel::all() should be compatible with Base\Model\Model::all($table) in C:\Users\hurie\Desktop\baseMVC\App\Models\PrincipalModel.php on line 7
[17-Aug-2018 03:42:52 UTC] PHP Warning:  Declaration of App\Models\PrincipalModel::all() should be compatible with Base\Model\Model::all($table) in C:\Users\hurie\Desktop\baseMVC\App\Models\PrincipalModel.php on line 7
[17-Aug-2018 03:42:59 UTC] PHP Warning:  Declaration of App\Models\PrincipalModel::all() should be compatible with Base\Model\Model::all($table) in C:\Users\hurie\Desktop\baseMVC\App\Models\PrincipalModel.php on line 7
[17-Aug-2018 03:46:59 UTC] PHP Warning:  Declaration of App\Models\PrincipalModel::all() should be compatible with Base\Model\Model::all($table) in C:\Users\hurie\Desktop\baseMVC\App\Models\PrincipalModel.php on line 7
[17-Aug-2018 03:51:29 UTC] PHP Warning:  Declaration of App\Models\PrincipalModel::all() should be compatible with Base\Model\Model::all($table) in C:\Users\hurie\Desktop\baseMVC\App\Models\PrincipalModel.php on line 7
[17-Aug-2018 03:51:29 UTC] PHP Fatal error:  Allowed memory size of 134217728 bytes exhausted (tried to allocate 262144 bytes) in C:\Users\hurie\Desktop\baseMVC\App\Models\PrincipalModel.php on line 11
[17-Aug-2018 03:51:52 UTC] PHP Warning:  Declaration of App\Models\PrincipalModel::all() should be compatible with Base\Model\Model::all($table) in C:\Users\hurie\Desktop\baseMVC\App\Models\PrincipalModel.php on line 7
[17-Aug-2018 03:51:52 UTC] PHP Fatal error:  Allowed memory size of 134217728 bytes exhausted (tried to allocate 262144 bytes) in C:\Users\hurie\Desktop\baseMVC\App\Models\PrincipalModel.php on line 11
[17-Aug-2018 03:52:17 UTC] PHP Warning:  Declaration of App\Models\PrincipalModel::all() should be compatible with Base\Model\Model::all($table) in C:\Users\hurie\Desktop\baseMVC\App\Models\PrincipalModel.php on line 7
[17-Aug-2018 03:52:18 UTC] PHP Fatal error:  Allowed memory size of 134217728 bytes exhausted (tried to allocate 262144 bytes) in C:\Users\hurie\Desktop\baseMVC\App\Models\PrincipalModel.php on line 11
[17-Aug-2018 03:52:24 UTC] PHP Warning:  Declaration of App\Models\PrincipalModel::all() should be compatible with Base\Model\Model::all($table) in C:\Users\hurie\Desktop\baseMVC\App\Models\PrincipalModel.php on line 7
[17-Aug-2018 03:52:49 UTC] PHP Warning:  Declaration of App\Models\PrincipalModel::all() should be compatible with Base\Model\Model::all($table) in C:\Users\hurie\Desktop\baseMVC\App\Models\PrincipalModel.php on line 7
[17-Aug-2018 03:53:05 UTC] PHP Warning:  Declaration of App\Models\PrincipalModel::all() should be compatible with Base\Model\Model::all($table) in C:\Users\hurie\Desktop\baseMVC\App\Models\PrincipalModel.php on line 7
[17-Aug-2018 03:53:05 UTC] PHP Recoverable fatal error:  Object of class App\Models\PrincipalModel could not be converted to string in C:\Users\hurie\Desktop\baseMVC\App\Controllers\PrincipalController.php on line 14
[17-Aug-2018 03:53:17 UTC] PHP Warning:  Declaration of App\Models\PrincipalModel::all() should be compatible with Base\Model\Model::all($table) in C:\Users\hurie\Desktop\baseMVC\App\Models\PrincipalModel.php on line 7
[17-Aug-2018 15:17:44 UTC] PHP Warning:  Declaration of App\Models\PrincipalModel::all() should be compatible with Base\Model\Model::all($table) in C:\Users\hurie\Desktop\BackupDinamic\App\Models\PrincipalModel.php on line 7
[17-Aug-2018 15:47:13 UTC] PHP Warning:  Declaration of App\Models\PrincipalModel::all() should be compatible with Base\Model\Model::all($table) in C:\Users\hurie\Desktop\BackupDinamic\App\Models\PrincipalModel.php on line 7
[17-Aug-2018 16:01:26 UTC] PHP Warning:  require_once(C:\Users\hurie\Desktop\BackupDinamic\App\Views\principal/includes/menu.php): failed to open stream: No such file or directory in C:\Users\hurie\Desktop\BackupDinamic\App\Views\principal\index.php on line 2
[17-Aug-2018 16:01:26 UTC] PHP Fatal error:  require_once(): Failed opening required 'C:\Users\hurie\Desktop\BackupDinamic\App\Views\principal/includes/menu.php' (include_path='.;C:\php\pear') in C:\Users\hurie\Desktop\BackupDinamic\App\Views\principal\index.php on line 2
[17-Aug-2018 17:15:09 UTC] PHP Fatal error:  Maximum execution time of 30 seconds exceeded in C:\Users\hurie\Desktop\BackupDinamic\App\Views\principal\index.php on line 23
[17-Aug-2018 17:24:52 UTC] PHP Recoverable fatal error:  Object of class App\Models\PrincipalModel could not be converted to string in C:\Users\hurie\Desktop\BackupDinamic\App\Controllers\PrincipalController.php on line 19
[17-Aug-2018 17:25:05 UTC] PHP Warning:  Creating default object from empty value in C:\Users\hurie\Desktop\BackupDinamic\App\Controllers\PrincipalController.php on line 19
[17-Aug-2018 17:25:05 UTC] PHP Recoverable fatal error:  Object of class App\Models\PrincipalModel could not be converted to string in C:\Users\hurie\Desktop\BackupDinamic\App\Controllers\PrincipalController.php on line 19
[17-Aug-2018 17:25:09 UTC] PHP Recoverable fatal error:  Object of class App\Models\PrincipalModel could not be converted to string in C:\Users\hurie\Desktop\BackupDinamic\App\Controllers\PrincipalController.php on line 19
[17-Aug-2018 18:02:12 UTC] PHP Fatal error:  Uncaught ArgumentCountError: Too few arguments to function App\Models\PrincipalModel::executaBackup(), 0 passed in C:\Users\hurie\Desktop\BackupDinamic\App\Controllers\PrincipalController.php on line 24 and exactly 8 expected in C:\Users\hurie\Desktop\BackupDinamic\App\Models\PrincipalModel.php:9
Stack trace:
#0 C:\Users\hurie\Desktop\BackupDinamic\App\Controllers\PrincipalController.php(24): App\Models\PrincipalModel->executaBackup()
#1 C:\Users\hurie\Desktop\BackupDinamic\vendor\Base\Init\Bootstrap.php(24): App\Controllers\PrincipalController->executa()
#2 [internal function]: Base\Init\Bootstrap->Base\Init\{closure}(Array, 'executa')
#3 C:\Users\hurie\Desktop\BackupDinamic\vendor\Base\Init\Bootstrap.php(26): array_walk(Array, Object(Closure))
#4 C:\Users\hurie\Desktop\BackupDinamic\vendor\Base\Init\Bootstrap.php(12): Base\Init\Bootstrap->run('/executa')
#5 C:\Users\hurie\Desktop\BackupDinamic\public\index.php(7): Base\Init\Bootstrap->__construct()
#6 {main}
  thrown in C:\Users\hurie\Desktop\BackupDinamic\App\Models\PrincipalModel.php on line 9
[17-Aug-2018 18:52:48 UTC] PHP Fatal error:  Uncaught Error: Class 'App\Controllers\PrincipalModel' not found in C:\Users\hurie\Desktop\BackupDinamic\App\Controllers\PrincipalController.php:24
Stack trace:
#0 C:\Users\hurie\Desktop\BackupDinamic\vendor\Base\Init\Bootstrap.php(24): App\Controllers\PrincipalController->executa()
#1 [internal function]: Base\Init\Bootstrap->Base\Init\{closure}(Array, 'executa')
#2 C:\Users\hurie\Desktop\BackupDinamic\vendor\Base\Init\Bootstrap.php(26): array_walk(Array, Object(Closure))
#3 C:\Users\hurie\Desktop\BackupDinamic\vendor\Base\Init\Bootstrap.php(12): Base\Init\Bootstrap->run('/executa')
#4 C:\Users\hurie\Desktop\BackupDinamic\public\index.php(7): Base\Init\Bootstrap->__construct()
#5 {main}
  thrown in C:\Users\hurie\Desktop\BackupDinamic\App\Controllers\PrincipalController.php on line 24
[17-Aug-2018 18:53:16 UTC] PHP Fatal error:  Uncaught Error: Class 'Models\PrincipalModel' not found in C:\Users\hurie\Desktop\BackupDinamic\App\Controllers\PrincipalController.php:25
Stack trace:
#0 C:\Users\hurie\Desktop\BackupDinamic\vendor\Base\Init\Bootstrap.php(24): App\Controllers\PrincipalController->executa()
#1 [internal function]: Base\Init\Bootstrap->Base\Init\{closure}(Array, 'executa')
#2 C:\Users\hurie\Desktop\BackupDinamic\vendor\Base\Init\Bootstrap.php(26): array_walk(Array, Object(Closure))
#3 C:\Users\hurie\Desktop\BackupDinamic\vendor\Base\Init\Bootstrap.php(12): Base\Init\Bootstrap->run('/executa')
#4 C:\Users\hurie\Desktop\BackupDinamic\public\index.php(7): Base\Init\Bootstrap->__construct()
#5 {main}
  thrown in C:\Users\hurie\Desktop\BackupDinamic\App\Controllers\PrincipalController.php on line 25
[17-Aug-2018 18:55:16 UTC] PHP Fatal error:  Uncaught Error: Call to undefined function App\Models\mdkir() in C:\Users\hurie\Desktop\BackupDinamic\App\Models\PrincipalModel.php:14
Stack trace:
#0 C:\Users\hurie\Desktop\BackupDinamic\App\Controllers\PrincipalController.php(36): App\Models\PrincipalModel->executaBackup('2', 'C:/testeBackup', 'C:/Mysql5/bin', 'localhost', 'root', '3307', '299610', 'biblioteca')
#1 C:\Users\hurie\Desktop\BackupDinamic\vendor\Base\Init\Bootstrap.php(24): App\Controllers\PrincipalController->executa()
#2 [internal function]: Base\Init\Bootstrap->Base\Init\{closure}(Array, 'executa')
#3 C:\Users\hurie\Desktop\BackupDinamic\vendor\Base\Init\Bootstrap.php(26): array_walk(Array, Object(Closure))
#4 C:\Users\hurie\Desktop\BackupDinamic\vendor\Base\Init\Bootstrap.php(12): Base\Init\Bootstrap->run('/executa')
#5 C:\Users\hurie\Desktop\BackupDinamic\public\index.php(7): Base\Init\Bootstrap->__construct()
#6 {main}
  thrown in C:\Users\hurie\Desktop\BackupDinamic\App\Models\PrincipalModel.php on line 14
[17-Aug-2018 18:58:42 UTC] PHP Parse error:  syntax error, unexpected '}' in C:\Users\hurie\Desktop\BackupDinamic\App\Controllers\PrincipalController.php on line 40
[17-Aug-2018 18:59:24 UTC] PHP Warning:  mkdir(): File exists in C:\Users\hurie\Desktop\BackupDinamic\App\Models\PrincipalModel.php on line 14
[17-Aug-2018 18:59:58 UTC] PHP Warning:  mkdir(): File exists in C:\Users\hurie\Desktop\BackupDinamic\App\Models\PrincipalModel.php on line 15
[17-Aug-2018 20:59:42 UTC] PHP Warning:  mkdir(): File exists in C:\Users\hurie\Desktop\BackupDinamic\App\Models\PrincipalModel.php on line 14
[17-Aug-2018 21:11:58 UTC] PHP Notice:  Undefined index: opcao in C:\Users\hurie\Desktop\BackupDinamic\App\Controllers\PrincipalController.php on line 28
[17-Aug-2018 21:11:58 UTC] PHP Notice:  Undefined index: caminhoBackup in C:\Users\hurie\Desktop\BackupDinamic\App\Controllers\PrincipalController.php on line 29
[17-Aug-2018 21:11:58 UTC] PHP Notice:  Undefined index: caminhoMysql in C:\Users\hurie\Desktop\BackupDinamic\App\Controllers\PrincipalController.php on line 30
[17-Aug-2018 21:11:58 UTC] PHP Notice:  Undefined index: host in C:\Users\hurie\Desktop\BackupDinamic\App\Controllers\PrincipalController.php on line 31
[17-Aug-2018 21:11:58 UTC] PHP Notice:  Undefined index: user in C:\Users\hurie\Desktop\BackupDinamic\App\Controllers\PrincipalController.php on line 32
[17-Aug-2018 21:11:58 UTC] PHP Notice:  Undefined index: porta in C:\Users\hurie\Desktop\BackupDinamic\App\Controllers\PrincipalController.php on line 33
[17-Aug-2018 21:11:58 UTC] PHP Notice:  Undefined index: pass in C:\Users\hurie\Desktop\BackupDinamic\App\Controllers\PrincipalController.php on line 34
[17-Aug-2018 21:11:58 UTC] PHP Notice:  Undefined index: banco in C:\Users\hurie\Desktop\BackupDinamic\App\Controllers\PrincipalController.php on line 35
[17-Aug-2018 21:12:20 UTC] PHP Warning:  mkdir(): File exists in C:\Users\hurie\Desktop\BackupDinamic\App\Models\PrincipalModel.php on line 14
[17-Aug-2018 21:14:18 UTC] PHP Warning:  mkdir(): File exists in C:\Users\hurie\Desktop\BackupDinamic\App\Models\PrincipalModel.php on line 14
[17-Aug-2018 21:14:31 UTC] PHP Notice:  Undefined index: opcao in C:\Users\hurie\Desktop\BackupDinamic\App\Controllers\PrincipalController.php on line 28
[17-Aug-2018 21:14:31 UTC] PHP Notice:  Undefined index: caminhoBackup in C:\Users\hurie\Desktop\BackupDinamic\App\Controllers\PrincipalController.php on line 29
[17-Aug-2018 21:14:32 UTC] PHP Notice:  Undefined index: caminhoMysql in C:\Users\hurie\Desktop\BackupDinamic\App\Controllers\PrincipalController.php on line 30
[17-Aug-2018 21:14:32 UTC] PHP Notice:  Undefined index: host in C:\Users\hurie\Desktop\BackupDinamic\App\Controllers\PrincipalController.php on line 31
[17-Aug-2018 21:14:32 UTC] PHP Notice:  Undefined index: user in C:\Users\hurie\Desktop\BackupDinamic\App\Controllers\PrincipalController.php on line 32
[17-Aug-2018 21:14:32 UTC] PHP Notice:  Undefined index: porta in C:\Users\hurie\Desktop\BackupDinamic\App\Controllers\PrincipalController.php on line 33
[17-Aug-2018 21:14:32 UTC] PHP Notice:  Undefined index: pass in C:\Users\hurie\Desktop\BackupDinamic\App\Controllers\PrincipalController.php on line 34
[17-Aug-2018 21:14:32 UTC] PHP Notice:  Undefined index: banco in C:\Users\hurie\Desktop\BackupDinamic\App\Controllers\PrincipalController.php on line 35
[17-Aug-2018 21:23:36 UTC] PHP Notice:  Undefined index: opcao in C:\Users\hurie\Desktop\BackupDinamic\App\Controllers\PrincipalController.php on line 28
[17-Aug-2018 21:23:36 UTC] PHP Notice:  Undefined index: caminhoBackup in C:\Users\hurie\Desktop\BackupDinamic\App\Controllers\PrincipalController.php on line 29
[17-Aug-2018 21:23:36 UTC] PHP Notice:  Undefined index: caminhoMysql in C:\Users\hurie\Desktop\BackupDinamic\App\Controllers\PrincipalController.php on line 30
[17-Aug-2018 21:23:36 UTC] PHP Notice:  Undefined index: host in C:\Users\hurie\Desktop\BackupDinamic\App\Controllers\PrincipalController.php on line 31
[17-Aug-2018 21:23:36 UTC] PHP Notice:  Undefined index: user in C:\Users\hurie\Desktop\BackupDinamic\App\Controllers\PrincipalController.php on line 32
[17-Aug-2018 21:23:36 UTC] PHP Notice:  Undefined index: porta in C:\Users\hurie\Desktop\BackupDinamic\App\Controllers\PrincipalController.php on line 33
[17-Aug-2018 21:23:36 UTC] PHP Notice:  Undefined index: pass in C:\Users\hurie\Desktop\BackupDinamic\App\Controllers\PrincipalController.php on line 34
[17-Aug-2018 21:23:36 UTC] PHP Notice:  Undefined index: banco in C:\Users\hurie\Desktop\BackupDinamic\App\Controllers\PrincipalController.php on line 35
[17-Aug-2018 21:25:56 UTC] PHP Notice:  Undefined index: opcao in C:\Users\hurie\Desktop\BackupDinamic\App\Controllers\PrincipalController.php on line 28
[17-Aug-2018 21:25:56 UTC] PHP Notice:  Undefined index: caminhoBackup in C:\Users\hurie\Desktop\BackupDinamic\App\Controllers\PrincipalController.php on line 29
[17-Aug-2018 21:25:56 UTC] PHP Notice:  Undefined index: caminhoMysql in C:\Users\hurie\Desktop\BackupDinamic\App\Controllers\PrincipalController.php on line 30
[17-Aug-2018 21:25:56 UTC] PHP Notice:  Undefined index: host in C:\Users\hurie\Desktop\BackupDinamic\App\Controllers\PrincipalController.php on line 31
[17-Aug-2018 21:25:56 UTC] PHP Notice:  Undefined index: user in C:\Users\hurie\Desktop\BackupDinamic\App\Controllers\PrincipalController.php on line 32
[17-Aug-2018 21:25:56 UTC] PHP Notice:  Undefined index: porta in C:\Users\hurie\Desktop\BackupDinamic\App\Controllers\PrincipalController.php on line 33
[17-Aug-2018 21:25:56 UTC] PHP Notice:  Undefined index: pass in C:\Users\hurie\Desktop\BackupDinamic\App\Controllers\PrincipalController.php on line 34
[17-Aug-2018 21:25:56 UTC] PHP Notice:  Undefined index: banco in C:\Users\hurie\Desktop\BackupDinamic\App\Controllers\PrincipalController.php on line 35
[17-Aug-2018 21:27:28 UTC] PHP Notice:  Undefined index: opcao in C:\Users\hurie\Desktop\BackupDinamic\App\Controllers\PrincipalController.php on line 28
[17-Aug-2018 21:27:28 UTC] PHP Notice:  Undefined index: caminhoBackup in C:\Users\hurie\Desktop\BackupDinamic\App\Controllers\PrincipalController.php on line 29
[17-Aug-2018 21:27:28 UTC] PHP Notice:  Undefined index: caminhoMysql in C:\Users\hurie\Desktop\BackupDinamic\App\Controllers\PrincipalController.php on line 30
[17-Aug-2018 21:27:28 UTC] PHP Notice:  Undefined index: host in C:\Users\hurie\Desktop\BackupDinamic\App\Controllers\PrincipalController.php on line 31
[17-Aug-2018 21:27:28 UTC] PHP Notice:  Undefined index: user in C:\Users\hurie\Desktop\BackupDinamic\App\Controllers\PrincipalController.php on line 32
[17-Aug-2018 21:27:28 UTC] PHP Notice:  Undefined index: porta in C:\Users\hurie\Desktop\BackupDinamic\App\Controllers\PrincipalController.php on line 33
[17-Aug-2018 21:27:28 UTC] PHP Notice:  Undefined index: pass in C:\Users\hurie\Desktop\BackupDinamic\App\Controllers\PrincipalController.php on line 34
[17-Aug-2018 21:27:28 UTC] PHP Notice:  Undefined index: banco in C:\Users\hurie\Desktop\BackupDinamic\App\Controllers\PrincipalController.php on line 35
[17-Aug-2018 21:40:48 UTC] PHP Notice:  Undefined index: opcao in C:\Users\hurie\Desktop\BackupDinamic\App\Controllers\PrincipalController.php on line 28
[17-Aug-2018 21:40:48 UTC] PHP Notice:  Undefined index: caminhoBackup in C:\Users\hurie\Desktop\BackupDinamic\App\Controllers\PrincipalController.php on line 29
[17-Aug-2018 21:40:48 UTC] PHP Notice:  Undefined index: caminhoMysql in C:\Users\hurie\Desktop\BackupDinamic\App\Controllers\PrincipalController.php on line 30
[17-Aug-2018 21:40:48 UTC] PHP Notice:  Undefined index: host in C:\Users\hurie\Desktop\BackupDinamic\App\Controllers\PrincipalController.php on line 31
[17-Aug-2018 21:40:48 UTC] PHP Notice:  Undefined index: user in C:\Users\hurie\Desktop\BackupDinamic\App\Controllers\PrincipalController.php on line 32
[17-Aug-2018 21:40:48 UTC] PHP Notice:  Undefined index: porta in C:\Users\hurie\Desktop\BackupDinamic\App\Controllers\PrincipalController.php on line 33
[17-Aug-2018 21:40:48 UTC] PHP Notice:  Undefined index: pass in C:\Users\hurie\Desktop\BackupDinamic\App\Controllers\PrincipalController.php on line 34
[17-Aug-2018 21:40:48 UTC] PHP Notice:  Undefined index: banco in C:\Users\hurie\Desktop\BackupDinamic\App\Controllers\PrincipalController.php on line 35
[17-Aug-2018 21:41:43 UTC] PHP Notice:  Undefined index: opcao in C:\Users\hurie\Desktop\BackupDinamic\App\Controllers\PrincipalController.php on line 28
[17-Aug-2018 21:41:43 UTC] PHP Notice:  Undefined index: caminhoBackup in C:\Users\hurie\Desktop\BackupDinamic\App\Controllers\PrincipalController.php on line 29
[17-Aug-2018 21:41:43 UTC] PHP Notice:  Undefined index: caminhoMysql in C:\Users\hurie\Desktop\BackupDinamic\App\Controllers\PrincipalController.php on line 30
[17-Aug-2018 21:41:43 UTC] PHP Notice:  Undefined index: host in C:\Users\hurie\Desktop\BackupDinamic\App\Controllers\PrincipalController.php on line 31
[17-Aug-2018 21:41:43 UTC] PHP Notice:  Undefined index: user in C:\Users\hurie\Desktop\BackupDinamic\App\Controllers\PrincipalController.php on line 32
[17-Aug-2018 21:41:43 UTC] PHP Notice:  Undefined index: porta in C:\Users\hurie\Desktop\BackupDinamic\App\Controllers\PrincipalController.php on line 33
[17-Aug-2018 21:41:43 UTC] PHP Notice:  Undefined index: pass in C:\Users\hurie\Desktop\BackupDinamic\App\Controllers\PrincipalController.php on line 34
[17-Aug-2018 21:41:43 UTC] PHP Notice:  Undefined index: banco in C:\Users\hurie\Desktop\BackupDinamic\App\Controllers\PrincipalController.php on line 35
[17-Aug-2018 21:44:57 UTC] PHP Notice:  Undefined index: opcao in C:\Users\hurie\Desktop\BackupDinamic\App\Controllers\PrincipalController.php on line 28
[17-Aug-2018 21:44:57 UTC] PHP Notice:  Undefined index: caminhoBackup in C:\Users\hurie\Desktop\BackupDinamic\App\Controllers\PrincipalController.php on line 29
[17-Aug-2018 21:44:57 UTC] PHP Notice:  Undefined index: caminhoMysql in C:\Users\hurie\Desktop\BackupDinamic\App\Controllers\PrincipalController.php on line 30
[17-Aug-2018 21:44:58 UTC] PHP Notice:  Undefined index: host in C:\Users\hurie\Desktop\BackupDinamic\App\Controllers\PrincipalController.php on line 31
[17-Aug-2018 21:44:58 UTC] PHP Notice:  Undefined index: user in C:\Users\hurie\Desktop\BackupDinamic\App\Controllers\PrincipalController.php on line 32
[17-Aug-2018 21:44:58 UTC] PHP Notice:  Undefined index: porta in C:\Users\hurie\Desktop\BackupDinamic\App\Controllers\PrincipalController.php on line 33
[17-Aug-2018 21:44:58 UTC] PHP Notice:  Undefined index: pass in C:\Users\hurie\Desktop\BackupDinamic\App\Controllers\PrincipalController.php on line 34
[17-Aug-2018 21:44:58 UTC] PHP Notice:  Undefined index: banco in C:\Users\hurie\Desktop\BackupDinamic\App\Controllers\PrincipalController.php on line 35
[17-Aug-2018 21:58:48 UTC] PHP Notice:  Undefined index: opcao in C:\Users\hurie\Desktop\BackupDinamic\App\Controllers\PrincipalController.php on line 28
[17-Aug-2018 21:58:49 UTC] PHP Notice:  Undefined index: caminhoBackup in C:\Users\hurie\Desktop\BackupDinamic\App\Controllers\PrincipalController.php on line 29
[17-Aug-2018 21:58:49 UTC] PHP Notice:  Undefined index: caminhoMysql in C:\Users\hurie\Desktop\BackupDinamic\App\Controllers\PrincipalController.php on line 30
[17-Aug-2018 21:58:49 UTC] PHP Notice:  Undefined index: host in C:\Users\hurie\Desktop\BackupDinamic\App\Controllers\PrincipalController.php on line 31
[17-Aug-2018 21:58:49 UTC] PHP Notice:  Undefined index: user in C:\Users\hurie\Desktop\BackupDinamic\App\Controllers\PrincipalController.php on line 32
[17-Aug-2018 21:58:49 UTC] PHP Notice:  Undefined index: porta in C:\Users\hurie\Desktop\BackupDinamic\App\Controllers\PrincipalController.php on line 33
[17-Aug-2018 21:58:49 UTC] PHP Notice:  Undefined index: pass in C:\Users\hurie\Desktop\BackupDinamic\App\Controllers\PrincipalController.php on line 34
[17-Aug-2018 21:58:49 UTC] PHP Notice:  Undefined index: banco in C:\Users\hurie\Desktop\BackupDinamic\App\Controllers\PrincipalController.php on line 35
[17-Aug-2018 21:59:17 UTC] PHP Notice:  Undefined index: opcao in C:\Users\hurie\Desktop\BackupDinamic\App\Controllers\PrincipalController.php on line 28
[17-Aug-2018 21:59:17 UTC] PHP Notice:  Undefined index: caminhoBackup in C:\Users\hurie\Desktop\BackupDinamic\App\Controllers\PrincipalController.php on line 29
[17-Aug-2018 21:59:17 UTC] PHP Notice:  Undefined index: caminhoMysql in C:\Users\hurie\Desktop\BackupDinamic\App\Controllers\PrincipalController.php on line 30
[17-Aug-2018 21:59:17 UTC] PHP Notice:  Undefined index: host in C:\Users\hurie\Desktop\BackupDinamic\App\Controllers\PrincipalController.php on line 31
[17-Aug-2018 21:59:17 UTC] PHP Notice:  Undefined index: user in C:\Users\hurie\Desktop\BackupDinamic\App\Controllers\PrincipalController.php on line 32
[17-Aug-2018 21:59:17 UTC] PHP Notice:  Undefined index: porta in C:\Users\hurie\Desktop\BackupDinamic\App\Controllers\PrincipalController.php on line 33
[17-Aug-2018 21:59:17 UTC] PHP Notice:  Undefined index: pass in C:\Users\hurie\Desktop\BackupDinamic\App\Controllers\PrincipalController.php on line 34
[17-Aug-2018 21:59:17 UTC] PHP Notice:  Undefined index: banco in C:\Users\hurie\Desktop\BackupDinamic\App\Controllers\PrincipalController.php on line 35
[17-Aug-2018 22:12:42 UTC] PHP Notice:  Undefined index: opcao in C:\Users\hurie\Desktop\BackupDinamic\App\Controllers\PrincipalController.php on line 28
[17-Aug-2018 22:12:42 UTC] PHP Notice:  Undefined index: caminhoBackup in C:\Users\hurie\Desktop\BackupDinamic\App\Controllers\PrincipalController.php on line 29
[17-Aug-2018 22:12:42 UTC] PHP Notice:  Undefined index: caminhoMysql in C:\Users\hurie\Desktop\BackupDinamic\App\Controllers\PrincipalController.php on line 30
[17-Aug-2018 22:12:42 UTC] PHP Notice:  Undefined index: host in C:\Users\hurie\Desktop\BackupDinamic\App\Controllers\PrincipalController.php on line 31
[17-Aug-2018 22:12:43 UTC] PHP Notice:  Undefined index: user in C:\Users\hurie\Desktop\BackupDinamic\App\Controllers\PrincipalController.php on line 32
[17-Aug-2018 22:12:43 UTC] PHP Notice:  Undefined index: porta in C:\Users\hurie\Desktop\BackupDinamic\App\Controllers\PrincipalController.php on line 33
[17-Aug-2018 22:12:43 UTC] PHP Notice:  Undefined index: pass in C:\Users\hurie\Desktop\BackupDinamic\App\Controllers\PrincipalController.php on line 34
[17-Aug-2018 22:12:43 UTC] PHP Notice:  Undefined index: banco in C:\Users\hurie\Desktop\BackupDinamic\App\Controllers\PrincipalController.php on line 35
[17-Aug-2018 22:12:43 UTC] PHP Warning:  mkdir(): File exists in C:\Users\hurie\Desktop\BackupDinamic\App\Models\PrincipalModel.php on line 14
[18-Aug-2018 12:57:37 UTC] PHP Parse error:  syntax error, unexpected ')' in C:\Users\hurie\Desktop\BackupDinamic\App\Models\PrincipalModel.php on line 40
[18-Aug-2018 13:07:19 UTC] PHP Notice:  Undefined index: opcao in C:\Users\hurie\Desktop\BackupDinamic\App\Controllers\PrincipalController.php on line 28
[18-Aug-2018 13:07:19 UTC] PHP Notice:  Undefined index: caminhoBackup in C:\Users\hurie\Desktop\BackupDinamic\App\Controllers\PrincipalController.php on line 29
[18-Aug-2018 13:07:19 UTC] PHP Notice:  Undefined index: caminhoMysql in C:\Users\hurie\Desktop\BackupDinamic\App\Controllers\PrincipalController.php on line 30
[18-Aug-2018 13:07:19 UTC] PHP Notice:  Undefined index: host in C:\Users\hurie\Desktop\BackupDinamic\App\Controllers\PrincipalController.php on line 31
[18-Aug-2018 13:07:19 UTC] PHP Notice:  Undefined index: user in C:\Users\hurie\Desktop\BackupDinamic\App\Controllers\PrincipalController.php on line 32
[18-Aug-2018 13:07:19 UTC] PHP Notice:  Undefined index: porta in C:\Users\hurie\Desktop\BackupDinamic\App\Controllers\PrincipalController.php on line 33
[18-Aug-2018 13:07:19 UTC] PHP Notice:  Undefined index: pass in C:\Users\hurie\Desktop\BackupDinamic\App\Controllers\PrincipalController.php on line 34
[18-Aug-2018 13:07:19 UTC] PHP Notice:  Undefined index: banco in C:\Users\hurie\Desktop\BackupDinamic\App\Controllers\PrincipalController.php on line 35
[18-Aug-2018 13:07:19 UTC] PHP Warning:  mkdir(): File exists in C:\Users\hurie\Desktop\BackupDinamic\App\Models\PrincipalModel.php on line 49
[18-Aug-2018 14:25:40 UTC] PHP Notice:  Undefined index: opcao in C:\Users\hurie\Desktop\BackupDinamic\App\Controllers\PrincipalController.php on line 28
[18-Aug-2018 14:25:40 UTC] PHP Notice:  Undefined index: caminhoBackup in C:\Users\hurie\Desktop\BackupDinamic\App\Controllers\PrincipalController.php on line 29
[18-Aug-2018 14:25:40 UTC] PHP Notice:  Undefined index: caminhoMysql in C:\Users\hurie\Desktop\BackupDinamic\App\Controllers\PrincipalController.php on line 30
[18-Aug-2018 14:25:40 UTC] PHP Notice:  Undefined index: host in C:\Users\hurie\Desktop\BackupDinamic\App\Controllers\PrincipalController.php on line 31
[18-Aug-2018 14:25:40 UTC] PHP Notice:  Undefined index: user in C:\Users\hurie\Desktop\BackupDinamic\App\Controllers\PrincipalController.php on line 32
[18-Aug-2018 14:25:40 UTC] PHP Notice:  Undefined index: porta in C:\Users\hurie\Desktop\BackupDinamic\App\Controllers\PrincipalController.php on line 33
[18-Aug-2018 14:25:40 UTC] PHP Notice:  Undefined index: pass in C:\Users\hurie\Desktop\BackupDinamic\App\Controllers\PrincipalController.php on line 34
[18-Aug-2018 14:25:40 UTC] PHP Notice:  Undefined index: banco in C:\Users\hurie\Desktop\BackupDinamic\App\Controllers\PrincipalController.php on line 35
[18-Aug-2018 14:26:33 UTC] PHP Notice:  Undefined index: opcao in C:\Users\hurie\Desktop\BackupDinamic\App\Controllers\PrincipalController.php on line 28
[18-Aug-2018 14:26:33 UTC] PHP Notice:  Undefined index: caminhoBackup in C:\Users\hurie\Desktop\BackupDinamic\App\Controllers\PrincipalController.php on line 29
[18-Aug-2018 14:26:33 UTC] PHP Notice:  Undefined index: caminhoMysql in C:\Users\hurie\Desktop\BackupDinamic\App\Controllers\PrincipalController.php on line 30
[18-Aug-2018 14:26:33 UTC] PHP Notice:  Undefined index: host in C:\Users\hurie\Desktop\BackupDinamic\App\Controllers\PrincipalController.php on line 31
[18-Aug-2018 14:26:33 UTC] PHP Notice:  Undefined index: user in C:\Users\hurie\Desktop\BackupDinamic\App\Controllers\PrincipalController.php on line 32
[18-Aug-2018 14:26:33 UTC] PHP Notice:  Undefined index: porta in C:\Users\hurie\Desktop\BackupDinamic\App\Controllers\PrincipalController.php on line 33
[18-Aug-2018 14:26:33 UTC] PHP Notice:  Undefined index: pass in C:\Users\hurie\Desktop\BackupDinamic\App\Controllers\PrincipalController.php on line 34
[18-Aug-2018 14:26:33 UTC] PHP Notice:  Undefined index: banco in C:\Users\hurie\Desktop\BackupDinamic\App\Controllers\PrincipalController.php on line 35
[18-Aug-2018 14:29:37 UTC] PHP Notice:  Undefined index: opcao in C:\Users\hurie\Desktop\BackupDinamic\App\Controllers\PrincipalController.php on line 28
[18-Aug-2018 14:29:37 UTC] PHP Notice:  Undefined index: caminhoBackup in C:\Users\hurie\Desktop\BackupDinamic\App\Controllers\PrincipalController.php on line 29
[18-Aug-2018 14:29:37 UTC] PHP Notice:  Undefined index: caminhoMysql in C:\Users\hurie\Desktop\BackupDinamic\App\Controllers\PrincipalController.php on line 30
[18-Aug-2018 14:29:37 UTC] PHP Notice:  Undefined index: host in C:\Users\hurie\Desktop\BackupDinamic\App\Controllers\PrincipalController.php on line 31
[18-Aug-2018 14:29:37 UTC] PHP Notice:  Undefined index: user in C:\Users\hurie\Desktop\BackupDinamic\App\Controllers\PrincipalController.php on line 32
[18-Aug-2018 14:29:37 UTC] PHP Notice:  Undefined index: porta in C:\Users\hurie\Desktop\BackupDinamic\App\Controllers\PrincipalController.php on line 33
[18-Aug-2018 14:29:37 UTC] PHP Notice:  Undefined index: pass in C:\Users\hurie\Desktop\BackupDinamic\App\Controllers\PrincipalController.php on line 34
[18-Aug-2018 14:29:37 UTC] PHP Notice:  Undefined index: banco in C:\Users\hurie\Desktop\BackupDinamic\App\Controllers\PrincipalController.php on line 35
[18-Aug-2018 14:29:40 UTC] PHP Notice:  Undefined index: opcao in C:\Users\hurie\Desktop\BackupDinamic\App\Controllers\PrincipalController.php on line 28
[18-Aug-2018 14:29:40 UTC] PHP Notice:  Undefined index: caminhoBackup in C:\Users\hurie\Desktop\BackupDinamic\App\Controllers\PrincipalController.php on line 29
[18-Aug-2018 14:29:40 UTC] PHP Notice:  Undefined index: caminhoMysql in C:\Users\hurie\Desktop\BackupDinamic\App\Controllers\PrincipalController.php on line 30
[18-Aug-2018 14:29:40 UTC] PHP Notice:  Undefined index: host in C:\Users\hurie\Desktop\BackupDinamic\App\Controllers\PrincipalController.php on line 31
[18-Aug-2018 14:29:40 UTC] PHP Notice:  Undefined index: user in C:\Users\hurie\Desktop\BackupDinamic\App\Controllers\PrincipalController.php on line 32
[18-Aug-2018 14:29:40 UTC] PHP Notice:  Undefined index: porta in C:\Users\hurie\Desktop\BackupDinamic\App\Controllers\PrincipalController.php on line 33
[18-Aug-2018 14:29:41 UTC] PHP Notice:  Undefined index: pass in C:\Users\hurie\Desktop\BackupDinamic\App\Controllers\PrincipalController.php on line 34
[18-Aug-2018 14:29:41 UTC] PHP Notice:  Undefined index: banco in C:\Users\hurie\Desktop\BackupDinamic\App\Controllers\PrincipalController.php on line 35
[18-Aug-2018 14:29:43 UTC] PHP Notice:  Undefined index: opcao in C:\Users\hurie\Desktop\BackupDinamic\App\Controllers\PrincipalController.php on line 28
[18-Aug-2018 14:29:43 UTC] PHP Notice:  Undefined index: caminhoBackup in C:\Users\hurie\Desktop\BackupDinamic\App\Controllers\PrincipalController.php on line 29
[18-Aug-2018 14:29:43 UTC] PHP Notice:  Undefined index: caminhoMysql in C:\Users\hurie\Desktop\BackupDinamic\App\Controllers\PrincipalController.php on line 30
[18-Aug-2018 14:29:43 UTC] PHP Notice:  Undefined index: host in C:\Users\hurie\Desktop\BackupDinamic\App\Controllers\PrincipalController.php on line 31
[18-Aug-2018 14:29:43 UTC] PHP Notice:  Undefined index: user in C:\Users\hurie\Desktop\BackupDinamic\App\Controllers\PrincipalController.php on line 32
[18-Aug-2018 14:29:43 UTC] PHP Notice:  Undefined index: porta in C:\Users\hurie\Desktop\BackupDinamic\App\Controllers\PrincipalController.php on line 33
[18-Aug-2018 14:29:43 UTC] PHP Notice:  Undefined index: pass in C:\Users\hurie\Desktop\BackupDinamic\App\Controllers\PrincipalController.php on line 34
[18-Aug-2018 14:29:43 UTC] PHP Notice:  Undefined index: banco in C:\Users\hurie\Desktop\BackupDinamic\App\Controllers\PrincipalController.php on line 35
[18-Aug-2018 14:30:17 UTC] PHP Notice:  Undefined index: opcao in C:\Users\hurie\Desktop\BackupDinamic\App\Controllers\PrincipalController.php on line 28
[18-Aug-2018 14:30:17 UTC] PHP Notice:  Undefined index: caminhoBackup in C:\Users\hurie\Desktop\BackupDinamic\App\Controllers\PrincipalController.php on line 29
[18-Aug-2018 14:30:17 UTC] PHP Notice:  Undefined index: caminhoMysql in C:\Users\hurie\Desktop\BackupDinamic\App\Controllers\PrincipalController.php on line 30
[18-Aug-2018 14:30:17 UTC] PHP Notice:  Undefined index: host in C:\Users\hurie\Desktop\BackupDinamic\App\Controllers\PrincipalController.php on line 31
[18-Aug-2018 14:30:17 UTC] PHP Notice:  Undefined index: user in C:\Users\hurie\Desktop\BackupDinamic\App\Controllers\PrincipalController.php on line 32
[18-Aug-2018 14:30:17 UTC] PHP Notice:  Undefined index: porta in C:\Users\hurie\Desktop\BackupDinamic\App\Controllers\PrincipalController.php on line 33
[18-Aug-2018 14:30:17 UTC] PHP Notice:  Undefined index: pass in C:\Users\hurie\Desktop\BackupDinamic\App\Controllers\PrincipalController.php on line 34
[18-Aug-2018 14:30:17 UTC] PHP Notice:  Undefined index: banco in C:\Users\hurie\Desktop\BackupDinamic\App\Controllers\PrincipalController.php on line 35
[18-Aug-2018 14:42:22 UTC] PHP Notice:  Undefined index: opcao in C:\Users\hurie\Desktop\BackupDinamic\App\Controllers\PrincipalController.php on line 28
[18-Aug-2018 14:42:22 UTC] PHP Notice:  Undefined index: caminhoBackup in C:\Users\hurie\Desktop\BackupDinamic\App\Controllers\PrincipalController.php on line 29
[18-Aug-2018 14:42:22 UTC] PHP Notice:  Undefined index: caminhoMysql in C:\Users\hurie\Desktop\BackupDinamic\App\Controllers\PrincipalController.php on line 30
[18-Aug-2018 14:42:22 UTC] PHP Notice:  Undefined index: host in C:\Users\hurie\Desktop\BackupDinamic\App\Controllers\PrincipalController.php on line 31
[18-Aug-2018 14:42:22 UTC] PHP Notice:  Undefined index: user in C:\Users\hurie\Desktop\BackupDinamic\App\Controllers\PrincipalController.php on line 32
[18-Aug-2018 14:42:22 UTC] PHP Notice:  Undefined index: porta in C:\Users\hurie\Desktop\BackupDinamic\App\Controllers\PrincipalController.php on line 33
[18-Aug-2018 14:42:22 UTC] PHP Notice:  Undefined index: pass in C:\Users\hurie\Desktop\BackupDinamic\App\Controllers\PrincipalController.php on line 34
[18-Aug-2018 14:42:22 UTC] PHP Notice:  Undefined index: banco in C:\Users\hurie\Desktop\BackupDinamic\App\Controllers\PrincipalController.php on line 35
[18-Aug-2018 14:55:00 UTC] PHP Notice:  Undefined index: opcao in C:\Users\hurie\Desktop\BackupDinamic\App\Controllers\PrincipalController.php on line 28
[18-Aug-2018 14:55:00 UTC] PHP Notice:  Undefined index: caminhoBackup in C:\Users\hurie\Desktop\BackupDinamic\App\Controllers\PrincipalController.php on line 29
[18-Aug-2018 14:55:00 UTC] PHP Notice:  Undefined index: caminhoMysql in C:\Users\hurie\Desktop\BackupDinamic\App\Controllers\PrincipalController.php on line 30
[18-Aug-2018 14:55:00 UTC] PHP Notice:  Undefined index: host in C:\Users\hurie\Desktop\BackupDinamic\App\Controllers\PrincipalController.php on line 31
[18-Aug-2018 14:55:00 UTC] PHP Notice:  Undefined index: user in C:\Users\hurie\Desktop\BackupDinamic\App\Controllers\PrincipalController.php on line 32
[18-Aug-2018 14:55:00 UTC] PHP Notice:  Undefined index: porta in C:\Users\hurie\Desktop\BackupDinamic\App\Controllers\PrincipalController.php on line 33
[18-Aug-2018 14:55:00 UTC] PHP Notice:  Undefined index: pass in C:\Users\hurie\Desktop\BackupDinamic\App\Controllers\PrincipalController.php on line 34
[18-Aug-2018 14:55:00 UTC] PHP Notice:  Undefined index: banco in C:\Users\hurie\Desktop\BackupDinamic\App\Controllers\PrincipalController.php on line 35
[18-Aug-2018 14:56:01 UTC] PHP Notice:  Undefined index: opcao in C:\Users\hurie\Desktop\BackupDinamic\App\Controllers\PrincipalController.php on line 28
[18-Aug-2018 14:56:01 UTC] PHP Notice:  Undefined index: caminhoBackup in C:\Users\hurie\Desktop\BackupDinamic\App\Controllers\PrincipalController.php on line 29
[18-Aug-2018 14:56:01 UTC] PHP Notice:  Undefined index: caminhoMysql in C:\Users\hurie\Desktop\BackupDinamic\App\Controllers\PrincipalController.php on line 30
[18-Aug-2018 14:56:01 UTC] PHP Notice:  Undefined index: host in C:\Users\hurie\Desktop\BackupDinamic\App\Controllers\PrincipalController.php on line 31
[18-Aug-2018 14:56:01 UTC] PHP Notice:  Undefined index: user in C:\Users\hurie\Desktop\BackupDinamic\App\Controllers\PrincipalController.php on line 32
[18-Aug-2018 14:56:01 UTC] PHP Notice:  Undefined index: porta in C:\Users\hurie\Desktop\BackupDinamic\App\Controllers\PrincipalController.php on line 33
[18-Aug-2018 14:56:01 UTC] PHP Notice:  Undefined index: pass in C:\Users\hurie\Desktop\BackupDinamic\App\Controllers\PrincipalController.php on line 34
[18-Aug-2018 14:56:01 UTC] PHP Notice:  Undefined index: banco in C:\Users\hurie\Desktop\BackupDinamic\App\Controllers\PrincipalController.php on line 35
[18-Aug-2018 15:00:51 UTC] PHP Notice:  Undefined index: opcao in C:\Users\hurie\Desktop\BackupDinamic\App\Controllers\PrincipalController.php on line 28
[18-Aug-2018 15:00:51 UTC] PHP Notice:  Undefined index: caminhoBackup in C:\Users\hurie\Desktop\BackupDinamic\App\Controllers\PrincipalController.php on line 29
[18-Aug-2018 15:00:51 UTC] PHP Notice:  Undefined index: caminhoMysql in C:\Users\hurie\Desktop\BackupDinamic\App\Controllers\PrincipalController.php on line 30
[18-Aug-2018 15:00:51 UTC] PHP Notice:  Undefined index: host in C:\Users\hurie\Desktop\BackupDinamic\App\Controllers\PrincipalController.php on line 31
[18-Aug-2018 15:00:51 UTC] PHP Notice:  Undefined index: user in C:\Users\hurie\Desktop\BackupDinamic\App\Controllers\PrincipalController.php on line 32
[18-Aug-2018 15:00:51 UTC] PHP Notice:  Undefined index: porta in C:\Users\hurie\Desktop\BackupDinamic\App\Controllers\PrincipalController.php on line 33
[18-Aug-2018 15:00:51 UTC] PHP Notice:  Undefined index: pass in C:\Users\hurie\Desktop\BackupDinamic\App\Controllers\PrincipalController.php on line 34
[18-Aug-2018 15:00:51 UTC] PHP Notice:  Undefined index: banco in C:\Users\hurie\Desktop\BackupDinamic\App\Controllers\PrincipalController.php on line 35
[18-Aug-2018 15:01:16 UTC] PHP Notice:  Undefined index: opcao in C:\Users\hurie\Desktop\BackupDinamic\App\Controllers\PrincipalController.php on line 28
[18-Aug-2018 15:01:16 UTC] PHP Notice:  Undefined index: caminhoBackup in C:\Users\hurie\Desktop\BackupDinamic\App\Controllers\PrincipalController.php on line 29
[18-Aug-2018 15:01:16 UTC] PHP Notice:  Undefined index: caminhoMysql in C:\Users\hurie\Desktop\BackupDinamic\App\Controllers\PrincipalController.php on line 30
[18-Aug-2018 15:01:16 UTC] PHP Notice:  Undefined index: host in C:\Users\hurie\Desktop\BackupDinamic\App\Controllers\PrincipalController.php on line 31
[18-Aug-2018 15:01:16 UTC] PHP Notice:  Undefined index: user in C:\Users\hurie\Desktop\BackupDinamic\App\Controllers\PrincipalController.php on line 32
[18-Aug-2018 15:01:16 UTC] PHP Notice:  Undefined index: porta in C:\Users\hurie\Desktop\BackupDinamic\App\Controllers\PrincipalController.php on line 33
[18-Aug-2018 15:01:16 UTC] PHP Notice:  Undefined index: pass in C:\Users\hurie\Desktop\BackupDinamic\App\Controllers\PrincipalController.php on line 34
[18-Aug-2018 15:01:16 UTC] PHP Notice:  Undefined index: banco in C:\Users\hurie\Desktop\BackupDinamic\App\Controllers\PrincipalController.php on line 35
[18-Aug-2018 15:01:24 UTC] PHP Notice:  Undefined index: opcao in C:\Users\hurie\Desktop\BackupDinamic\App\Controllers\PrincipalController.php on line 28
[18-Aug-2018 15:01:24 UTC] PHP Notice:  Undefined index: caminhoBackup in C:\Users\hurie\Desktop\BackupDinamic\App\Controllers\PrincipalController.php on line 29
[18-Aug-2018 15:01:24 UTC] PHP Notice:  Undefined index: caminhoMysql in C:\Users\hurie\Desktop\BackupDinamic\App\Controllers\PrincipalController.php on line 30
[18-Aug-2018 15:01:24 UTC] PHP Notice:  Undefined index: host in C:\Users\hurie\Desktop\BackupDinamic\App\Controllers\PrincipalController.php on line 31
[18-Aug-2018 15:01:24 UTC] PHP Notice:  Undefined index: user in C:\Users\hurie\Desktop\BackupDinamic\App\Controllers\PrincipalController.php on line 32
[18-Aug-2018 15:01:24 UTC] PHP Notice:  Undefined index: porta in C:\Users\hurie\Desktop\BackupDinamic\App\Controllers\PrincipalController.php on line 33
[18-Aug-2018 15:01:24 UTC] PHP Notice:  Undefined index: pass in C:\Users\hurie\Desktop\BackupDinamic\App\Controllers\PrincipalController.php on line 34
[18-Aug-2018 15:01:24 UTC] PHP Notice:  Undefined index: banco in C:\Users\hurie\Desktop\BackupDinamic\App\Controllers\PrincipalController.php on line 35
[18-Aug-2018 15:18:48 UTC] PHP Fatal error:  Uncaught Error: Class 'App\Models\PDO' not found in C:\Users\hurie\Desktop\BackupDinamic\App\Models\PrincipalModel.php:10
Stack trace:
#0 C:\Users\hurie\Desktop\BackupDinamic\App\Controllers\PrincipalController.php(37): App\Models\PrincipalModel->executaBackup('1', 'C:/testeBackup', '', '', '', '3307', '299610', 'mvc')
#1 C:\Users\hurie\Desktop\BackupDinamic\vendor\Base\Init\Bootstrap.php(24): App\Controllers\PrincipalController->executa()
#2 [internal function]: Base\Init\Bootstrap->Base\Init\{closure}(Array, 'executa')
#3 C:\Users\hurie\Desktop\BackupDinamic\vendor\Base\Init\Bootstrap.php(26): array_walk(Array, Object(Closure))
#4 C:\Users\hurie\Desktop\BackupDinamic\vendor\Base\Init\Bootstrap.php(12): Base\Init\Bootstrap->run('/executa')
#5 C:\Users\hurie\Desktop\BackupDinamic\public\index.php(7): Base\Init\Bootstrap->__construct()
#6 {main}
  thrown in C:\Users\hurie\Desktop\BackupDinamic\App\Models\PrincipalModel.php on line 10
[18-Aug-2018 15:19:04 UTC] PHP Fatal error:  Uncaught PDOException: SQLSTATE[HY000] [1130] Host 'Huriel-Lopes' is not allowed to connect to this MySQL server in C:\Users\hurie\Desktop\BackupDinamic\App\Models\PrincipalModel.php:12
Stack trace:
#0 C:\Users\hurie\Desktop\BackupDinamic\App\Models\PrincipalModel.php(12): PDO->__construct('mysql:host=:330...', '', '299610')
#1 C:\Users\hurie\Desktop\BackupDinamic\App\Controllers\PrincipalController.php(37): App\Models\PrincipalModel->executaBackup('1', 'C:/testeBackup', '', '', '', '3307', '299610', 'mvc')
#2 C:\Users\hurie\Desktop\BackupDinamic\vendor\Base\Init\Bootstrap.php(24): App\Controllers\PrincipalController->executa()
#3 [internal function]: Base\Init\Bootstrap->Base\Init\{closure}(Array, 'executa')
#4 C:\Users\hurie\Desktop\BackupDinamic\vendor\Base\Init\Bootstrap.php(26): array_walk(Array, Object(Closure))
#5 C:\Users\hurie\Desktop\BackupDinamic\vendor\Base\Init\Bootstrap.php(12): Base\Init\Bootstrap->run('/executa')
#6 C:\Users\hurie\Desktop\BackupDinamic\public\index.php(7): Base\Init\Bootstrap- in C:\Users\hurie\Desktop\BackupDinamic\App\Models\PrincipalModel.php on line 12
[18-Aug-2018 15:19:31 UTC] PHP Fatal error:  Uncaught PDOException: SQLSTATE[HY000] [1130] Host 'Huriel-Lopes' is not allowed to connect to this MySQL server in C:\Users\hurie\Desktop\BackupDinamic\App\Models\PrincipalModel.php:12
Stack trace:
#0 C:\Users\hurie\Desktop\BackupDinamic\App\Models\PrincipalModel.php(12): PDO->__construct('mysql:host=:330...', '', '299610')
#1 C:\Users\hurie\Desktop\BackupDinamic\App\Controllers\PrincipalController.php(37): App\Models\PrincipalModel->executaBackup('1', 'C:/testeBackup', '', '', '', '3307', '299610', 'mvc')
#2 C:\Users\hurie\Desktop\BackupDinamic\vendor\Base\Init\Bootstrap.php(24): App\Controllers\PrincipalController->executa()
#3 [internal function]: Base\Init\Bootstrap->Base\Init\{closure}(Array, 'executa')
#4 C:\Users\hurie\Desktop\BackupDinamic\vendor\Base\Init\Bootstrap.php(26): array_walk(Array, Object(Closure))
#5 C:\Users\hurie\Desktop\BackupDinamic\vendor\Base\Init\Bootstrap.php(12): Base\Init\Bootstrap->run('/executa')
#6 C:\Users\hurie\Desktop\BackupDinamic\public\index.php(7): Base\Init\Bootstrap- in C:\Users\hurie\Desktop\BackupDinamic\App\Models\PrincipalModel.php on line 12
[18-Aug-2018 15:27:02 UTC] PHP Fatal error:  Uncaught PDOException: SQLSTATE[HY000] [1130] Host 'Huriel-Lopes' is not allowed to connect to this MySQL server in C:\Users\hurie\Desktop\BackupDinamic\App\Models\PrincipalModel.php:12
Stack trace:
#0 C:\Users\hurie\Desktop\BackupDinamic\App\Models\PrincipalModel.php(12): PDO->__construct('mysql:host=:330...', '', '299610')
#1 C:\Users\hurie\Desktop\BackupDinamic\App\Controllers\PrincipalController.php(37): App\Models\PrincipalModel->executaBackup('1', 'C:/testeBackup', '', '', '', '3307', '299610', 'biblioteca')
#2 C:\Users\hurie\Desktop\BackupDinamic\vendor\Base\Init\Bootstrap.php(24): App\Controllers\PrincipalController->executa()
#3 [internal function]: Base\Init\Bootstrap->Base\Init\{closure}(Array, 'executa')
#4 C:\Users\hurie\Desktop\BackupDinamic\vendor\Base\Init\Bootstrap.php(26): array_walk(Array, Object(Closure))
#5 C:\Users\hurie\Desktop\BackupDinamic\vendor\Base\Init\Bootstrap.php(12): Base\Init\Bootstrap->run('/executa')
#6 C:\Users\hurie\Desktop\BackupDinamic\public\index.php(7): Base\Init\Boo in C:\Users\hurie\Desktop\BackupDinamic\App\Models\PrincipalModel.php on line 12
[18-Aug-2018 15:30:48 UTC] PHP Fatal error:  Uncaught PDOException: SQLSTATE[HY000] [1130] Host 'Huriel-Lopes' is not allowed to connect to this MySQL server in C:\Users\hurie\Desktop\BackupDinamic\App\Models\PrincipalModel.php:12
Stack trace:
#0 C:\Users\hurie\Desktop\BackupDinamic\App\Models\PrincipalModel.php(12): PDO->__construct('mysql:host=:330...', '', '299610')
#1 C:\Users\hurie\Desktop\BackupDinamic\App\Controllers\PrincipalController.php(39): App\Models\PrincipalModel->executaBackup('1', 'C:/testeBackup', '', '', '', '3307', '299610', 'biblioteca')
#2 C:\Users\hurie\Desktop\BackupDinamic\vendor\Base\Init\Bootstrap.php(24): App\Controllers\PrincipalController->executa()
#3 [internal function]: Base\Init\Bootstrap->Base\Init\{closure}(Array, 'executa')
#4 C:\Users\hurie\Desktop\BackupDinamic\vendor\Base\Init\Bootstrap.php(26): array_walk(Array, Object(Closure))
#5 C:\Users\hurie\Desktop\BackupDinamic\vendor\Base\Init\Bootstrap.php(12): Base\Init\Bootstrap->run('/executa')
#6 C:\Users\hurie\Desktop\BackupDinamic\public\index.php(7): Base\Init\Boo in C:\Users\hurie\Desktop\BackupDinamic\App\Models\PrincipalModel.php on line 12
[18-Aug-2018 15:36:23 UTC] PHP Fatal error:  Uncaught PDOException: SQLSTATE[HY000] [1130] Host 'Huriel-Lopes' is not allowed to connect to this MySQL server in C:\Users\hurie\Desktop\BackupDinamic\App\Models\PrincipalModel.php:12
Stack trace:
#0 C:\Users\hurie\Desktop\BackupDinamic\App\Models\PrincipalModel.php(12): PDO->__construct('mysql:host=:330...', 'root', '299610')
#1 C:\Users\hurie\Desktop\BackupDinamic\App\Controllers\PrincipalController.php(39): App\Models\PrincipalModel->executaBackup('1', 'C:/testeBackup', '', '', 'root', '3307', '299610', '299610')
#2 C:\Users\hurie\Desktop\BackupDinamic\vendor\Base\Init\Bootstrap.php(24): App\Controllers\PrincipalController->executa()
#3 [internal function]: Base\Init\Bootstrap->Base\Init\{closure}(Array, 'executa')
#4 C:\Users\hurie\Desktop\BackupDinamic\vendor\Base\Init\Bootstrap.php(26): array_walk(Array, Object(Closure))
#5 C:\Users\hurie\Desktop\BackupDinamic\vendor\Base\Init\Bootstrap.php(12): Base\Init\Bootstrap->run('/executa')
#6 C:\Users\hurie\Desktop\BackupDinamic\public\index.php(7): Base\Init in C:\Users\hurie\Desktop\BackupDinamic\App\Models\PrincipalModel.php on line 12
[18-Aug-2018 16:54:23 UTC] PHP Fatal error:  Cannot redeclare App\Models\PrincipalModel::executaDinamico() in C:\Users\hurie\Desktop\BackupDinamic\App\Models\PrincipalModel.php on line 63
[18-Aug-2018 16:55:27 UTC] PHP Fatal error:  Cannot redeclare App\Models\PrincipalModel::executaDinamico() in C:\Users\hurie\Desktop\BackupDinamic\App\Models\PrincipalModel.php on line 63
[18-Aug-2018 17:02:28 UTC] PHP Fatal error:  Uncaught PDOException: SQLSTATE[HY000] [1130] Host 'Huriel-Lopes' is not allowed to connect to this MySQL server in C:\Users\hurie\Desktop\BackupDinamic\App\Models\PrincipalModel.php:12
Stack trace:
#0 C:\Users\hurie\Desktop\BackupDinamic\App\Models\PrincipalModel.php(12): PDO->__construct('mysql:host=:330...', 'root', '299610')
#1 C:\Users\hurie\Desktop\BackupDinamic\App\Controllers\PrincipalController.php(38): App\Models\PrincipalModel->executaTradicional('C:/testeBackup', '', 'root', '3307', '299610', 'biblioteca')
#2 C:\Users\hurie\Desktop\BackupDinamic\vendor\Base\Init\Bootstrap.php(24): App\Controllers\PrincipalController->executa()
#3 [internal function]: Base\Init\Bootstrap->Base\Init\{closure}(Array, 'executa')
#4 C:\Users\hurie\Desktop\BackupDinamic\vendor\Base\Init\Bootstrap.php(26): array_walk(Array, Object(Closure))
#5 C:\Users\hurie\Desktop\BackupDinamic\vendor\Base\Init\Bootstrap.php(12): Base\Init\Bootstrap->run('/executa')
#6 C:\Users\hurie\Desktop\BackupDinamic\public\index.php(7): Base\Init in C:\Users\hurie\Desktop\BackupDinamic\App\Models\PrincipalModel.php on line 12
[18-Aug-2018 17:03:30 UTC] PHP Fatal error:  Uncaught PDOException: SQLSTATE[HY000] [1130] Host 'Huriel-Lopes' is not allowed to connect to this MySQL server in C:\Users\hurie\Desktop\BackupDinamic\App\Models\PrincipalModel.php:12
Stack trace:
#0 C:\Users\hurie\Desktop\BackupDinamic\App\Models\PrincipalModel.php(12): PDO->__construct('mysql:host=:330...', 'root', '299610')
#1 C:\Users\hurie\Desktop\BackupDinamic\App\Controllers\PrincipalController.php(38): App\Models\PrincipalModel->executaTradicional('C:/testeBackup', '', 'root', '3307', '299610', 'biblioteca')
#2 C:\Users\hurie\Desktop\BackupDinamic\vendor\Base\Init\Bootstrap.php(24): App\Controllers\PrincipalController->executa()
#3 [internal function]: Base\Init\Bootstrap->Base\Init\{closure}(Array, 'executa')
#4 C:\Users\hurie\Desktop\BackupDinamic\vendor\Base\Init\Bootstrap.php(26): array_walk(Array, Object(Closure))
#5 C:\Users\hurie\Desktop\BackupDinamic\vendor\Base\Init\Bootstrap.php(12): Base\Init\Bootstrap->run('/executa')
#6 C:\Users\hurie\Desktop\BackupDinamic\public\index.php(7): Base\Init in C:\Users\hurie\Desktop\BackupDinamic\App\Models\PrincipalModel.php on line 12
[18-Aug-2018 17:04:12 UTC] PHP Parse error:  syntax error, unexpected '{' in C:\Users\hurie\Desktop\BackupDinamic\App\Models\PrincipalModel.php on line 12
[18-Aug-2018 17:04:14 UTC] PHP Parse error:  syntax error, unexpected '{' in C:\Users\hurie\Desktop\BackupDinamic\App\Models\PrincipalModel.php on line 12
[18-Aug-2018 17:04:32 UTC] PHP Parse error:  syntax error, unexpected '':'' (T_CONSTANT_ENCAPSED_STRING), expecting ',' or ')' in C:\Users\hurie\Desktop\BackupDinamic\App\Models\PrincipalModel.php on line 12
[18-Aug-2018 17:04:32 UTC] PHP Parse error:  syntax error, unexpected '':'' (T_CONSTANT_ENCAPSED_STRING), expecting ',' or ')' in C:\Users\hurie\Desktop\BackupDinamic\App\Models\PrincipalModel.php on line 12
[18-Aug-2018 17:04:51 UTC] PHP Parse error:  syntax error, unexpected '{' in C:\Users\hurie\Desktop\BackupDinamic\App\Models\PrincipalModel.php on line 12
[18-Aug-2018 17:04:51 UTC] PHP Parse error:  syntax error, unexpected '{' in C:\Users\hurie\Desktop\BackupDinamic\App\Models\PrincipalModel.php on line 12
[18-Aug-2018 17:05:03 UTC] PHP Parse error:  syntax error, unexpected '{' in C:\Users\hurie\Desktop\BackupDinamic\App\Models\PrincipalModel.php on line 12
[18-Aug-2018 17:05:06 UTC] PHP Parse error:  syntax error, unexpected '{' in C:\Users\hurie\Desktop\BackupDinamic\App\Models\PrincipalModel.php on line 12
[18-Aug-2018 17:05:06 UTC] PHP Parse error:  syntax error, unexpected '{' in C:\Users\hurie\Desktop\BackupDinamic\App\Models\PrincipalModel.php on line 12
[18-Aug-2018 17:05:08 UTC] PHP Parse error:  syntax error, unexpected '{' in C:\Users\hurie\Desktop\BackupDinamic\App\Models\PrincipalModel.php on line 12
[18-Aug-2018 17:05:15 UTC] PHP Parse error:  syntax error, unexpected '{' in C:\Users\hurie\Desktop\BackupDinamic\App\Models\PrincipalModel.php on line 12
[18-Aug-2018 17:05:16 UTC] PHP Parse error:  syntax error, unexpected '{' in C:\Users\hurie\Desktop\BackupDinamic\App\Models\PrincipalModel.php on line 12
[18-Aug-2018 17:05:40 UTC] PHP Fatal error:  Uncaught PDOException: PDO::__construct(): php_network_getaddresses: getaddrinfo failed: Este host n�o � conhecido.  in C:\Users\hurie\Desktop\BackupDinamic\App\Models\PrincipalModel.php:12
Stack trace:
#0 C:\Users\hurie\Desktop\BackupDinamic\App\Models\PrincipalModel.php(12): PDO->__construct('mysql:host=$hos...', 'root', '299610')
#1 C:\Users\hurie\Desktop\BackupDinamic\App\Controllers\PrincipalController.php(38): App\Models\PrincipalModel->executaTradicional('C:/testeBackup', '', 'root', '3307', '299610', 'biblioteca')
#2 C:\Users\hurie\Desktop\BackupDinamic\vendor\Base\Init\Bootstrap.php(24): App\Controllers\PrincipalController->executa()
#3 [internal function]: Base\Init\Bootstrap->Base\Init\{closure}(Array, 'executa')
#4 C:\Users\hurie\Desktop\BackupDinamic\vendor\Base\Init\Bootstrap.php(26): array_walk(Array, Object(Closure))
#5 C:\Users\hurie\Desktop\BackupDinamic\vendor\Base\Init\Bootstrap.php(12): Base\Init\Bootstrap->run('/executa')
#6 C:\Users\hurie\Desktop\BackupDinamic\public\index.php(7): B in C:\Users\hurie\Desktop\BackupDinamic\App\Models\PrincipalModel.php on line 12
[18-Aug-2018 17:06:17 UTC] PHP Fatal error:  Uncaught PDOException: PDO::__construct(): php_network_getaddresses: getaddrinfo failed: Este host n�o � conhecido.  in C:\Users\hurie\Desktop\BackupDinamic\App\Models\PrincipalModel.php:12
Stack trace:
#0 C:\Users\hurie\Desktop\BackupDinamic\App\Models\PrincipalModel.php(12): PDO->__construct('mysql:host=$hos...', 'root', '299610')
#1 C:\Users\hurie\Desktop\BackupDinamic\App\Controllers\PrincipalController.php(38): App\Models\PrincipalModel->executaTradicional('C:/testeBackup', '', 'root', '3307', '299610', 'biblioteca')
#2 C:\Users\hurie\Desktop\BackupDinamic\vendor\Base\Init\Bootstrap.php(24): App\Controllers\PrincipalController->executa()
#3 [internal function]: Base\Init\Bootstrap->Base\Init\{closure}(Array, 'executa')
#4 C:\Users\hurie\Desktop\BackupDinamic\vendor\Base\Init\Bootstrap.php(26): array_walk(Array, Object(Closure))
#5 C:\Users\hurie\Desktop\BackupDinamic\vendor\Base\Init\Bootstrap.php(12): Base\Init\Bootstrap->run('/executa')
#6 C:\Users\hurie\Desktop\BackupDinamic\public\index.php(7): B in C:\Users\hurie\Desktop\BackupDinamic\App\Models\PrincipalModel.php on line 12
[18-Aug-2018 17:25:34 UTC] PHP Parse error:  syntax error, unexpected ',' in C:\Users\hurie\Desktop\BackupDinamic\App\Models\PrincipalModel.php on line 12
[18-Aug-2018 17:34:18 UTC] PHP Fatal error:  Uncaught PDOException: SQLSTATE[HY000] [1130] Host 'Huriel-Lopes' is not allowed to connect to this MySQL server in C:\Users\hurie\Desktop\BackupDinamic\App\Models\PrincipalModel.php:12
Stack trace:
#0 C:\Users\hurie\Desktop\BackupDinamic\App\Models\PrincipalModel.php(12): PDO->__construct('mysql:host=:330...', 'root', '299610')
#1 C:\Users\hurie\Desktop\BackupDinamic\App\Controllers\PrincipalController.php(38): App\Models\PrincipalModel->executaTradicional('C:/testeBackup', '', 'root', '3307', '299610', 'biblioteca')
#2 C:\Users\hurie\Desktop\BackupDinamic\vendor\Base\Init\Bootstrap.php(24): App\Controllers\PrincipalController->executa()
#3 [internal function]: Base\Init\Bootstrap->Base\Init\{closure}(Array, 'executa')
#4 C:\Users\hurie\Desktop\BackupDinamic\vendor\Base\Init\Bootstrap.php(26): array_walk(Array, Object(Closure))
#5 C:\Users\hurie\Desktop\BackupDinamic\vendor\Base\Init\Bootstrap.php(12): Base\Init\Bootstrap->run('/executa')
#6 C:\Users\hurie\Desktop\BackupDinamic\public\index.php(7): Base\Init in C:\Users\hurie\Desktop\BackupDinamic\App\Models\PrincipalModel.php on line 12
[18-Aug-2018 17:35:12 UTC] PHP Warning:  mkdir(): Invalid path in C:\Users\hurie\Desktop\BackupDinamic\App\Models\PrincipalModel.php on line 52
[18-Aug-2018 17:36:02 UTC] PHP Warning:  mkdir(): Invalid path in C:\Users\hurie\Desktop\BackupDinamic\App\Models\PrincipalModel.php on line 52
[18-Aug-2018 17:36:16 UTC] PHP Warning:  mkdir(): Invalid path in C:\Users\hurie\Desktop\BackupDinamic\App\Models\PrincipalModel.php on line 52
[18-Aug-2018 17:46:15 UTC] PHP Notice:  Undefined index: caminhoMysql in C:\Users\hurie\Desktop\BackupDinamic\App\Controllers\PrincipalController.php on line 30
[18-Aug-2018 17:46:53 UTC] PHP Notice:  Undefined index: caminhoMysql in C:\Users\hurie\Desktop\BackupDinamic\App\Controllers\PrincipalController.php on line 30
[18-Aug-2018 17:46:54 UTC] PHP Warning:  fopen(1/Backup 2018-08-18.sql): failed to open stream: No such file or directory in C:\Users\hurie\Desktop\BackupDinamic\App\Models\PrincipalModel.php on line 16
[18-Aug-2018 17:46:55 UTC] PHP Warning:  fwrite() expects parameter 1 to be resource, boolean given in C:\Users\hurie\Desktop\BackupDinamic\App\Models\PrincipalModel.php on line 24
[18-Aug-2018 17:46:55 UTC] PHP Warning:  fwrite() expects parameter 1 to be resource, boolean given in C:\Users\hurie\Desktop\BackupDinamic\App\Models\PrincipalModel.php on line 36
[18-Aug-2018 17:47:41 UTC] PHP Notice:  Undefined index: caminhoMysql in C:\Users\hurie\Desktop\BackupDinamic\App\Controllers\PrincipalController.php on line 30
[18-Aug-2018 17:47:41 UTC] PHP Warning:  mkdir(): File exists in C:\Users\hurie\Desktop\BackupDinamic\App\Models\PrincipalModel.php on line 14
[18-Aug-2018 17:48:44 UTC] PHP Notice:  Undefined index: caminhoMysql in C:\Users\hurie\Desktop\BackupDinamic\App\Controllers\PrincipalController.php on line 30
[18-Aug-2018 17:50:00 UTC] PHP Notice:  Undefined index: caminhoMysql in C:\Users\hurie\Desktop\BackupDinamic\App\Controllers\PrincipalController.php on line 30
[18-Aug-2018 17:50:00 UTC] PHP Warning:  mkdir(): File exists in C:\Users\hurie\Desktop\BackupDinamic\App\Models\PrincipalModel.php on line 14
[18-Aug-2018 17:57:26 UTC] PHP Notice:  Undefined index: opcao in C:\Users\hurie\Desktop\BackupDinamic\App\Controllers\PrincipalController.php on line 28
[18-Aug-2018 17:57:26 UTC] PHP Notice:  Undefined index: caminhoBackup in C:\Users\hurie\Desktop\BackupDinamic\App\Controllers\PrincipalController.php on line 29
[18-Aug-2018 17:57:26 UTC] PHP Notice:  Undefined index: caminhoMysql in C:\Users\hurie\Desktop\BackupDinamic\App\Controllers\PrincipalController.php on line 30
[18-Aug-2018 17:57:26 UTC] PHP Notice:  Undefined index: host in C:\Users\hurie\Desktop\BackupDinamic\App\Controllers\PrincipalController.php on line 31
[18-Aug-2018 17:57:27 UTC] PHP Notice:  Undefined index: user in C:\Users\hurie\Desktop\BackupDinamic\App\Controllers\PrincipalController.php on line 32
[18-Aug-2018 17:57:27 UTC] PHP Notice:  Undefined index: port in C:\Users\hurie\Desktop\BackupDinamic\App\Controllers\PrincipalController.php on line 33
[18-Aug-2018 17:57:27 UTC] PHP Notice:  Undefined index: pass in C:\Users\hurie\Desktop\BackupDinamic\App\Controllers\PrincipalController.php on line 34
[18-Aug-2018 17:57:27 UTC] PHP Notice:  Undefined index: banco in C:\Users\hurie\Desktop\BackupDinamic\App\Controllers\PrincipalController.php on line 35
[18-Aug-2018 17:57:27 UTC] PHP Notice:  Undefined variable: backup in C:\Users\hurie\Desktop\BackupDinamic\App\Controllers\PrincipalController.php on line 43
[18-Aug-2018 17:57:27 UTC] PHP Notice:  Undefined index: caminhoMysql in C:\Users\hurie\Desktop\BackupDinamic\App\Controllers\PrincipalController.php on line 30
[18-Aug-2018 17:57:52 UTC] PHP Notice:  Undefined index: opcao in C:\Users\hurie\Desktop\BackupDinamic\App\Controllers\PrincipalController.php on line 28
[18-Aug-2018 17:57:52 UTC] PHP Notice:  Undefined index: caminhoBackup in C:\Users\hurie\Desktop\BackupDinamic\App\Controllers\PrincipalController.php on line 29
[18-Aug-2018 17:57:52 UTC] PHP Notice:  Undefined index: caminhoMysql in C:\Users\hurie\Desktop\BackupDinamic\App\Controllers\PrincipalController.php on line 30
[18-Aug-2018 17:57:52 UTC] PHP Notice:  Undefined index: host in C:\Users\hurie\Desktop\BackupDinamic\App\Controllers\PrincipalController.php on line 31
[18-Aug-2018 17:57:52 UTC] PHP Notice:  Undefined index: user in C:\Users\hurie\Desktop\BackupDinamic\App\Controllers\PrincipalController.php on line 32
[18-Aug-2018 17:57:52 UTC] PHP Notice:  Undefined index: port in C:\Users\hurie\Desktop\BackupDinamic\App\Controllers\PrincipalController.php on line 33
[18-Aug-2018 17:57:52 UTC] PHP Notice:  Undefined index: pass in C:\Users\hurie\Desktop\BackupDinamic\App\Controllers\PrincipalController.php on line 34
[18-Aug-2018 17:57:52 UTC] PHP Notice:  Undefined index: banco in C:\Users\hurie\Desktop\BackupDinamic\App\Controllers\PrincipalController.php on line 35
[18-Aug-2018 17:57:52 UTC] PHP Notice:  Undefined variable: backup in C:\Users\hurie\Desktop\BackupDinamic\App\Controllers\PrincipalController.php on line 43
[18-Aug-2018 17:57:52 UTC] PHP Notice:  Undefined index: caminhoMysql in C:\Users\hurie\Desktop\BackupDinamic\App\Controllers\PrincipalController.php on line 30
[18-Aug-2018 17:59:38 UTC] PHP Notice:  Undefined index: opcao in C:\Users\hurie\Desktop\BackupDinamic\App\Controllers\PrincipalController.php on line 28
[18-Aug-2018 17:59:38 UTC] PHP Notice:  Undefined index: caminhoBackup in C:\Users\hurie\Desktop\BackupDinamic\App\Controllers\PrincipalController.php on line 29
[18-Aug-2018 17:59:38 UTC] PHP Notice:  Undefined index: caminhoMysql in C:\Users\hurie\Desktop\BackupDinamic\App\Controllers\PrincipalController.php on line 30
[18-Aug-2018 17:59:38 UTC] PHP Notice:  Undefined index: host in C:\Users\hurie\Desktop\BackupDinamic\App\Controllers\PrincipalController.php on line 31
[18-Aug-2018 17:59:38 UTC] PHP Notice:  Undefined index: user in C:\Users\hurie\Desktop\BackupDinamic\App\Controllers\PrincipalController.php on line 32
[18-Aug-2018 17:59:38 UTC] PHP Notice:  Undefined index: port in C:\Users\hurie\Desktop\BackupDinamic\App\Controllers\PrincipalController.php on line 33
[18-Aug-2018 17:59:38 UTC] PHP Notice:  Undefined index: pass in C:\Users\hurie\Desktop\BackupDinamic\App\Controllers\PrincipalController.php on line 34
[18-Aug-2018 17:59:38 UTC] PHP Notice:  Undefined index: banco in C:\Users\hurie\Desktop\BackupDinamic\App\Controllers\PrincipalController.php on line 35
[18-Aug-2018 17:59:38 UTC] PHP Notice:  Undefined variable: backup in C:\Users\hurie\Desktop\BackupDinamic\App\Controllers\PrincipalController.php on line 43
[18-Aug-2018 17:59:38 UTC] PHP Notice:  Undefined index: caminhoMysql in C:\Users\hurie\Desktop\BackupDinamic\App\Controllers\PrincipalController.php on line 30
[18-Aug-2018 18:00:09 UTC] PHP Notice:  Undefined index: opcao in C:\Users\hurie\Desktop\BackupDinamic\App\Controllers\PrincipalController.php on line 28
[18-Aug-2018 18:00:09 UTC] PHP Notice:  Undefined index: caminhoBackup in C:\Users\hurie\Desktop\BackupDinamic\App\Controllers\PrincipalController.php on line 29
[18-Aug-2018 18:00:09 UTC] PHP Notice:  Undefined index: caminhoMysql in C:\Users\hurie\Desktop\BackupDinamic\App\Controllers\PrincipalController.php on line 30
[18-Aug-2018 18:00:09 UTC] PHP Notice:  Undefined index: host in C:\Users\hurie\Desktop\BackupDinamic\App\Controllers\PrincipalController.php on line 31
[18-Aug-2018 18:00:09 UTC] PHP Notice:  Undefined index: user in C:\Users\hurie\Desktop\BackupDinamic\App\Controllers\PrincipalController.php on line 32
[18-Aug-2018 18:00:09 UTC] PHP Notice:  Undefined index: port in C:\Users\hurie\Desktop\BackupDinamic\App\Controllers\PrincipalController.php on line 33
[18-Aug-2018 18:00:09 UTC] PHP Notice:  Undefined index: pass in C:\Users\hurie\Desktop\BackupDinamic\App\Controllers\PrincipalController.php on line 34
[18-Aug-2018 18:00:09 UTC] PHP Notice:  Undefined index: banco in C:\Users\hurie\Desktop\BackupDinamic\App\Controllers\PrincipalController.php on line 35
[18-Aug-2018 18:00:09 UTC] PHP Notice:  Undefined variable: backup in C:\Users\hurie\Desktop\BackupDinamic\App\Controllers\PrincipalController.php on line 43
[18-Aug-2018 18:00:09 UTC] PHP Notice:  Undefined index: caminhoMysql in C:\Users\hurie\Desktop\BackupDinamic\App\Controllers\PrincipalController.php on line 30
[18-Aug-2018 18:05:02 UTC] PHP Parse error:  syntax error, unexpected ')' in C:\Users\hurie\Desktop\BackupDinamic\App\Controllers\PrincipalController.php on line 66
[18-Aug-2018 18:23:23 UTC] PHP Notice:  Undefined index: opcao in C:\Users\hurie\Desktop\BackupDinamic\App\Controllers\PrincipalController.php on line 28
[18-Aug-2018 18:23:24 UTC] PHP Notice:  Undefined index: caminhoBackup in C:\Users\hurie\Desktop\BackupDinamic\App\Controllers\PrincipalController.php on line 29
[18-Aug-2018 18:23:24 UTC] PHP Notice:  Undefined index: caminhoMysql in C:\Users\hurie\Desktop\BackupDinamic\App\Controllers\PrincipalController.php on line 30
[18-Aug-2018 18:23:24 UTC] PHP Notice:  Undefined index: host in C:\Users\hurie\Desktop\BackupDinamic\App\Controllers\PrincipalController.php on line 31
[18-Aug-2018 18:23:24 UTC] PHP Notice:  Undefined index: user in C:\Users\hurie\Desktop\BackupDinamic\App\Controllers\PrincipalController.php on line 32
[18-Aug-2018 18:23:24 UTC] PHP Notice:  Undefined index: port in C:\Users\hurie\Desktop\BackupDinamic\App\Controllers\PrincipalController.php on line 33
[18-Aug-2018 18:23:24 UTC] PHP Notice:  Undefined index: pass in C:\Users\hurie\Desktop\BackupDinamic\App\Controllers\PrincipalController.php on line 34
[18-Aug-2018 18:23:24 UTC] PHP Notice:  Undefined index: banco in C:\Users\hurie\Desktop\BackupDinamic\App\Controllers\PrincipalController.php on line 35
[18-Aug-2018 18:23:24 UTC] PHP Notice:  Undefined variable: backup in C:\Users\hurie\Desktop\BackupDinamic\App\Controllers\PrincipalController.php on line 43
[18-Aug-2018 18:23:24 UTC] PHP Notice:  Undefined variable: backup in C:\Users\hurie\Desktop\BackupDinamic\App\Controllers\PrincipalController.php on line 46
[18-Aug-2018 18:23:24 UTC] PHP Notice:  Undefined index: caminhoMysql in C:\Users\hurie\Desktop\BackupDinamic\App\Controllers\PrincipalController.php on line 30
[18-Aug-2018 18:26:04 UTC] PHP Notice:  Undefined index: opcao in C:\Users\hurie\Desktop\BackupDinamic\App\Controllers\PrincipalController.php on line 28
[18-Aug-2018 18:26:04 UTC] PHP Notice:  Undefined index: caminhoBackup in C:\Users\hurie\Desktop\BackupDinamic\App\Controllers\PrincipalController.php on line 29
[18-Aug-2018 18:26:04 UTC] PHP Notice:  Undefined index: caminhoMysql in C:\Users\hurie\Desktop\BackupDinamic\App\Controllers\PrincipalController.php on line 30
[18-Aug-2018 18:26:04 UTC] PHP Notice:  Undefined index: host in C:\Users\hurie\Desktop\BackupDinamic\App\Controllers\PrincipalController.php on line 31
[18-Aug-2018 18:26:04 UTC] PHP Notice:  Undefined index: user in C:\Users\hurie\Desktop\BackupDinamic\App\Controllers\PrincipalController.php on line 32
[18-Aug-2018 18:26:04 UTC] PHP Notice:  Undefined index: port in C:\Users\hurie\Desktop\BackupDinamic\App\Controllers\PrincipalController.php on line 33
[18-Aug-2018 18:26:04 UTC] PHP Notice:  Undefined index: pass in C:\Users\hurie\Desktop\BackupDinamic\App\Controllers\PrincipalController.php on line 34
[18-Aug-2018 18:26:04 UTC] PHP Notice:  Undefined index: banco in C:\Users\hurie\Desktop\BackupDinamic\App\Controllers\PrincipalController.php on line 35
[18-Aug-2018 18:26:04 UTC] PHP Notice:  Undefined variable: backup in C:\Users\hurie\Desktop\BackupDinamic\App\Controllers\PrincipalController.php on line 43
[18-Aug-2018 18:26:04 UTC] PHP Notice:  Undefined variable: backup in C:\Users\hurie\Desktop\BackupDinamic\App\Controllers\PrincipalController.php on line 46
[18-Aug-2018 18:26:04 UTC] PHP Fatal error:  Uncaught ArgumentCountError: Too few arguments to function App\Models\PrincipalModel::RestauraBackup(), 7 passed in C:\Users\hurie\Desktop\BackupDinamic\App\Controllers\PrincipalController.php on line 69 and exactly 8 expected in C:\Users\hurie\Desktop\BackupDinamic\App\Models\PrincipalModel.php:65
Stack trace:
#0 C:\Users\hurie\Desktop\BackupDinamic\App\Controllers\PrincipalController.php(69): App\Models\PrincipalModel->RestauraBackup('C:/testeBackup', 'C:/Mysql5/bin', 'localhost', 'root', '3307', '299610', 'mvc')
#1 C:\Users\hurie\Desktop\BackupDinamic\vendor\Base\Init\Bootstrap.php(24): App\Controllers\PrincipalController->RestauraBackup()
#2 [internal function]: Base\Init\Bootstrap->Base\Init\{closure}(Array, 'restaurabackup')
#3 C:\Users\hurie\Desktop\BackupDinamic\vendor\Base\Init\Bootstrap.php(26): array_walk(Array, Object(Closure))
#4 C:\Users\hurie\Desktop\BackupDinamic\vendor\Base\Init\Bootstrap.php(12): Base\Init\Bootstrap->run('/restaurabackup')
#5 C:\Users\hurie\Desktop\BackupDinamic\public\index in C:\Users\hurie\Desktop\BackupDinamic\App\Models\PrincipalModel.php on line 65
[18-Aug-2018 18:27:31 UTC] PHP Notice:  Undefined index: opcao in C:\Users\hurie\Desktop\BackupDinamic\App\Controllers\PrincipalController.php on line 28
[18-Aug-2018 18:27:32 UTC] PHP Notice:  Undefined index: caminhoBackup in C:\Users\hurie\Desktop\BackupDinamic\App\Controllers\PrincipalController.php on line 29
[18-Aug-2018 18:27:32 UTC] PHP Notice:  Undefined index: caminhoMysql in C:\Users\hurie\Desktop\BackupDinamic\App\Controllers\PrincipalController.php on line 30
[18-Aug-2018 18:27:32 UTC] PHP Notice:  Undefined index: host in C:\Users\hurie\Desktop\BackupDinamic\App\Controllers\PrincipalController.php on line 31
[18-Aug-2018 18:27:32 UTC] PHP Notice:  Undefined index: user in C:\Users\hurie\Desktop\BackupDinamic\App\Controllers\PrincipalController.php on line 32
[18-Aug-2018 18:27:32 UTC] PHP Notice:  Undefined index: port in C:\Users\hurie\Desktop\BackupDinamic\App\Controllers\PrincipalController.php on line 33
[18-Aug-2018 18:27:32 UTC] PHP Notice:  Undefined index: pass in C:\Users\hurie\Desktop\BackupDinamic\App\Controllers\PrincipalController.php on line 34
[18-Aug-2018 18:27:32 UTC] PHP Notice:  Undefined index: banco in C:\Users\hurie\Desktop\BackupDinamic\App\Controllers\PrincipalController.php on line 35
[18-Aug-2018 18:27:32 UTC] PHP Notice:  Undefined variable: backup in C:\Users\hurie\Desktop\BackupDinamic\App\Controllers\PrincipalController.php on line 43
[18-Aug-2018 18:27:32 UTC] PHP Notice:  Undefined variable: backup in C:\Users\hurie\Desktop\BackupDinamic\App\Controllers\PrincipalController.php on line 46
[18-Aug-2018 18:27:32 UTC] PHP Fatal error:  Uncaught ArgumentCountError: Too few arguments to function App\Models\PrincipalModel::RestauraBackup(), 7 passed in C:\Users\hurie\Desktop\BackupDinamic\App\Controllers\PrincipalController.php on line 69 and exactly 8 expected in C:\Users\hurie\Desktop\BackupDinamic\App\Models\PrincipalModel.php:65
Stack trace:
#0 C:\Users\hurie\Desktop\BackupDinamic\App\Controllers\PrincipalController.php(69): App\Models\PrincipalModel->RestauraBackup('C:/testeBackup', 'C:/Mysql5/bin', 'localhost', 'root', '3307', '299610', 'mvc')
#1 C:\Users\hurie\Desktop\BackupDinamic\vendor\Base\Init\Bootstrap.php(24): App\Controllers\PrincipalController->RestauraBackup()
#2 [internal function]: Base\Init\Bootstrap->Base\Init\{closure}(Array, 'restaurabackup')
#3 C:\Users\hurie\Desktop\BackupDinamic\vendor\Base\Init\Bootstrap.php(26): array_walk(Array, Object(Closure))
#4 C:\Users\hurie\Desktop\BackupDinamic\vendor\Base\Init\Bootstrap.php(12): Base\Init\Bootstrap->run('/restaurabackup')
#5 C:\Users\hurie\Desktop\BackupDinamic\public\index in C:\Users\hurie\Desktop\BackupDinamic\App\Models\PrincipalModel.php on line 65
[18-Aug-2018 22:17:03 UTC] PHP Fatal error:  Uncaught ArgumentCountError: Too few arguments to function App\Models\PrincipalModel::RestauraBackup(), 7 passed in C:\Users\hurie\Desktop\BackupDinamic\App\Controllers\PrincipalController.php on line 69 and exactly 8 expected in C:\Users\hurie\Desktop\BackupDinamic\App\Models\PrincipalModel.php:65
Stack trace:
#0 C:\Users\hurie\Desktop\BackupDinamic\App\Controllers\PrincipalController.php(69): App\Models\PrincipalModel->RestauraBackup('C:/testeBackup', 'C:/Mysql5/bin', 'localhost', 'root', '3307', '299610', 'mvc')
#1 C:\Users\hurie\Desktop\BackupDinamic\vendor\Base\Init\Bootstrap.php(24): App\Controllers\PrincipalController->RestauraBackup()
#2 [internal function]: Base\Init\Bootstrap->Base\Init\{closure}(Array, 'restaurabackup')
#3 C:\Users\hurie\Desktop\BackupDinamic\vendor\Base\Init\Bootstrap.php(26): array_walk(Array, Object(Closure))
#4 C:\Users\hurie\Desktop\BackupDinamic\vendor\Base\Init\Bootstrap.php(12): Base\Init\Bootstrap->run('/restaurabackup')
#5 C:\Users\hurie\Desktop\BackupDinamic\public\index in C:\Users\hurie\Desktop\BackupDinamic\App\Models\PrincipalModel.php on line 65
[18-Aug-2018 22:18:05 UTC] PHP Notice:  Undefined index: $nomeArquivo in C:\Users\hurie\Desktop\BackupDinamic\App\Controllers\PrincipalController.php on line 68
[18-Aug-2018 22:18:34 UTC] PHP Notice:  Undefined index: $nomeArquivo in C:\Users\hurie\Desktop\BackupDinamic\App\Controllers\PrincipalController.php on line 68
[18-Aug-2018 22:23:43 UTC] PHP Notice:  Undefined variable: resultado in C:\Users\hurie\Desktop\BackupDinamic\App\Models\PrincipalModel.php on line 43
[18-Aug-2018 22:24:20 UTC] PHP Parse error:  syntax error, unexpected ')', expecting variable (T_VARIABLE) in C:\Users\hurie\Desktop\BackupDinamic\App\Models\PrincipalModel.php on line 65
[18-Aug-2018 22:25:43 UTC] PHP Parse error:  syntax error, unexpected ')', expecting variable (T_VARIABLE) in C:\Users\hurie\Desktop\BackupDinamic\App\Models\PrincipalModel.php on line 65
[18-Aug-2018 22:25:55 UTC] PHP Parse error:  syntax error, unexpected ')', expecting variable (T_VARIABLE) in C:\Users\hurie\Desktop\BackupDinamic\App\Models\PrincipalModel.php on line 65
[18-Aug-2018 22:26:12 UTC] PHP Parse error:  syntax error, unexpected ')', expecting variable (T_VARIABLE) in C:\Users\hurie\Desktop\BackupDinamic\App\Models\PrincipalModel.php on line 65
[18-Aug-2018 22:28:05 UTC] PHP Parse error:  syntax error, unexpected '}' in C:\Users\hurie\Desktop\BackupDinamic\App\Models\PrincipalModel.php on line 69
[18-Aug-2018 22:59:31 UTC] PHP Notice:  Undefined index: opcao in C:\Users\hurie\Desktop\BackupDinamic\App\Controllers\PrincipalController.php on line 28
[18-Aug-2018 22:59:31 UTC] PHP Notice:  Undefined index: caminhoBackup in C:\Users\hurie\Desktop\BackupDinamic\App\Controllers\PrincipalController.php on line 29
[18-Aug-2018 22:59:31 UTC] PHP Notice:  Undefined index: caminhoMysql in C:\Users\hurie\Desktop\BackupDinamic\App\Controllers\PrincipalController.php on line 30
[18-Aug-2018 22:59:31 UTC] PHP Notice:  Undefined index: host in C:\Users\hurie\Desktop\BackupDinamic\App\Controllers\PrincipalController.php on line 31
[18-Aug-2018 22:59:31 UTC] PHP Notice:  Undefined index: user in C:\Users\hurie\Desktop\BackupDinamic\App\Controllers\PrincipalController.php on line 32
[18-Aug-2018 22:59:31 UTC] PHP Notice:  Undefined index: port in C:\Users\hurie\Desktop\BackupDinamic\App\Controllers\PrincipalController.php on line 33
[18-Aug-2018 22:59:31 UTC] PHP Notice:  Undefined index: pass in C:\Users\hurie\Desktop\BackupDinamic\App\Controllers\PrincipalController.php on line 34
[18-Aug-2018 22:59:31 UTC] PHP Notice:  Undefined index: banco in C:\Users\hurie\Desktop\BackupDinamic\App\Controllers\PrincipalController.php on line 35
[18-Aug-2018 22:59:31 UTC] PHP Notice:  Undefined variable: backup in C:\Users\hurie\Desktop\BackupDinamic\App\Controllers\PrincipalController.php on line 43
[18-Aug-2018 22:59:31 UTC] PHP Notice:  Undefined variable: backup in C:\Users\hurie\Desktop\BackupDinamic\App\Controllers\PrincipalController.php on line 46
[18-Aug-2018 22:59:31 UTC] PHP Notice:  Undefined index: caminhoMysql in C:\Users\hurie\Desktop\BackupDinamic\App\Controllers\PrincipalController.php on line 30
[18-Aug-2018 22:59:31 UTC] PHP Notice:  Undefined index: Create Trigger in C:\Users\hurie\Desktop\BackupDinamic\App\Models\PrincipalModel.php on line 35
[18-Aug-2018 23:01:30 UTC] PHP Notice:  Undefined index: opcao in C:\Users\hurie\Desktop\BackupDinamic\App\Controllers\PrincipalController.php on line 28
[18-Aug-2018 23:01:30 UTC] PHP Notice:  Undefined index: caminhoBackup in C:\Users\hurie\Desktop\BackupDinamic\App\Controllers\PrincipalController.php on line 29
[18-Aug-2018 23:01:30 UTC] PHP Notice:  Undefined index: caminhoMysql in C:\Users\hurie\Desktop\BackupDinamic\App\Controllers\PrincipalController.php on line 30
[18-Aug-2018 23:01:30 UTC] PHP Notice:  Undefined index: host in C:\Users\hurie\Desktop\BackupDinamic\App\Controllers\PrincipalController.php on line 31
[18-Aug-2018 23:01:30 UTC] PHP Notice:  Undefined index: user in C:\Users\hurie\Desktop\BackupDinamic\App\Controllers\PrincipalController.php on line 32
[18-Aug-2018 23:01:30 UTC] PHP Notice:  Undefined index: port in C:\Users\hurie\Desktop\BackupDinamic\App\Controllers\PrincipalController.php on line 33
[18-Aug-2018 23:01:30 UTC] PHP Notice:  Undefined index: pass in C:\Users\hurie\Desktop\BackupDinamic\App\Controllers\PrincipalController.php on line 34
[18-Aug-2018 23:01:30 UTC] PHP Notice:  Undefined index: banco in C:\Users\hurie\Desktop\BackupDinamic\App\Controllers\PrincipalController.php on line 35
[18-Aug-2018 23:01:30 UTC] PHP Notice:  Undefined variable: backup in C:\Users\hurie\Desktop\BackupDinamic\App\Controllers\PrincipalController.php on line 43
[18-Aug-2018 23:01:30 UTC] PHP Notice:  Undefined variable: backup in C:\Users\hurie\Desktop\BackupDinamic\App\Controllers\PrincipalController.php on line 46
[18-Aug-2018 23:01:30 UTC] PHP Notice:  Undefined index: caminhoMysql in C:\Users\hurie\Desktop\BackupDinamic\App\Controllers\PrincipalController.php on line 30
[18-Aug-2018 23:01:30 UTC] PHP Notice:  Undefined index: Create Trigger in C:\Users\hurie\Desktop\BackupDinamic\App\Models\PrincipalModel.php on line 35
[18-Aug-2018 23:13:58 UTC] PHP Notice:  Undefined index: opcao in C:\Users\hurie\Desktop\BackupDinamic\App\Controllers\PrincipalController.php on line 28
[18-Aug-2018 23:13:58 UTC] PHP Notice:  Undefined index: caminhoBackup in C:\Users\hurie\Desktop\BackupDinamic\App\Controllers\PrincipalController.php on line 29
[18-Aug-2018 23:13:58 UTC] PHP Notice:  Undefined index: caminhoMysql in C:\Users\hurie\Desktop\BackupDinamic\App\Controllers\PrincipalController.php on line 30
[18-Aug-2018 23:13:58 UTC] PHP Notice:  Undefined index: host in C:\Users\hurie\Desktop\BackupDinamic\App\Controllers\PrincipalController.php on line 31
[18-Aug-2018 23:13:58 UTC] PHP Notice:  Undefined index: user in C:\Users\hurie\Desktop\BackupDinamic\App\Controllers\PrincipalController.php on line 32
[18-Aug-2018 23:13:58 UTC] PHP Notice:  Undefined index: port in C:\Users\hurie\Desktop\BackupDinamic\App\Controllers\PrincipalController.php on line 33
[18-Aug-2018 23:13:58 UTC] PHP Notice:  Undefined index: pass in C:\Users\hurie\Desktop\BackupDinamic\App\Controllers\PrincipalController.php on line 34
[18-Aug-2018 23:13:58 UTC] PHP Notice:  Undefined index: banco in C:\Users\hurie\Desktop\BackupDinamic\App\Controllers\PrincipalController.php on line 35
[18-Aug-2018 23:13:58 UTC] PHP Notice:  Undefined variable: backup in C:\Users\hurie\Desktop\BackupDinamic\App\Controllers\PrincipalController.php on line 43
[18-Aug-2018 23:13:58 UTC] PHP Notice:  Undefined variable: backup in C:\Users\hurie\Desktop\BackupDinamic\App\Controllers\PrincipalController.php on line 46
[18-Aug-2018 23:13:58 UTC] PHP Notice:  Undefined index: caminhoMysql in C:\Users\hurie\Desktop\BackupDinamic\App\Controllers\PrincipalController.php on line 30
[18-Aug-2018 23:13:58 UTC] PHP Notice:  Undefined index: Create Trigger in C:\Users\hurie\Desktop\BackupDinamic\App\Models\PrincipalModel.php on line 35
[18-Aug-2018 23:15:56 UTC] PHP Notice:  Undefined index: Create Trigger in C:\Users\hurie\Desktop\BackupDinamic\App\Models\PrincipalModel.php on line 35
[18-Aug-2018 23:30:42 UTC] PHP Notice:  Undefined index: Create Trigger in C:\Users\hurie\Desktop\BackupDinamic\App\Models\PrincipalModel.php on line 35
[18-Aug-2018 23:52:19 UTC] PHP Notice:  Undefined variable: resultado in C:\Users\hurie\Desktop\BackupDinamic\App\Models\PrincipalModel.php on line 64
[18-Aug-2018 23:52:48 UTC] PHP Notice:  Undefined variable: resultado in C:\Users\hurie\Desktop\BackupDinamic\App\Models\PrincipalModel.php on line 64
[19-Aug-2018 00:37:43 UTC] PHP Fatal error:  Uncaught PDOException: SQLSTATE[HY000] [1049] Unknown database 'biblioteca' in C:\Users\hurie\Desktop\BackupDinamic\App\Models\PrincipalModel.php:20
Stack trace:
#0 C:\Users\hurie\Desktop\BackupDinamic\App\Models\PrincipalModel.php(20): PDO->__construct('mysql:host=loca...', 'root', '299610')
#1 C:\Users\hurie\Desktop\BackupDinamic\App\Controllers\PrincipalController.php(38): App\Models\PrincipalModel->executaTradicional('C:/testeBackup', 'localhost', 'root', '3307', '299610', 'biblioteca')
#2 C:\Users\hurie\Desktop\BackupDinamic\vendor\Base\Init\Bootstrap.php(24): App\Controllers\PrincipalController->executa()
#3 [internal function]: Base\Init\Bootstrap->Base\Init\{closure}(Array, 'executa')
#4 C:\Users\hurie\Desktop\BackupDinamic\vendor\Base\Init\Bootstrap.php(26): array_walk(Array, Object(Closure))
#5 C:\Users\hurie\Desktop\BackupDinamic\vendor\Base\Init\Bootstrap.php(12): Base\Init\Bootstrap->run('/executa')
#6 C:\Users\hurie\Desktop\BackupDinamic\public\index.php(7): Base\Init\Bootstrap->__construct()
#7 in C:\Users\hurie\Desktop\BackupDinamic\App\Models\PrincipalModel.php on line 20
[19-Aug-2018 13:17:08 UTC] PHP Parse error:  syntax error, unexpected 'public' (T_PUBLIC) in C:\Users\hurie\Desktop\backupAutomatico\Banco.php on line 18
[19-Aug-2018 13:26:22 UTC] PHP Parse error:  syntax error, unexpected '}' in C:\Users\hurie\Desktop\backupAutomatico\Banco.php on line 29
[19-Aug-2018 13:28:40 UTC] PHP Fatal error:  Multiple access type modifiers are not allowed in C:\Users\hurie\Desktop\backupAutomatico\Banco.php on line 28
[19-Aug-2018 13:31:35 UTC] PHP Warning:  The use statement with non-compound name 'PDO' has no effect in C:\Users\hurie\Desktop\backupAutomatico\Banco.php on line 5
[19-Aug-2018 13:33:34 UTC] PHP Warning:  The use statement with non-compound name 'PDO' has no effect in C:\Users\hurie\Desktop\backupAutomatico\Banco.php on line 5
[19-Aug-2018 13:33:50 UTC] PHP Warning:  The use statement with non-compound name 'PDO' has no effect in C:\Users\hurie\Desktop\backupAutomatico\Banco.php on line 5
[19-Aug-2018 13:34:41 UTC] PHP Warning:  The use statement with non-compound name 'PDO' has no effect in C:\Users\hurie\Desktop\backupAutomatico\classes\Banco.php on line 5
[19-Aug-2018 13:58:24 UTC] PHP Warning:  The use statement with non-compound name 'PDO' has no effect in C:\Users\hurie\Desktop\backupAutomatico\classes\Banco.php on line 5
[19-Aug-2018 13:59:41 UTC] PHP Warning:  The use statement with non-compound name 'PDO' has no effect in C:\Users\hurie\Desktop\backupAutomatico\classes\Banco.php on line 5
[19-Aug-2018 14:04:31 UTC] PHP Warning:  The use statement with non-compound name 'PDO' has no effect in C:\Users\hurie\Desktop\backupAutomatico\classes\Banco.php on line 5
[19-Aug-2018 14:05:50 UTC] PHP Warning:  The use statement with non-compound name 'PDO' has no effect in C:\Users\hurie\Desktop\backupAutomatico\classes\Banco.php on line 5
[19-Aug-2018 14:05:50 UTC] PHP Fatal error:  Uncaught Error: Access to undeclared static property: Banco::$BinMySQL in C:\Users\hurie\Desktop\backupAutomatico\classes\Banco.php:34
Stack trace:
#0 C:\Users\hurie\Desktop\backupAutomatico\classes\Banco.php(56): Banco->getBinMySQL()
#1 C:\Users\hurie\Desktop\backupAutomatico\index.php(10): Banco->Backup()
#2 {main}
  thrown in C:\Users\hurie\Desktop\backupAutomatico\classes\Banco.php on line 34
[19-Aug-2018 14:06:50 UTC] PHP Warning:  The use statement with non-compound name 'PDO' has no effect in C:\Users\hurie\Desktop\backupAutomatico\classes\Banco.php on line 5
[19-Aug-2018 14:07:05 UTC] PHP Fatal error:  Uncaught Error: Access to undeclared static property: Banco::$BinMySQL in C:\Users\hurie\Desktop\backupAutomatico\classes\Banco.php:34
Stack trace:
#0 C:\Users\hurie\Desktop\backupAutomatico\classes\Banco.php(58): Banco->getBinMySQL()
#1 C:\Users\hurie\Desktop\backupAutomatico\index.php(10): Banco->Backup()
#2 {main}
  thrown in C:\Users\hurie\Desktop\backupAutomatico\classes\Banco.php on line 34
[19-Aug-2018 14:07:24 UTC] PHP Fatal error:  Uncaught Error: Access to undeclared static property: Banco::$Destino in C:\Users\hurie\Desktop\backupAutomatico\classes\Banco.php:35
Stack trace:
#0 C:\Users\hurie\Desktop\backupAutomatico\classes\Banco.php(58): Banco->getDestino()
#1 C:\Users\hurie\Desktop\backupAutomatico\index.php(10): Banco->Backup()
#2 {main}
  thrown in C:\Users\hurie\Desktop\backupAutomatico\classes\Banco.php on line 35
[19-Aug-2018 14:07:41 UTC] PHP Fatal error:  Uncaught Error: Call to undefined method Banco::desconectar() in C:\Users\hurie\Desktop\backupAutomatico\classes\Banco.php:11
Stack trace:
#0 [internal function]: Banco->__destruct()
#1 {main}
  thrown in C:\Users\hurie\Desktop\backupAutomatico\classes\Banco.php on line 11
[20-Aug-2018 00:01:12 UTC] PHP Notice:  Undefined property: Banco::$backup in C:\Users\hurie\Desktop\backupAutomatico\classes\Banco.php on line 30
[20-Aug-2018 00:01:54 UTC] PHP Notice:  Undefined property: Banco::$backup in C:\Users\hurie\Desktop\backupAutomatico\classes\Banco.php on line 30
[20-Aug-2018 00:02:11 UTC] PHP Notice:  Undefined property: Banco::$backup in C:\Users\hurie\Desktop\backupAutomatico\classes\Banco.php on line 31
[20-Aug-2018 00:02:11 UTC] PHP Warning:  rmdir(): Invalid argument in C:\Users\hurie\Desktop\backupAutomatico\classes\Banco.php on line 31
[20-Aug-2018 00:02:41 UTC] PHP Notice:  Undefined property: Banco::$getDB in C:\Users\hurie\Desktop\backupAutomatico\classes\Banco.php on line 31
[20-Aug-2018 00:02:41 UTC] PHP Warning:  rmdir(.sql): No such file or directory in C:\Users\hurie\Desktop\backupAutomatico\classes\Banco.php on line 31
[20-Aug-2018 00:06:12 UTC] PHP Parse error:  syntax error, unexpected ')' in C:\Users\hurie\Desktop\backupAutomatico\classes\Banco.php on line 34
[20-Aug-2018 00:31:00 UTC] PHP Fatal error:  Uncaught Error: Class 'ZipArquive' not found in C:\Users\hurie\Desktop\backupAutomatico\classes\Banco.php:34
Stack trace:
#0 C:\Users\hurie\Desktop\backupAutomatico\index.php(10): Banco->Backup()
#1 {main}
  thrown in C:\Users\hurie\Desktop\backupAutomatico\classes\Banco.php on line 34
[20-Aug-2018 00:37:33 UTC] PHP Fatal error:  Uncaught Error: Class 'Zip' not found in C:\Users\hurie\Desktop\backupAutomatico\classes\Banco.php:34
Stack trace:
#0 C:\Users\hurie\Desktop\backupAutomatico\index.php(10): Banco->Backup()
#1 {main}
  thrown in C:\Users\hurie\Desktop\backupAutomatico\classes\Banco.php on line 34
[20-Aug-2018 00:38:06 UTC] PHP Notice:  Undefined property: Banco::$getDB in C:\Users\hurie\Desktop\backupAutomatico\classes\Banco.php on line 40
[20-Aug-2018 00:38:06 UTC] PHP Notice:  Undefined property: Banco::$getDB in C:\Users\hurie\Desktop\backupAutomatico\classes\Banco.php on line 40
[20-Aug-2018 00:38:51 UTC] PHP Notice:  Undefined property: Banco::$getDB in C:\Users\hurie\Desktop\backupAutomatico\classes\Banco.php on line 40
[20-Aug-2018 00:38:51 UTC] PHP Notice:  Undefined property: Banco::$getDB in C:\Users\hurie\Desktop\backupAutomatico\classes\Banco.php on line 40
[20-Aug-2018 01:18:03 UTC] PHP Parse error:  syntax error, unexpected 'z' (T_STRING) in C:\Users\hurie\Desktop\backupAutomatico\classes\Banco.php on line 37
[20-Aug-2018 01:18:15 UTC] PHP Parse error:  syntax error, unexpected 'z' (T_STRING) in C:\Users\hurie\Desktop\backupAutomatico\classes\Banco.php on line 37
[20-Aug-2018 01:18:18 UTC] PHP Parse error:  syntax error, unexpected 'z' (T_STRING) in C:\Users\hurie\Desktop\backupAutomatico\classes\Banco.php on line 37
[20-Aug-2018 01:18:59 UTC] PHP Notice:  Undefined property: Banco::$getDestino in C:\Users\hurie\Desktop\backupAutomatico\classes\Banco.php on line 37
[20-Aug-2018 01:18:59 UTC] PHP Notice:  Undefined property: Banco::$getDB in C:\Users\hurie\Desktop\backupAutomatico\classes\Banco.php on line 37
[20-Aug-2018 01:19:00 UTC] PHP Notice:  Undefined property: Banco::$Destino in C:\Users\hurie\Desktop\backupAutomatico\classes\Banco.php on line 37
[20-Aug-2018 01:20:29 UTC] PHP Notice:  Undefined property: Banco::$getDestino in C:\Users\hurie\Desktop\backupAutomatico\classes\Banco.php on line 37
[20-Aug-2018 01:20:29 UTC] PHP Notice:  Undefined property: Banco::$getDB in C:\Users\hurie\Desktop\backupAutomatico\classes\Banco.php on line 37
[20-Aug-2018 01:20:29 UTC] PHP Notice:  Undefined property: Banco::$Destino in C:\Users\hurie\Desktop\backupAutomatico\classes\Banco.php on line 37
[20-Aug-2018 01:21:12 UTC] PHP Notice:  Undefined property: Banco::$getDestino in C:\Users\hurie\Desktop\backupAutomatico\classes\Banco.php on line 38
[20-Aug-2018 01:21:12 UTC] PHP Notice:  Undefined property: Banco::$getDB in C:\Users\hurie\Desktop\backupAutomatico\classes\Banco.php on line 38
[20-Aug-2018 01:21:12 UTC] PHP Notice:  Undefined property: Banco::$Destino in C:\Users\hurie\Desktop\backupAutomatico\classes\Banco.php on line 38
